Performing C SOURCE FILE Test CMAKE_HAVE_LIBC_PTHREAD failed with the following output:
Change Dir: /xdisk/chanc/home/ram/athenak/gpu/build-gpu/CMakeFiles/CMakeTmp

Run Build Command(s):/usr/bin/gmake cmTC_149ac/fast && /usr/bin/gmake  -f CMakeFiles/cmTC_149ac.dir/build.make CMakeFiles/cmTC_149ac.dir/build
gmake[1]: Entering directory `/xdisk/chanc/home/ram/athenak/gpu/build-gpu/CMakeFiles/CMakeTmp'
Building C object CMakeFiles/cmTC_149ac.dir/src.c.o
/opt/ohpc/pub/compiler/gcc/8.3.0/bin/gcc   -DCMAKE_HAVE_LIBC_PTHREAD   -o CMakeFiles/cmTC_149ac.dir/src.c.o   -c /xdisk/chanc/home/ram/athenak/gpu/build-gpu/CMakeFiles/CMakeTmp/src.c
Linking C executable cmTC_149ac
/usr/bin/cmake3 -E cmake_link_script CMakeFiles/cmTC_149ac.dir/link.txt --verbose=1
/opt/ohpc/pub/compiler/gcc/8.3.0/bin/gcc  -DCMAKE_HAVE_LIBC_PTHREAD    CMakeFiles/cmTC_149ac.dir/src.c.o  -o cmTC_149ac 
CMakeFiles/cmTC_149ac.dir/src.c.o: In function `main':
src.c:(.text+0x2d): undefined reference to `pthread_create'
src.c:(.text+0x39): undefined reference to `pthread_detach'
src.c:(.text+0x45): undefined reference to `pthread_cancel'
src.c:(.text+0x56): undefined reference to `pthread_join'
src.c:(.text+0x6a): undefined reference to `pthread_atfork'
collect2: error: ld returned 1 exit status
gmake[1]: *** [cmTC_149ac] Error 1
gmake[1]: Leaving directory `/xdisk/chanc/home/ram/athenak/gpu/build-gpu/CMakeFiles/CMakeTmp'
gmake: *** [cmTC_149ac/fast] Error 2


Source file was:
#include <pthread.h>

void* test_func(void* data)
{
  return data;
}

int main(void)
{
  pthread_t thread;
  pthread_create(&thread, NULL, test_func, NULL);
  pthread_detach(thread);
  pthread_cancel(thread);
  pthread_join(thread, NULL);
  pthread_atfork(NULL, NULL, NULL);
  pthread_exit(NULL);

  return 0;
}

Determining if the function pthread_create exists in the pthreads failed with the following output:
Change Dir: /xdisk/chanc/home/ram/athenak/gpu/build-gpu/CMakeFiles/CMakeTmp

Run Build Command(s):/usr/bin/gmake cmTC_136a5/fast && /usr/bin/gmake  -f CMakeFiles/cmTC_136a5.dir/build.make CMakeFiles/cmTC_136a5.dir/build
gmake[1]: Entering directory `/xdisk/chanc/home/ram/athenak/gpu/build-gpu/CMakeFiles/CMakeTmp'
Building C object CMakeFiles/cmTC_136a5.dir/CheckFunctionExists.c.o
/opt/ohpc/pub/compiler/gcc/8.3.0/bin/gcc   -DCHECK_FUNCTION_EXISTS=pthread_create   -o CMakeFiles/cmTC_136a5.dir/CheckFunctionExists.c.o   -c /usr/share/cmake3/Modules/CheckFunctionExists.c
Linking C executable cmTC_136a5
/usr/bin/cmake3 -E cmake_link_script CMakeFiles/cmTC_136a5.dir/link.txt --verbose=1
/opt/ohpc/pub/compiler/gcc/8.3.0/bin/gcc  -DCHECK_FUNCTION_EXISTS=pthread_create    CMakeFiles/cmTC_136a5.dir/CheckFunctionExists.c.o  -o cmTC_136a5  -lpthreads 
/usr/bin/ld: cannot find -lpthreads
collect2: error: ld returned 1 exit status
gmake[1]: *** [cmTC_136a5] Error 1
gmake[1]: Leaving directory `/xdisk/chanc/home/ram/athenak/gpu/build-gpu/CMakeFiles/CMakeTmp'
gmake: *** [cmTC_136a5/fast] Error 2



