The system is: Linux - 3.10.0-1160.119.1.el7.x86_64 - x86_64
Compiling the C compiler identification source file "CMakeCCompilerId.c" succeeded.
Compiler: /opt/ohpc/pub/apps/cuda/11.8/Linux_x86_64/22.11/compilers/bin/nvc 
Build flags: 
Id flags:  

The output was:
0


Compilation of the C compiler identification source "CMakeCCompilerId.c" produced "a.out"

The C compiler identification is PGI, found in "/xdisk/chanc/home/ram/athenak/gpu/build-gpu-shock/CMakeFiles/3.17.5/CompilerIdC/a.out"

Compiling the CXX compiler identification source file "CMakeCXXCompilerId.cpp" succeeded.
Compiler: /xdisk/chanc/home/ram/athenak/kokkos/bin/nvcc_wrapper 
Build flags: 
Id flags:  

The output was:
0


Compilation of the CXX compiler identification source "CMakeCXXCompilerId.cpp" produced "a.out"

The CXX compiler identification is GNU, found in "/xdisk/chanc/home/ram/athenak/gpu/build-gpu-shock/CMakeFiles/3.17.5/CompilerIdCXX/a.out"

Determining if the C compiler works passed with the following output:
Change Dir: /xdisk/chanc/home/ram/athenak/gpu/build-gpu-shock/CMakeFiles/CMakeTmp

Run Build Command(s):/usr/bin/gmake cmTC_bcc1f/fast && /usr/bin/gmake  -f CMakeFiles/cmTC_bcc1f.dir/build.make CMakeFiles/cmTC_bcc1f.dir/build
gmake[1]: Entering directory `/xdisk/chanc/home/ram/athenak/gpu/build-gpu-shock/CMakeFiles/CMakeTmp'
Building C object CMakeFiles/cmTC_bcc1f.dir/testCCompiler.c.o
/opt/ohpc/pub/apps/cuda/11.8/Linux_x86_64/22.11/compilers/bin/nvc    -o CMakeFiles/cmTC_bcc1f.dir/testCCompiler.c.o   -c /xdisk/chanc/home/ram/athenak/gpu/build-gpu-shock/CMakeFiles/CMakeTmp/testCCompiler.c
Linking C executable cmTC_bcc1f
/usr/bin/cmake3 -E cmake_link_script CMakeFiles/cmTC_bcc1f.dir/link.txt --verbose=1
/opt/ohpc/pub/apps/cuda/11.8/Linux_x86_64/22.11/compilers/bin/nvc      CMakeFiles/cmTC_bcc1f.dir/testCCompiler.c.o  -o cmTC_bcc1f 
gmake[1]: Leaving directory `/xdisk/chanc/home/ram/athenak/gpu/build-gpu-shock/CMakeFiles/CMakeTmp'



Detecting C compiler ABI info compiled with the following output:
Change Dir: /xdisk/chanc/home/ram/athenak/gpu/build-gpu-shock/CMakeFiles/CMakeTmp

Run Build Command(s):/usr/bin/gmake cmTC_b8a48/fast && /usr/bin/gmake  -f CMakeFiles/cmTC_b8a48.dir/build.make CMakeFiles/cmTC_b8a48.dir/build
gmake[1]: Entering directory `/xdisk/chanc/home/ram/athenak/gpu/build-gpu-shock/CMakeFiles/CMakeTmp'
Building C object CMakeFiles/cmTC_b8a48.dir/CMakeCCompilerABI.c.o
/opt/ohpc/pub/apps/cuda/11.8/Linux_x86_64/22.11/compilers/bin/nvc   -v -o CMakeFiles/cmTC_b8a48.dir/CMakeCCompilerABI.c.o   -c /usr/share/cmake3/Modules/CMakeCCompilerABI.c
Export NVCOMPILER=/opt/ohpc/pub/apps/cuda/11.8/Linux_x86_64/22.11
Export PGI=/opt/ohpc/pub/apps/cuda/11.8

/opt/ohpc/pub/apps/cuda/11.8/Linux_x86_64/22.11/compilers/bin/tools/cpp1 --llalign -Dunix -D__unix -D__unix__ -Dlinux -D__linux -D__linux__ -D__NO_MATH_INLINES -D__LP64__ -D__x86_64 -D__x86_64__ -D__LONG_MAX__=9223372036854775807L '-D__SIZE_TYPE__=unsigned long int' '-D__PTRDIFF_TYPE__=long int' -D__amd64 -D__amd64__ -D__k8 -D__k8__ -D__MMX__ -D__SSE__ -D__SSE2__ -D__SSE3__ -D__SSSE3__ -D__SSE4A__ -D__ABM__ -D__SSE4_1__ -D__SSE4_2__ -D__AVX__ -D__AVX2__ -D__F16C__ -D__FMA__ -D__XSAVE__ -D__XSAVEOPT__ -D__XSAVEC__ -D__XSAVES__ -D__POPCNT__ -D__SHA__ -D__AES__ -D__PCLMUL__ -D__CLFLUSHOPT__ -D__FSGSBASE__ -D__RDRND__ -D__BMI__ -D__BMI2__ -D__LZCNT__ -D__FXSR__ -D__MWAITX__ -D__CLZERO__ -D__PGI -D__NVCOMPILER -D_PGCG_SOURCE --c -I- -I/opt/ohpc/pub/apps/cuda/11.8/Linux_x86_64/22.11/comm_libs/nvshmem/include -I/opt/ohpc/pub/apps/cuda/11.8/Linux_x86_64/22.11/comm_libs/nccl/include -I/opt/ohpc/pub/apps/cuda/11.8/Linux_x86_64/22.11/comm_libs/mpi/include -I/opt/ohpc/pub/apps/cuda/11.8/Linux_x86_64/22.11/math_libs/include -I/opt/ohpc/pub/apps/cuda/11.8/Linux_x86_64/22.11/compilers/include -I/opt/ohpc/pub/apps/cuda/11.8/Linux_x86_64/22.11/cuda/include --sys_include /opt/ohpc/pub/apps/cuda/11.8/Linux_x86_64/22.11/compilers/include --sys_include /opt/ohpc/pub/apps/cuda/11.8/Linux_x86_64/22.11/compilers/include-stdexec --sys_include /usr/lib/gcc/x86_64-redhat-linux/4.8.5/include --sys_include /usr/local/include --sys_include /usr/include -D__PGLLVM__ -D__NVCOMPILER_LLVM__ -D__extension__= --preinclude _cplus_preinclude.h --preinclude_macros _cplus_macros.h --gnu_version=40805 -D__pgnu_vsn=40805 --no_fixed_bp -q -o /tmp/nvcQV-e_X3DWQW6.il /usr/share/cmake3/Modules/CMakeCCompilerABI.c

/opt/ohpc/pub/apps/cuda/11.8/Linux_x86_64/22.11/compilers/bin/tools/cpp2 /usr/share/cmake3/Modules/CMakeCCompilerABI.c -opt 1 -x 119 0xa10000 -x 122 0x40 -x 123 0x1000 -x 127 4 -x 127 17 -x 19 0x400000 -x 28 0x40000 -x 120 0x10000000 -x 70 0x8000 -x 122 1 -x 125 0x20000 -quad -x 59 4 -tp zen2 -x 120 0x1000 -astype 0 -x 121 1 -fn /usr/share/cmake3/Modules/CMakeCCompilerABI.c -il /tmp/nvcQV-e_X3DWQW6.il -x 123 0x80000000 -x 123 4 -x 2 0x400 -x 119 0x20 -def __pgnu_vsn=40805 -x 70 0x40000000 -x 183 4 -x 121 0x800 -x 6 0x20000 -x 122 0x400000 -y 125 0x100000 -x 249 140 -x 120 0x200000 -x 70 0x40000000 -x 8 0x40000000 -x 164 0x800000 -x 71 0x2000 -x 71 0x4000 -x 34 0x40000000 -x 83 0x1 -x 85 0x1 -x 206 0x02 -x 120 0x1000000 -x 68 0x1 -x 39 4 -x 56 0x10 -x 26 0x10 -x 26 1 -x 56 0x4000 -x 197 0 -x 175 0 -x 203 0 -x 204 0 -y 163 0xc0000000 -x 189 0x10 -y 189 0x4000000 -x 60 512 -gnuvsn 40805 -x 69 0x200 -x 123 0x400 -cmdline '+nvc /tmp/nvcQV-e_X3DWQW6.il -v -o CMakeFiles/cmTC_b8a48.dir/CMakeCCompilerABI.c.o -c' -asm /tmp/nvckV-eEpM9JVLZ.ll
NVC++/x86-64 Linux 22.11-0: compilation successful

/opt/ohpc/pub/apps/cuda/11.8/Linux_x86_64/22.11/compilers/share/llvm/bin/llc /tmp/nvckV-eEpM9JVLZ.ll -march=x86-64 -mcpu=native -mattr=+mmx -mattr=+sse -mattr=+sse2 -mattr=+sse3 -mattr=+ssse3 -mattr=+sse4a -mattr=+sse4.1 -mattr=+sse4.2 -mattr=+avx -mattr=+avx2 -mattr=+f16c -mattr=+fma -mattr=+xsave -mattr=+xsaveopt -mattr=+xsavec -mattr=+xsaves -mattr=+popcnt -mattr=+sha -mattr=+aes -mattr=+pclmul -mattr=+clflushopt -mattr=+fsgsbase -mattr=+rdrnd -mattr=+bmi -mattr=+bmi2 -mattr=+lzcnt -mattr=+fxsr -mattr=+mwaitx -mattr=+clzero -O1 -non-global-value-max-name-size=4294967295 -x86-cmov-converter=0 -dwarf-directory=false --align-all-functions=6 -filetype=obj --frame-pointer=none -o CMakeFiles/cmTC_b8a48.dir/CMakeCCompilerABI.c.o
Unlinking /tmp/nvcQV-e_X3DWQW6.il
Unlinking /tmp/nvc6V-eUb2j7e16.s
Unlinking /tmp/nvckV-eEpM9JVLZ.ll
Unlinking /tmp/nvcAV-eoly3WLFA.llvm
Linking C executable cmTC_b8a48
/usr/bin/cmake3 -E cmake_link_script CMakeFiles/cmTC_b8a48.dir/link.txt --verbose=1
/opt/ohpc/pub/apps/cuda/11.8/Linux_x86_64/22.11/compilers/bin/nvc     -v CMakeFiles/cmTC_b8a48.dir/CMakeCCompilerABI.c.o  -o cmTC_b8a48 
Export NVCOMPILER=/opt/ohpc/pub/apps/cuda/11.8/Linux_x86_64/22.11
Export PGI=/opt/ohpc/pub/apps/cuda/11.8

/usr/bin/ld /usr/lib64/crt1.o /usr/lib64/crti.o /opt/ohpc/pub/apps/cuda/11.8/Linux_x86_64/22.11/compilers/lib/trace_init.o /usr/lib/gcc/x86_64-redhat-linux/4.8.5/crtbegin.o --eh-frame-hdr -m elf_x86_64 -dynamic-linker /lib64/ld-linux-x86-64.so.2 -T /opt/ohpc/pub/apps/cuda/11.8/Linux_x86_64/22.11/compilers/lib/nvhpc.ld -L/opt/ohpc/pub/apps/cuda/11.8/lib64 -L/opt/ohpc/pub/apps/cuda/11.8/Linux_x86_64/22.11/compilers/lib -L/usr/lib64 -L/usr/lib/gcc/x86_64-redhat-linux/4.8.5 CMakeFiles/cmTC_b8a48.dir/CMakeCCompilerABI.c.o -rpath /opt/ohpc/pub/apps/cuda/11.8/Linux_x86_64/22.11/compilers/lib -rpath /usr/lib/gcc/x86_64-redhat-linux/4.8.5/../../../../lib64 -o cmTC_b8a48 -L/usr/lib/gcc/x86_64-redhat-linux/4.8.5/../../../../lib64 -lnvomp -ldl --as-needed -lnvhpcatm --no-as-needed -lpthread -lnvcpumath -lnsnvc -lnvc -lgcc -lc -lgcc_s -lm /usr/lib/gcc/x86_64-redhat-linux/4.8.5/crtend.o /usr/lib64/crtn.o
gmake[1]: Leaving directory `/xdisk/chanc/home/ram/athenak/gpu/build-gpu-shock/CMakeFiles/CMakeTmp'



Parsed C implicit include dir info from above output: rv=start
  warn: unable to parse implicit include dirs!


Parsed C implicit link information from above output:
  link line regex: [^( *|.*[/\])(ld|CMAKE_LINK_STARTFILE-NOTFOUND|([^/\]+-)?ld|collect2)[^/\]*( |$)]
  ignore line: [Change Dir: /xdisk/chanc/home/ram/athenak/gpu/build-gpu-shock/CMakeFiles/CMakeTmp]
  ignore line: []
  ignore line: [Run Build Command(s):/usr/bin/gmake cmTC_b8a48/fast && /usr/bin/gmake  -f CMakeFiles/cmTC_b8a48.dir/build.make CMakeFiles/cmTC_b8a48.dir/build]
  ignore line: [gmake[1]: Entering directory `/xdisk/chanc/home/ram/athenak/gpu/build-gpu-shock/CMakeFiles/CMakeTmp']
  ignore line: [Building C object CMakeFiles/cmTC_b8a48.dir/CMakeCCompilerABI.c.o]
  ignore line: [/opt/ohpc/pub/apps/cuda/11.8/Linux_x86_64/22.11/compilers/bin/nvc   -v -o CMakeFiles/cmTC_b8a48.dir/CMakeCCompilerABI.c.o   -c /usr/share/cmake3/Modules/CMakeCCompilerABI.c]
  ignore line: [Export NVCOMPILER=/opt/ohpc/pub/apps/cuda/11.8/Linux_x86_64/22.11]
  ignore line: [Export PGI=/opt/ohpc/pub/apps/cuda/11.8]
  ignore line: []
  ignore line: [/opt/ohpc/pub/apps/cuda/11.8/Linux_x86_64/22.11/compilers/bin/tools/cpp1 --llalign -Dunix -D__unix -D__unix__ -Dlinux -D__linux -D__linux__ -D__NO_MATH_INLINES -D__LP64__ -D__x86_64 -D__x86_64__ -D__LONG_MAX__=9223372036854775807L '-D__SIZE_TYPE__=unsigned long int' '-D__PTRDIFF_TYPE__=long int' -D__amd64 -D__amd64__ -D__k8 -D__k8__ -D__MMX__ -D__SSE__ -D__SSE2__ -D__SSE3__ -D__SSSE3__ -D__SSE4A__ -D__ABM__ -D__SSE4_1__ -D__SSE4_2__ -D__AVX__ -D__AVX2__ -D__F16C__ -D__FMA__ -D__XSAVE__ -D__XSAVEOPT__ -D__XSAVEC__ -D__XSAVES__ -D__POPCNT__ -D__SHA__ -D__AES__ -D__PCLMUL__ -D__CLFLUSHOPT__ -D__FSGSBASE__ -D__RDRND__ -D__BMI__ -D__BMI2__ -D__LZCNT__ -D__FXSR__ -D__MWAITX__ -D__CLZERO__ -D__PGI -D__NVCOMPILER -D_PGCG_SOURCE --c -I- -I/opt/ohpc/pub/apps/cuda/11.8/Linux_x86_64/22.11/comm_libs/nvshmem/include -I/opt/ohpc/pub/apps/cuda/11.8/Linux_x86_64/22.11/comm_libs/nccl/include -I/opt/ohpc/pub/apps/cuda/11.8/Linux_x86_64/22.11/comm_libs/mpi/include -I/opt/ohpc/pub/apps/cuda/11.8/Linux_x86_64/22.11/math_libs/include -I/opt/ohpc/pub/apps/cuda/11.8/Linux_x86_64/22.11/compilers/include -I/opt/ohpc/pub/apps/cuda/11.8/Linux_x86_64/22.11/cuda/include --sys_include /opt/ohpc/pub/apps/cuda/11.8/Linux_x86_64/22.11/compilers/include --sys_include /opt/ohpc/pub/apps/cuda/11.8/Linux_x86_64/22.11/compilers/include-stdexec --sys_include /usr/lib/gcc/x86_64-redhat-linux/4.8.5/include --sys_include /usr/local/include --sys_include /usr/include -D__PGLLVM__ -D__NVCOMPILER_LLVM__ -D__extension__= --preinclude _cplus_preinclude.h --preinclude_macros _cplus_macros.h --gnu_version=40805 -D__pgnu_vsn=40805 --no_fixed_bp -q -o /tmp/nvcQV-e_X3DWQW6.il /usr/share/cmake3/Modules/CMakeCCompilerABI.c]
  ignore line: []
  ignore line: [/opt/ohpc/pub/apps/cuda/11.8/Linux_x86_64/22.11/compilers/bin/tools/cpp2 /usr/share/cmake3/Modules/CMakeCCompilerABI.c -opt 1 -x 119 0xa10000 -x 122 0x40 -x 123 0x1000 -x 127 4 -x 127 17 -x 19 0x400000 -x 28 0x40000 -x 120 0x10000000 -x 70 0x8000 -x 122 1 -x 125 0x20000 -quad -x 59 4 -tp zen2 -x 120 0x1000 -astype 0 -x 121 1 -fn /usr/share/cmake3/Modules/CMakeCCompilerABI.c -il /tmp/nvcQV-e_X3DWQW6.il -x 123 0x80000000 -x 123 4 -x 2 0x400 -x 119 0x20 -def __pgnu_vsn=40805 -x 70 0x40000000 -x 183 4 -x 121 0x800 -x 6 0x20000 -x 122 0x400000 -y 125 0x100000 -x 249 140 -x 120 0x200000 -x 70 0x40000000 -x 8 0x40000000 -x 164 0x800000 -x 71 0x2000 -x 71 0x4000 -x 34 0x40000000 -x 83 0x1 -x 85 0x1 -x 206 0x02 -x 120 0x1000000 -x 68 0x1 -x 39 4 -x 56 0x10 -x 26 0x10 -x 26 1 -x 56 0x4000 -x 197 0 -x 175 0 -x 203 0 -x 204 0 -y 163 0xc0000000 -x 189 0x10 -y 189 0x4000000 -x 60 512 -gnuvsn 40805 -x 69 0x200 -x 123 0x400 -cmdline '+nvc /tmp/nvcQV-e_X3DWQW6.il -v -o CMakeFiles/cmTC_b8a48.dir/CMakeCCompilerABI.c.o -c' -asm /tmp/nvckV-eEpM9JVLZ.ll]
  ignore line: [NVC++/x86-64 Linux 22.11-0: compilation successful]
  ignore line: []
  ignore line: [/opt/ohpc/pub/apps/cuda/11.8/Linux_x86_64/22.11/compilers/share/llvm/bin/llc /tmp/nvckV-eEpM9JVLZ.ll -march=x86-64 -mcpu=native -mattr=+mmx -mattr=+sse -mattr=+sse2 -mattr=+sse3 -mattr=+ssse3 -mattr=+sse4a -mattr=+sse4.1 -mattr=+sse4.2 -mattr=+avx -mattr=+avx2 -mattr=+f16c -mattr=+fma -mattr=+xsave -mattr=+xsaveopt -mattr=+xsavec -mattr=+xsaves -mattr=+popcnt -mattr=+sha -mattr=+aes -mattr=+pclmul -mattr=+clflushopt -mattr=+fsgsbase -mattr=+rdrnd -mattr=+bmi -mattr=+bmi2 -mattr=+lzcnt -mattr=+fxsr -mattr=+mwaitx -mattr=+clzero -O1 -non-global-value-max-name-size=4294967295 -x86-cmov-converter=0 -dwarf-directory=false --align-all-functions=6 -filetype=obj --frame-pointer=none -o CMakeFiles/cmTC_b8a48.dir/CMakeCCompilerABI.c.o]
  ignore line: [Unlinking /tmp/nvcQV-e_X3DWQW6.il]
  ignore line: [Unlinking /tmp/nvc6V-eUb2j7e16.s]
  ignore line: [Unlinking /tmp/nvckV-eEpM9JVLZ.ll]
  ignore line: [Unlinking /tmp/nvcAV-eoly3WLFA.llvm]
  ignore line: [Linking C executable cmTC_b8a48]
  ignore line: [/usr/bin/cmake3 -E cmake_link_script CMakeFiles/cmTC_b8a48.dir/link.txt --verbose=1]
  ignore line: [/opt/ohpc/pub/apps/cuda/11.8/Linux_x86_64/22.11/compilers/bin/nvc     -v CMakeFiles/cmTC_b8a48.dir/CMakeCCompilerABI.c.o  -o cmTC_b8a48 ]
  ignore line: [Export NVCOMPILER=/opt/ohpc/pub/apps/cuda/11.8/Linux_x86_64/22.11]
  ignore line: [Export PGI=/opt/ohpc/pub/apps/cuda/11.8]
  ignore line: []
  link line: [/usr/bin/ld /usr/lib64/crt1.o /usr/lib64/crti.o /opt/ohpc/pub/apps/cuda/11.8/Linux_x86_64/22.11/compilers/lib/trace_init.o /usr/lib/gcc/x86_64-redhat-linux/4.8.5/crtbegin.o --eh-frame-hdr -m elf_x86_64 -dynamic-linker /lib64/ld-linux-x86-64.so.2 -T /opt/ohpc/pub/apps/cuda/11.8/Linux_x86_64/22.11/compilers/lib/nvhpc.ld -L/opt/ohpc/pub/apps/cuda/11.8/lib64 -L/opt/ohpc/pub/apps/cuda/11.8/Linux_x86_64/22.11/compilers/lib -L/usr/lib64 -L/usr/lib/gcc/x86_64-redhat-linux/4.8.5 CMakeFiles/cmTC_b8a48.dir/CMakeCCompilerABI.c.o -rpath /opt/ohpc/pub/apps/cuda/11.8/Linux_x86_64/22.11/compilers/lib -rpath /usr/lib/gcc/x86_64-redhat-linux/4.8.5/../../../../lib64 -o cmTC_b8a48 -L/usr/lib/gcc/x86_64-redhat-linux/4.8.5/../../../../lib64 -lnvomp -ldl --as-needed -lnvhpcatm --no-as-needed -lpthread -lnvcpumath -lnsnvc -lnvc -lgcc -lc -lgcc_s -lm /usr/lib/gcc/x86_64-redhat-linux/4.8.5/crtend.o /usr/lib64/crtn.o]
    arg [/usr/bin/ld] ==> ignore
    arg [/usr/lib64/crt1.o] ==> ignore
    arg [/usr/lib64/crti.o] ==> ignore
    arg [/opt/ohpc/pub/apps/cuda/11.8/Linux_x86_64/22.11/compilers/lib/trace_init.o] ==> ignore
    arg [/usr/lib/gcc/x86_64-redhat-linux/4.8.5/crtbegin.o] ==> ignore
    arg [--eh-frame-hdr] ==> ignore
    arg [-m] ==> ignore
    arg [elf_x86_64] ==> ignore
    arg [-dynamic-linker] ==> ignore
    arg [/lib64/ld-linux-x86-64.so.2] ==> ignore
    arg [-T] ==> ignore
    arg [/opt/ohpc/pub/apps/cuda/11.8/Linux_x86_64/22.11/compilers/lib/nvhpc.ld] ==> ignore
    arg [-L/opt/ohpc/pub/apps/cuda/11.8/lib64] ==> dir [/opt/ohpc/pub/apps/cuda/11.8/lib64]
    arg [-L/opt/ohpc/pub/apps/cuda/11.8/Linux_x86_64/22.11/compilers/lib] ==> dir [/opt/ohpc/pub/apps/cuda/11.8/Linux_x86_64/22.11/compilers/lib]
    arg [-L/usr/lib64] ==> dir [/usr/lib64]
    arg [-L/usr/lib/gcc/x86_64-redhat-linux/4.8.5] ==> dir [/usr/lib/gcc/x86_64-redhat-linux/4.8.5]
    arg [CMakeFiles/cmTC_b8a48.dir/CMakeCCompilerABI.c.o] ==> ignore
    arg [-rpath] ==> ignore
    arg [/opt/ohpc/pub/apps/cuda/11.8/Linux_x86_64/22.11/compilers/lib] ==> ignore
    arg [-rpath] ==> ignore
    arg [/usr/lib/gcc/x86_64-redhat-linux/4.8.5/../../../../lib64] ==> ignore
    arg [-o] ==> ignore
    arg [cmTC_b8a48] ==> ignore
    arg [-L/usr/lib/gcc/x86_64-redhat-linux/4.8.5/../../../../lib64] ==> dir [/usr/lib/gcc/x86_64-redhat-linux/4.8.5/../../../../lib64]
    arg [-lnvomp] ==> lib [nvomp]
    arg [-ldl] ==> lib [dl]
    arg [--as-needed] ==> ignore
    arg [-lnvhpcatm] ==> lib [nvhpcatm]
    arg [--no-as-needed] ==> ignore
    arg [-lpthread] ==> lib [pthread]
    arg [-lnvcpumath] ==> lib [nvcpumath]
    arg [-lnsnvc] ==> lib [nsnvc]
    arg [-lnvc] ==> lib [nvc]
    arg [-lgcc] ==> lib [gcc]
    arg [-lc] ==> lib [c]
    arg [-lgcc_s] ==> lib [gcc_s]
    arg [-lm] ==> lib [m]
    arg [/usr/lib/gcc/x86_64-redhat-linux/4.8.5/crtend.o] ==> ignore
    arg [/usr/lib64/crtn.o] ==> ignore
  collapse library dir [/opt/ohpc/pub/apps/cuda/11.8/lib64] ==> [/opt/ohpc/pub/apps/cuda/11.8/lib64]
  collapse library dir [/opt/ohpc/pub/apps/cuda/11.8/Linux_x86_64/22.11/compilers/lib] ==> [/opt/ohpc/pub/apps/cuda/11.8/Linux_x86_64/22.11/compilers/lib]
  collapse library dir [/usr/lib64] ==> [/usr/lib64]
  collapse library dir [/usr/lib/gcc/x86_64-redhat-linux/4.8.5] ==> [/usr/lib/gcc/x86_64-redhat-linux/4.8.5]
  collapse library dir [/usr/lib/gcc/x86_64-redhat-linux/4.8.5/../../../../lib64] ==> [/usr/lib64]
  implicit libs: [nvomp;dl;nvhpcatm;pthread;nvcpumath;nsnvc;nvc;gcc;c;gcc_s;m]
  implicit dirs: [/opt/ohpc/pub/apps/cuda/11.8/lib64;/opt/ohpc/pub/apps/cuda/11.8/Linux_x86_64/22.11/compilers/lib;/usr/lib64;/usr/lib/gcc/x86_64-redhat-linux/4.8.5]
  implicit fwks: []


Determining if the CXX compiler works passed with the following output:
Change Dir: /xdisk/chanc/home/ram/athenak/gpu/build-gpu-shock/CMakeFiles/CMakeTmp

Run Build Command(s):/usr/bin/gmake cmTC_c3097/fast && /usr/bin/gmake  -f CMakeFiles/cmTC_c3097.dir/build.make CMakeFiles/cmTC_c3097.dir/build
gmake[1]: Entering directory `/xdisk/chanc/home/ram/athenak/gpu/build-gpu-shock/CMakeFiles/CMakeTmp'
Building CXX object CMakeFiles/cmTC_c3097.dir/testCXXCompiler.cxx.o
/xdisk/chanc/home/ram/athenak/kokkos/bin/nvcc_wrapper     -o CMakeFiles/cmTC_c3097.dir/testCXXCompiler.cxx.o -c /xdisk/chanc/home/ram/athenak/gpu/build-gpu-shock/CMakeFiles/CMakeTmp/testCXXCompiler.cxx
Linking CXX executable cmTC_c3097
/usr/bin/cmake3 -E cmake_link_script CMakeFiles/cmTC_c3097.dir/link.txt --verbose=1
/xdisk/chanc/home/ram/athenak/kokkos/bin/nvcc_wrapper       CMakeFiles/cmTC_c3097.dir/testCXXCompiler.cxx.o  -o cmTC_c3097 
gmake[1]: Leaving directory `/xdisk/chanc/home/ram/athenak/gpu/build-gpu-shock/CMakeFiles/CMakeTmp'



Detecting CXX compiler ABI info compiled with the following output:
Change Dir: /xdisk/chanc/home/ram/athenak/gpu/build-gpu-shock/CMakeFiles/CMakeTmp

Run Build Command(s):/usr/bin/gmake cmTC_dc7e8/fast && /usr/bin/gmake  -f CMakeFiles/cmTC_dc7e8.dir/build.make CMakeFiles/cmTC_dc7e8.dir/build
gmake[1]: Entering directory `/xdisk/chanc/home/ram/athenak/gpu/build-gpu-shock/CMakeFiles/CMakeTmp'
Building CXX object CMakeFiles/cmTC_dc7e8.dir/CMakeCXXCompilerABI.cpp.o
/xdisk/chanc/home/ram/athenak/kokkos/bin/nvcc_wrapper    -v -o CMakeFiles/cmTC_dc7e8.dir/CMakeCXXCompilerABI.cpp.o -c /usr/share/cmake3/Modules/CMakeCXXCompilerABI.cpp
Using built-in specs.
COLLECT_GCC=gcc
Target: x86_64-pc-linux-gnu
Configured with: ../configure --disable-multilib --enable-languages=c,c++,fortran --prefix=/opt/ohpc/pub/compiler/gcc/8.3.0 --disable-static --enable-shared
Thread model: posix
gcc version 8.3.0 (GCC) 
COLLECT_GCC_OPTIONS='-D' '__CUDA_ARCH__=700' '-D' '__CUDA_ARCH_LIST__=700' '-E' '-D' 'CUDA_DOUBLE_MATH_FUNCTIONS' '-D' '__CUDACC__' '-D' '__NVCC__' '-v' '-I' '/opt/ohpc/pub/apps/cuda/11.8/Linux_x86_64/22.11/cuda/11.8/include' '-I' '/opt/ohpc/pub/apps/cuda/11.8/Linux_x86_64/22.11/math_libs/11.8/include' '-I' '/opt/ohpc/pub/apps/cuda/11.8/Linux_x86_64/22.11/comm_libs/11.8/nccl/include' '-I' '/opt/ohpc/pub/apps/cuda/11.8/Linux_x86_64/22.11/comm_libs/11.8/nvshmem/include' '-I' '/opt/ohpc/pub/apps/cuda/11.8/Linux_x86_64/22.11/cuda/11.8/bin/../targets/x86_64-linux/include' '-D' '__CUDACC_VER_MAJOR__=11' '-D' '__CUDACC_VER_MINOR__=8' '-D' '__CUDACC_VER_BUILD__=89' '-D' '__CUDA_API_VER_MAJOR__=11' '-D' '__CUDA_API_VER_MINOR__=8' '-D' '__NVCC_DIAG_PRAGMA_SUPPORT__=1' '-include' 'cuda_runtime.h' '-m64' '-o' '/tmp/tmpxft_0000501e_00000000-7_CMakeCXXCompilerABI.cpp1.ii' '-mtune=generic' '-march=x86-64'
 /opt/ohpc/pub/compiler/gcc/8.3.0/libexec/gcc/x86_64-pc-linux-gnu/8.3.0/cc1plus -E -quiet -v -I /opt/ohpc/pub/apps/cuda/11.8/Linux_x86_64/22.11/cuda/11.8/include -I /opt/ohpc/pub/apps/cuda/11.8/Linux_x86_64/22.11/math_libs/11.8/include -I /opt/ohpc/pub/apps/cuda/11.8/Linux_x86_64/22.11/comm_libs/11.8/nccl/include -I /opt/ohpc/pub/apps/cuda/11.8/Linux_x86_64/22.11/comm_libs/11.8/nvshmem/include -I /opt/ohpc/pub/apps/cuda/11.8/Linux_x86_64/22.11/cuda/11.8/bin/../targets/x86_64-linux/include -D_GNU_SOURCE -D __CUDA_ARCH__=700 -D __CUDA_ARCH_LIST__=700 -D CUDA_DOUBLE_MATH_FUNCTIONS -D __CUDACC__ -D __NVCC__ -D __CUDACC_VER_MAJOR__=11 -D __CUDACC_VER_MINOR__=8 -D __CUDACC_VER_BUILD__=89 -D __CUDA_API_VER_MAJOR__=11 -D __CUDA_API_VER_MINOR__=8 -D __NVCC_DIAG_PRAGMA_SUPPORT__=1 -include cuda_runtime.h /usr/share/cmake3/Modules/CMakeCXXCompilerABI.cpp -o /tmp/tmpxft_0000501e_00000000-7_CMakeCXXCompilerABI.cpp1.ii -m64 -mtune=generic -march=x86-64
ignoring nonexistent directory "/opt/ohpc/pub/compiler/gcc/8.3.0/lib/gcc/x86_64-pc-linux-gnu/8.3.0/../../../../x86_64-pc-linux-gnu/include"
ignoring duplicate directory "/opt/ohpc/pub/apps/cuda/11.8/Linux_x86_64/22.11/cuda/11.8/bin/../targets/x86_64-linux/include"
ignoring duplicate directory "/opt/ohpc/pub/apps/cuda/11.8/Linux_x86_64/22.11/comm_libs/nvshmem/include"
ignoring duplicate directory "/opt/ohpc/pub/apps/cuda/11.8/Linux_x86_64/22.11/comm_libs/nccl/include"
ignoring duplicate directory "/opt/ohpc/pub/apps/cuda/11.8/Linux_x86_64/22.11/math_libs/include"
ignoring duplicate directory "/opt/ohpc/pub/apps/cuda/11.8/Linux_x86_64/22.11/cuda/include"
#include "..." search starts here:
#include <...> search starts here:
 /opt/ohpc/pub/apps/cuda/11.8/Linux_x86_64/22.11/cuda/11.8/include
 /opt/ohpc/pub/apps/cuda/11.8/Linux_x86_64/22.11/math_libs/11.8/include
 /opt/ohpc/pub/apps/cuda/11.8/Linux_x86_64/22.11/comm_libs/11.8/nccl/include
 /opt/ohpc/pub/apps/cuda/11.8/Linux_x86_64/22.11/comm_libs/11.8/nvshmem/include
 /opt/ohpc/pub/apps/cuda/11.8/Linux_x86_64/22.11/comm_libs/mpi/include
 /opt/ohpc/pub/apps/cuda/11.8/Linux_x86_64/22.11/compilers/include
 /opt/ohpc/pub/compiler/gcc/8.3.0/lib/gcc/x86_64-pc-linux-gnu/8.3.0/../../../../include/c++/8.3.0
 /opt/ohpc/pub/compiler/gcc/8.3.0/lib/gcc/x86_64-pc-linux-gnu/8.3.0/../../../../include/c++/8.3.0/x86_64-pc-linux-gnu
 /opt/ohpc/pub/compiler/gcc/8.3.0/lib/gcc/x86_64-pc-linux-gnu/8.3.0/../../../../include/c++/8.3.0/backward
 /opt/ohpc/pub/compiler/gcc/8.3.0/lib/gcc/x86_64-pc-linux-gnu/8.3.0/include
 /usr/local/include
 /opt/ohpc/pub/compiler/gcc/8.3.0/include
 /opt/ohpc/pub/compiler/gcc/8.3.0/lib/gcc/x86_64-pc-linux-gnu/8.3.0/include-fixed
 /usr/include
End of search list.
COMPILER_PATH=/opt/ohpc/pub/compiler/gcc/8.3.0/libexec/gcc/x86_64-pc-linux-gnu/8.3.0/:/opt/ohpc/pub/compiler/gcc/8.3.0/libexec/gcc/x86_64-pc-linux-gnu/8.3.0/:/opt/ohpc/pub/compiler/gcc/8.3.0/libexec/gcc/x86_64-pc-linux-gnu/:/opt/ohpc/pub/compiler/gcc/8.3.0/lib/gcc/x86_64-pc-linux-gnu/8.3.0/:/opt/ohpc/pub/compiler/gcc/8.3.0/lib/gcc/x86_64-pc-linux-gnu/
LIBRARY_PATH=/opt/ohpc/pub/compiler/gcc/8.3.0/lib/gcc/x86_64-pc-linux-gnu/8.3.0/:/opt/ohpc/pub/compiler/gcc/8.3.0/lib/gcc/x86_64-pc-linux-gnu/8.3.0/../../../../lib64/:/lib/../lib64/:/usr/lib/../lib64/:/opt/ohpc/pub/apps/cuda/11.8/lib64/:/opt/ohpc/pub/compiler/gcc/8.3.0/lib/gcc/x86_64-pc-linux-gnu/8.3.0/../../../:/lib/:/usr/lib/
COLLECT_GCC_OPTIONS='-D' '__CUDA_ARCH__=700' '-D' '__CUDA_ARCH_LIST__=700' '-E' '-D' 'CUDA_DOUBLE_MATH_FUNCTIONS' '-D' '__CUDACC__' '-D' '__NVCC__' '-v' '-I' '/opt/ohpc/pub/apps/cuda/11.8/Linux_x86_64/22.11/cuda/11.8/include' '-I' '/opt/ohpc/pub/apps/cuda/11.8/Linux_x86_64/22.11/math_libs/11.8/include' '-I' '/opt/ohpc/pub/apps/cuda/11.8/Linux_x86_64/22.11/comm_libs/11.8/nccl/include' '-I' '/opt/ohpc/pub/apps/cuda/11.8/Linux_x86_64/22.11/comm_libs/11.8/nvshmem/include' '-I' '/opt/ohpc/pub/apps/cuda/11.8/Linux_x86_64/22.11/cuda/11.8/bin/../targets/x86_64-linux/include' '-D' '__CUDACC_VER_MAJOR__=11' '-D' '__CUDACC_VER_MINOR__=8' '-D' '__CUDACC_VER_BUILD__=89' '-D' '__CUDA_API_VER_MAJOR__=11' '-D' '__CUDA_API_VER_MINOR__=8' '-D' '__NVCC_DIAG_PRAGMA_SUPPORT__=1' '-include' 'cuda_runtime.h' '-m64' '-o' '/tmp/tmpxft_0000501e_00000000-7_CMakeCXXCompilerABI.cpp1.ii' '-mtune=generic' '-march=x86-64'
Using built-in specs.
COLLECT_GCC=gcc
Target: x86_64-pc-linux-gnu
Configured with: ../configure --disable-multilib --enable-languages=c,c++,fortran --prefix=/opt/ohpc/pub/compiler/gcc/8.3.0 --disable-static --enable-shared
Thread model: posix
gcc version 8.3.0 (GCC) 
COLLECT_GCC_OPTIONS='-D' '__CUDA_ARCH_LIST__=700' '-E' '-D' '__CUDACC__' '-D' '__NVCC__' '-v' '-I' '/opt/ohpc/pub/apps/cuda/11.8/Linux_x86_64/22.11/cuda/11.8/include' '-I' '/opt/ohpc/pub/apps/cuda/11.8/Linux_x86_64/22.11/math_libs/11.8/include' '-I' '/opt/ohpc/pub/apps/cuda/11.8/Linux_x86_64/22.11/comm_libs/11.8/nccl/include' '-I' '/opt/ohpc/pub/apps/cuda/11.8/Linux_x86_64/22.11/comm_libs/11.8/nvshmem/include' '-I' '/opt/ohpc/pub/apps/cuda/11.8/Linux_x86_64/22.11/cuda/11.8/bin/../targets/x86_64-linux/include' '-D' '__CUDACC_VER_MAJOR__=11' '-D' '__CUDACC_VER_MINOR__=8' '-D' '__CUDACC_VER_BUILD__=89' '-D' '__CUDA_API_VER_MAJOR__=11' '-D' '__CUDA_API_VER_MINOR__=8' '-D' '__NVCC_DIAG_PRAGMA_SUPPORT__=1' '-include' 'cuda_runtime.h' '-m64' '-o' '/tmp/tmpxft_0000501e_00000000-5_CMakeCXXCompilerABI.cpp4.ii' '-mtune=generic' '-march=x86-64'
 /opt/ohpc/pub/compiler/gcc/8.3.0/libexec/gcc/x86_64-pc-linux-gnu/8.3.0/cc1plus -E -quiet -v -I /opt/ohpc/pub/apps/cuda/11.8/Linux_x86_64/22.11/cuda/11.8/include -I /opt/ohpc/pub/apps/cuda/11.8/Linux_x86_64/22.11/math_libs/11.8/include -I /opt/ohpc/pub/apps/cuda/11.8/Linux_x86_64/22.11/comm_libs/11.8/nccl/include -I /opt/ohpc/pub/apps/cuda/11.8/Linux_x86_64/22.11/comm_libs/11.8/nvshmem/include -I /opt/ohpc/pub/apps/cuda/11.8/Linux_x86_64/22.11/cuda/11.8/bin/../targets/x86_64-linux/include -D_GNU_SOURCE -D __CUDA_ARCH_LIST__=700 -D __CUDACC__ -D __NVCC__ -D __CUDACC_VER_MAJOR__=11 -D __CUDACC_VER_MINOR__=8 -D __CUDACC_VER_BUILD__=89 -D __CUDA_API_VER_MAJOR__=11 -D __CUDA_API_VER_MINOR__=8 -D __NVCC_DIAG_PRAGMA_SUPPORT__=1 -include cuda_runtime.h /usr/share/cmake3/Modules/CMakeCXXCompilerABI.cpp -o /tmp/tmpxft_0000501e_00000000-5_CMakeCXXCompilerABI.cpp4.ii -m64 -mtune=generic -march=x86-64
ignoring nonexistent directory "/opt/ohpc/pub/compiler/gcc/8.3.0/lib/gcc/x86_64-pc-linux-gnu/8.3.0/../../../../x86_64-pc-linux-gnu/include"
ignoring duplicate directory "/opt/ohpc/pub/apps/cuda/11.8/Linux_x86_64/22.11/cuda/11.8/bin/../targets/x86_64-linux/include"
ignoring duplicate directory "/opt/ohpc/pub/apps/cuda/11.8/Linux_x86_64/22.11/comm_libs/nvshmem/include"
ignoring duplicate directory "/opt/ohpc/pub/apps/cuda/11.8/Linux_x86_64/22.11/comm_libs/nccl/include"
ignoring duplicate directory "/opt/ohpc/pub/apps/cuda/11.8/Linux_x86_64/22.11/math_libs/include"
ignoring duplicate directory "/opt/ohpc/pub/apps/cuda/11.8/Linux_x86_64/22.11/cuda/include"
#include "..." search starts here:
#include <...> search starts here:
 /opt/ohpc/pub/apps/cuda/11.8/Linux_x86_64/22.11/cuda/11.8/include
 /opt/ohpc/pub/apps/cuda/11.8/Linux_x86_64/22.11/math_libs/11.8/include
 /opt/ohpc/pub/apps/cuda/11.8/Linux_x86_64/22.11/comm_libs/11.8/nccl/include
 /opt/ohpc/pub/apps/cuda/11.8/Linux_x86_64/22.11/comm_libs/11.8/nvshmem/include
 /opt/ohpc/pub/apps/cuda/11.8/Linux_x86_64/22.11/comm_libs/mpi/include
 /opt/ohpc/pub/apps/cuda/11.8/Linux_x86_64/22.11/compilers/include
 /opt/ohpc/pub/compiler/gcc/8.3.0/lib/gcc/x86_64-pc-linux-gnu/8.3.0/../../../../include/c++/8.3.0
 /opt/ohpc/pub/compiler/gcc/8.3.0/lib/gcc/x86_64-pc-linux-gnu/8.3.0/../../../../include/c++/8.3.0/x86_64-pc-linux-gnu
 /opt/ohpc/pub/compiler/gcc/8.3.0/lib/gcc/x86_64-pc-linux-gnu/8.3.0/../../../../include/c++/8.3.0/backward
 /opt/ohpc/pub/compiler/gcc/8.3.0/lib/gcc/x86_64-pc-linux-gnu/8.3.0/include
 /usr/local/include
 /opt/ohpc/pub/compiler/gcc/8.3.0/include
 /opt/ohpc/pub/compiler/gcc/8.3.0/lib/gcc/x86_64-pc-linux-gnu/8.3.0/include-fixed
 /usr/include
End of search list.
COMPILER_PATH=/opt/ohpc/pub/compiler/gcc/8.3.0/libexec/gcc/x86_64-pc-linux-gnu/8.3.0/:/opt/ohpc/pub/compiler/gcc/8.3.0/libexec/gcc/x86_64-pc-linux-gnu/8.3.0/:/opt/ohpc/pub/compiler/gcc/8.3.0/libexec/gcc/x86_64-pc-linux-gnu/:/opt/ohpc/pub/compiler/gcc/8.3.0/lib/gcc/x86_64-pc-linux-gnu/8.3.0/:/opt/ohpc/pub/compiler/gcc/8.3.0/lib/gcc/x86_64-pc-linux-gnu/
LIBRARY_PATH=/opt/ohpc/pub/compiler/gcc/8.3.0/lib/gcc/x86_64-pc-linux-gnu/8.3.0/:/opt/ohpc/pub/compiler/gcc/8.3.0/lib/gcc/x86_64-pc-linux-gnu/8.3.0/../../../../lib64/:/lib/../lib64/:/usr/lib/../lib64/:/opt/ohpc/pub/apps/cuda/11.8/lib64/:/opt/ohpc/pub/compiler/gcc/8.3.0/lib/gcc/x86_64-pc-linux-gnu/8.3.0/../../../:/lib/:/usr/lib/
COLLECT_GCC_OPTIONS='-D' '__CUDA_ARCH_LIST__=700' '-E' '-D' '__CUDACC__' '-D' '__NVCC__' '-v' '-I' '/opt/ohpc/pub/apps/cuda/11.8/Linux_x86_64/22.11/cuda/11.8/include' '-I' '/opt/ohpc/pub/apps/cuda/11.8/Linux_x86_64/22.11/math_libs/11.8/include' '-I' '/opt/ohpc/pub/apps/cuda/11.8/Linux_x86_64/22.11/comm_libs/11.8/nccl/include' '-I' '/opt/ohpc/pub/apps/cuda/11.8/Linux_x86_64/22.11/comm_libs/11.8/nvshmem/include' '-I' '/opt/ohpc/pub/apps/cuda/11.8/Linux_x86_64/22.11/cuda/11.8/bin/../targets/x86_64-linux/include' '-D' '__CUDACC_VER_MAJOR__=11' '-D' '__CUDACC_VER_MINOR__=8' '-D' '__CUDACC_VER_BUILD__=89' '-D' '__CUDA_API_VER_MAJOR__=11' '-D' '__CUDA_API_VER_MINOR__=8' '-D' '__NVCC_DIAG_PRAGMA_SUPPORT__=1' '-include' 'cuda_runtime.h' '-m64' '-o' '/tmp/tmpxft_0000501e_00000000-5_CMakeCXXCompilerABI.cpp4.ii' '-mtune=generic' '-march=x86-64'
Using built-in specs.
COLLECT_GCC=gcc
Target: x86_64-pc-linux-gnu
Configured with: ../configure --disable-multilib --enable-languages=c,c++,fortran --prefix=/opt/ohpc/pub/compiler/gcc/8.3.0 --disable-static --enable-shared
Thread model: posix
gcc version 8.3.0 (GCC) 
COLLECT_GCC_OPTIONS='-D' '__CUDA_ARCH__=700' '-D' '__CUDA_ARCH_LIST__=700' '-c' '-D' 'CUDA_DOUBLE_MATH_FUNCTIONS' '-v' '-I' '/opt/ohpc/pub/apps/cuda/11.8/Linux_x86_64/22.11/cuda/11.8/include' '-I' '/opt/ohpc/pub/apps/cuda/11.8/Linux_x86_64/22.11/math_libs/11.8/include' '-I' '/opt/ohpc/pub/apps/cuda/11.8/Linux_x86_64/22.11/comm_libs/11.8/nccl/include' '-I' '/opt/ohpc/pub/apps/cuda/11.8/Linux_x86_64/22.11/comm_libs/11.8/nvshmem/include' '-I' '/opt/ohpc/pub/apps/cuda/11.8/Linux_x86_64/22.11/cuda/11.8/bin/../targets/x86_64-linux/include' '-m64' '-o' 'CMakeFiles/cmTC_dc7e8.dir/CMakeCXXCompilerABI.cpp.o' '-mtune=generic' '-march=x86-64'
 /opt/ohpc/pub/compiler/gcc/8.3.0/libexec/gcc/x86_64-pc-linux-gnu/8.3.0/cc1plus -quiet -v -I /opt/ohpc/pub/apps/cuda/11.8/Linux_x86_64/22.11/cuda/11.8/include -I /opt/ohpc/pub/apps/cuda/11.8/Linux_x86_64/22.11/math_libs/11.8/include -I /opt/ohpc/pub/apps/cuda/11.8/Linux_x86_64/22.11/comm_libs/11.8/nccl/include -I /opt/ohpc/pub/apps/cuda/11.8/Linux_x86_64/22.11/comm_libs/11.8/nvshmem/include -I /opt/ohpc/pub/apps/cuda/11.8/Linux_x86_64/22.11/cuda/11.8/bin/../targets/x86_64-linux/include -D_GNU_SOURCE -D __CUDA_ARCH__=700 -D __CUDA_ARCH_LIST__=700 -D CUDA_DOUBLE_MATH_FUNCTIONS /tmp/tmpxft_0000501e_00000000-6_CMakeCXXCompilerABI.cudafe1.cpp -quiet -dumpbase tmpxft_0000501e_00000000-6_CMakeCXXCompilerABI.cudafe1.cpp -m64 -mtune=generic -march=x86-64 -auxbase-strip CMakeFiles/cmTC_dc7e8.dir/CMakeCXXCompilerABI.cpp.o -version -o /tmp/cc9Bkg1I.s
GNU C++14 (GCC) version 8.3.0 (x86_64-pc-linux-gnu)
	compiled by GNU C version 8.3.0, GMP version 6.1.2, MPFR version 3.1.6, MPC version 1.0.3, isl version none
GGC heuristics: --param ggc-min-expand=100 --param ggc-min-heapsize=131072
ignoring nonexistent directory "/opt/ohpc/pub/compiler/gcc/8.3.0/lib/gcc/x86_64-pc-linux-gnu/8.3.0/../../../../x86_64-pc-linux-gnu/include"
ignoring duplicate directory "/opt/ohpc/pub/apps/cuda/11.8/Linux_x86_64/22.11/cuda/11.8/bin/../targets/x86_64-linux/include"
ignoring duplicate directory "/opt/ohpc/pub/apps/cuda/11.8/Linux_x86_64/22.11/comm_libs/nvshmem/include"
ignoring duplicate directory "/opt/ohpc/pub/apps/cuda/11.8/Linux_x86_64/22.11/comm_libs/nccl/include"
ignoring duplicate directory "/opt/ohpc/pub/apps/cuda/11.8/Linux_x86_64/22.11/math_libs/include"
ignoring duplicate directory "/opt/ohpc/pub/apps/cuda/11.8/Linux_x86_64/22.11/cuda/include"
#include "..." search starts here:
#include <...> search starts here:
 /opt/ohpc/pub/apps/cuda/11.8/Linux_x86_64/22.11/cuda/11.8/include
 /opt/ohpc/pub/apps/cuda/11.8/Linux_x86_64/22.11/math_libs/11.8/include
 /opt/ohpc/pub/apps/cuda/11.8/Linux_x86_64/22.11/comm_libs/11.8/nccl/include
 /opt/ohpc/pub/apps/cuda/11.8/Linux_x86_64/22.11/comm_libs/11.8/nvshmem/include
 /opt/ohpc/pub/apps/cuda/11.8/Linux_x86_64/22.11/comm_libs/mpi/include
 /opt/ohpc/pub/apps/cuda/11.8/Linux_x86_64/22.11/compilers/include
 /opt/ohpc/pub/compiler/gcc/8.3.0/lib/gcc/x86_64-pc-linux-gnu/8.3.0/../../../../include/c++/8.3.0
 /opt/ohpc/pub/compiler/gcc/8.3.0/lib/gcc/x86_64-pc-linux-gnu/8.3.0/../../../../include/c++/8.3.0/x86_64-pc-linux-gnu
 /opt/ohpc/pub/compiler/gcc/8.3.0/lib/gcc/x86_64-pc-linux-gnu/8.3.0/../../../../include/c++/8.3.0/backward
 /opt/ohpc/pub/compiler/gcc/8.3.0/lib/gcc/x86_64-pc-linux-gnu/8.3.0/include
 /usr/local/include
 /opt/ohpc/pub/compiler/gcc/8.3.0/include
 /opt/ohpc/pub/compiler/gcc/8.3.0/lib/gcc/x86_64-pc-linux-gnu/8.3.0/include-fixed
 /usr/include
End of search list.
GNU C++14 (GCC) version 8.3.0 (x86_64-pc-linux-gnu)
	compiled by GNU C version 8.3.0, GMP version 6.1.2, MPFR version 3.1.6, MPC version 1.0.3, isl version none
GGC heuristics: --param ggc-min-expand=100 --param ggc-min-heapsize=131072
Compiler executable checksum: 6c855b3bd254c441aedb856cd1cb48f2
COLLECT_GCC_OPTIONS='-D' '__CUDA_ARCH__=700' '-D' '__CUDA_ARCH_LIST__=700' '-c' '-D' 'CUDA_DOUBLE_MATH_FUNCTIONS' '-v' '-I' '/opt/ohpc/pub/apps/cuda/11.8/Linux_x86_64/22.11/cuda/11.8/include' '-I' '/opt/ohpc/pub/apps/cuda/11.8/Linux_x86_64/22.11/math_libs/11.8/include' '-I' '/opt/ohpc/pub/apps/cuda/11.8/Linux_x86_64/22.11/comm_libs/11.8/nccl/include' '-I' '/opt/ohpc/pub/apps/cuda/11.8/Linux_x86_64/22.11/comm_libs/11.8/nvshmem/include' '-I' '/opt/ohpc/pub/apps/cuda/11.8/Linux_x86_64/22.11/cuda/11.8/bin/../targets/x86_64-linux/include' '-m64' '-o' 'CMakeFiles/cmTC_dc7e8.dir/CMakeCXXCompilerABI.cpp.o' '-mtune=generic' '-march=x86-64'
 as -v -I /opt/ohpc/pub/apps/cuda/11.8/Linux_x86_64/22.11/cuda/11.8/include -I /opt/ohpc/pub/apps/cuda/11.8/Linux_x86_64/22.11/math_libs/11.8/include -I /opt/ohpc/pub/apps/cuda/11.8/Linux_x86_64/22.11/comm_libs/11.8/nccl/include -I /opt/ohpc/pub/apps/cuda/11.8/Linux_x86_64/22.11/comm_libs/11.8/nvshmem/include -I /opt/ohpc/pub/apps/cuda/11.8/Linux_x86_64/22.11/cuda/11.8/bin/../targets/x86_64-linux/include --64 -o CMakeFiles/cmTC_dc7e8.dir/CMakeCXXCompilerABI.cpp.o /tmp/cc9Bkg1I.s
GNU assembler version 2.27 (x86_64-redhat-linux) using BFD version version 2.27-44.base.el7_9.1
COMPILER_PATH=/opt/ohpc/pub/compiler/gcc/8.3.0/libexec/gcc/x86_64-pc-linux-gnu/8.3.0/:/opt/ohpc/pub/compiler/gcc/8.3.0/libexec/gcc/x86_64-pc-linux-gnu/8.3.0/:/opt/ohpc/pub/compiler/gcc/8.3.0/libexec/gcc/x86_64-pc-linux-gnu/:/opt/ohpc/pub/compiler/gcc/8.3.0/lib/gcc/x86_64-pc-linux-gnu/8.3.0/:/opt/ohpc/pub/compiler/gcc/8.3.0/lib/gcc/x86_64-pc-linux-gnu/
LIBRARY_PATH=/opt/ohpc/pub/compiler/gcc/8.3.0/lib/gcc/x86_64-pc-linux-gnu/8.3.0/:/opt/ohpc/pub/compiler/gcc/8.3.0/lib/gcc/x86_64-pc-linux-gnu/8.3.0/../../../../lib64/:/lib/../lib64/:/usr/lib/../lib64/:/opt/ohpc/pub/apps/cuda/11.8/lib64/:/opt/ohpc/pub/compiler/gcc/8.3.0/lib/gcc/x86_64-pc-linux-gnu/8.3.0/../../../:/lib/:/usr/lib/
COLLECT_GCC_OPTIONS='-D' '__CUDA_ARCH__=700' '-D' '__CUDA_ARCH_LIST__=700' '-c' '-D' 'CUDA_DOUBLE_MATH_FUNCTIONS' '-v' '-I' '/opt/ohpc/pub/apps/cuda/11.8/Linux_x86_64/22.11/cuda/11.8/include' '-I' '/opt/ohpc/pub/apps/cuda/11.8/Linux_x86_64/22.11/math_libs/11.8/include' '-I' '/opt/ohpc/pub/apps/cuda/11.8/Linux_x86_64/22.11/comm_libs/11.8/nccl/include' '-I' '/opt/ohpc/pub/apps/cuda/11.8/Linux_x86_64/22.11/comm_libs/11.8/nvshmem/include' '-I' '/opt/ohpc/pub/apps/cuda/11.8/Linux_x86_64/22.11/cuda/11.8/bin/../targets/x86_64-linux/include' '-m64' '-o' 'CMakeFiles/cmTC_dc7e8.dir/CMakeCXXCompilerABI.cpp.o' '-mtune=generic' '-march=x86-64'
Linking CXX executable cmTC_dc7e8
/usr/bin/cmake3 -E cmake_link_script CMakeFiles/cmTC_dc7e8.dir/link.txt --verbose=1
/xdisk/chanc/home/ram/athenak/kokkos/bin/nvcc_wrapper      -v CMakeFiles/cmTC_dc7e8.dir/CMakeCXXCompilerABI.cpp.o  -o cmTC_dc7e8 
Using built-in specs.
COLLECT_GCC=gcc
Target: x86_64-pc-linux-gnu
Configured with: ../configure --disable-multilib --enable-languages=c,c++,fortran --prefix=/opt/ohpc/pub/compiler/gcc/8.3.0 --disable-static --enable-shared
Thread model: posix
gcc version 8.3.0 (GCC) 
COLLECT_GCC_OPTIONS='-D' '__CUDA_ARCH_LIST__=700' '-c' '-D' 'FATBINFILE="/tmp/tmpxft_00005030_00000000-4_cmTC_dc7e8_dlink.fatbin.c"' '-D' 'REGISTERLINKBINARYFILE="/tmp/tmpxft_00005030_00000000-3_cmTC_dc7e8_dlink.reg.c"' '-I' '.' '-D' '__NV_EXTRA_INITIALIZATION=' '-D' '__NV_EXTRA_FINALIZATION=' '-D' '__CUDA_INCLUDE_COMPILER_INTERNAL_HEADERS__' '-v' '-I' '/opt/ohpc/pub/apps/cuda/11.8/Linux_x86_64/22.11/cuda/11.8/include' '-I' '/opt/ohpc/pub/apps/cuda/11.8/Linux_x86_64/22.11/math_libs/11.8/include' '-I' '/opt/ohpc/pub/apps/cuda/11.8/Linux_x86_64/22.11/comm_libs/11.8/nccl/include' '-I' '/opt/ohpc/pub/apps/cuda/11.8/Linux_x86_64/22.11/comm_libs/11.8/nvshmem/include' '-I' '/opt/ohpc/pub/apps/cuda/11.8/Linux_x86_64/22.11/cuda/11.8/bin/../targets/x86_64-linux/include' '-D' '__CUDACC_VER_MAJOR__=11' '-D' '__CUDACC_VER_MINOR__=8' '-D' '__CUDACC_VER_BUILD__=89' '-D' '__CUDA_API_VER_MAJOR__=11' '-D' '__CUDA_API_VER_MINOR__=8' '-D' '__NVCC_DIAG_PRAGMA_SUPPORT__=1' '-m64' '-o' '/tmp/tmpxft_00005030_00000000-6_cmTC_dc7e8_dlink.o' '-mtune=generic' '-march=x86-64'
 /opt/ohpc/pub/compiler/gcc/8.3.0/libexec/gcc/x86_64-pc-linux-gnu/8.3.0/cc1plus -quiet -v -I . -I /opt/ohpc/pub/apps/cuda/11.8/Linux_x86_64/22.11/cuda/11.8/include -I /opt/ohpc/pub/apps/cuda/11.8/Linux_x86_64/22.11/math_libs/11.8/include -I /opt/ohpc/pub/apps/cuda/11.8/Linux_x86_64/22.11/comm_libs/11.8/nccl/include -I /opt/ohpc/pub/apps/cuda/11.8/Linux_x86_64/22.11/comm_libs/11.8/nvshmem/include -I /opt/ohpc/pub/apps/cuda/11.8/Linux_x86_64/22.11/cuda/11.8/bin/../targets/x86_64-linux/include -D_GNU_SOURCE -D __CUDA_ARCH_LIST__=700 -D FATBINFILE="/tmp/tmpxft_00005030_00000000-4_cmTC_dc7e8_dlink.fatbin.c" -D REGISTERLINKBINARYFILE="/tmp/tmpxft_00005030_00000000-3_cmTC_dc7e8_dlink.reg.c" -D __NV_EXTRA_INITIALIZATION= -D __NV_EXTRA_FINALIZATION= -D __CUDA_INCLUDE_COMPILER_INTERNAL_HEADERS__ -D __CUDACC_VER_MAJOR__=11 -D __CUDACC_VER_MINOR__=8 -D __CUDACC_VER_BUILD__=89 -D __CUDA_API_VER_MAJOR__=11 -D __CUDA_API_VER_MINOR__=8 -D __NVCC_DIAG_PRAGMA_SUPPORT__=1 /opt/ohpc/pub/apps/cuda/11.8/Linux_x86_64/22.11/cuda/11.8/bin/crt/link.stub -quiet -dumpbase link.stub -m64 -mtune=generic -march=x86-64 -auxbase-strip /tmp/tmpxft_00005030_00000000-6_cmTC_dc7e8_dlink.o -version -o /tmp/ccZXgrr1.s
GNU C++14 (GCC) version 8.3.0 (x86_64-pc-linux-gnu)
	compiled by GNU C version 8.3.0, GMP version 6.1.2, MPFR version 3.1.6, MPC version 1.0.3, isl version none
GGC heuristics: --param ggc-min-expand=100 --param ggc-min-heapsize=131072
ignoring nonexistent directory "/opt/ohpc/pub/compiler/gcc/8.3.0/lib/gcc/x86_64-pc-linux-gnu/8.3.0/../../../../x86_64-pc-linux-gnu/include"
ignoring duplicate directory "/opt/ohpc/pub/apps/cuda/11.8/Linux_x86_64/22.11/cuda/11.8/bin/../targets/x86_64-linux/include"
ignoring duplicate directory "/opt/ohpc/pub/apps/cuda/11.8/Linux_x86_64/22.11/comm_libs/nvshmem/include"
ignoring duplicate directory "/opt/ohpc/pub/apps/cuda/11.8/Linux_x86_64/22.11/comm_libs/nccl/include"
ignoring duplicate directory "/opt/ohpc/pub/apps/cuda/11.8/Linux_x86_64/22.11/math_libs/include"
ignoring duplicate directory "/opt/ohpc/pub/apps/cuda/11.8/Linux_x86_64/22.11/cuda/include"
#include "..." search starts here:
#include <...> search starts here:
 .
 /opt/ohpc/pub/apps/cuda/11.8/Linux_x86_64/22.11/cuda/11.8/include
 /opt/ohpc/pub/apps/cuda/11.8/Linux_x86_64/22.11/math_libs/11.8/include
 /opt/ohpc/pub/apps/cuda/11.8/Linux_x86_64/22.11/comm_libs/11.8/nccl/include
 /opt/ohpc/pub/apps/cuda/11.8/Linux_x86_64/22.11/comm_libs/11.8/nvshmem/include
 /opt/ohpc/pub/apps/cuda/11.8/Linux_x86_64/22.11/comm_libs/mpi/include
 /opt/ohpc/pub/apps/cuda/11.8/Linux_x86_64/22.11/compilers/include
 /opt/ohpc/pub/compiler/gcc/8.3.0/lib/gcc/x86_64-pc-linux-gnu/8.3.0/../../../../include/c++/8.3.0
 /opt/ohpc/pub/compiler/gcc/8.3.0/lib/gcc/x86_64-pc-linux-gnu/8.3.0/../../../../include/c++/8.3.0/x86_64-pc-linux-gnu
 /opt/ohpc/pub/compiler/gcc/8.3.0/lib/gcc/x86_64-pc-linux-gnu/8.3.0/../../../../include/c++/8.3.0/backward
 /opt/ohpc/pub/compiler/gcc/8.3.0/lib/gcc/x86_64-pc-linux-gnu/8.3.0/include
 /usr/local/include
 /opt/ohpc/pub/compiler/gcc/8.3.0/include
 /opt/ohpc/pub/compiler/gcc/8.3.0/lib/gcc/x86_64-pc-linux-gnu/8.3.0/include-fixed
 /usr/include
End of search list.
GNU C++14 (GCC) version 8.3.0 (x86_64-pc-linux-gnu)
	compiled by GNU C version 8.3.0, GMP version 6.1.2, MPFR version 3.1.6, MPC version 1.0.3, isl version none
GGC heuristics: --param ggc-min-expand=100 --param ggc-min-heapsize=131072
Compiler executable checksum: 6c855b3bd254c441aedb856cd1cb48f2
COLLECT_GCC_OPTIONS='-D' '__CUDA_ARCH_LIST__=700' '-c' '-D' 'FATBINFILE="/tmp/tmpxft_00005030_00000000-4_cmTC_dc7e8_dlink.fatbin.c"' '-D' 'REGISTERLINKBINARYFILE="/tmp/tmpxft_00005030_00000000-3_cmTC_dc7e8_dlink.reg.c"' '-I' '.' '-D' '__NV_EXTRA_INITIALIZATION=' '-D' '__NV_EXTRA_FINALIZATION=' '-D' '__CUDA_INCLUDE_COMPILER_INTERNAL_HEADERS__' '-v' '-I' '/opt/ohpc/pub/apps/cuda/11.8/Linux_x86_64/22.11/cuda/11.8/include' '-I' '/opt/ohpc/pub/apps/cuda/11.8/Linux_x86_64/22.11/math_libs/11.8/include' '-I' '/opt/ohpc/pub/apps/cuda/11.8/Linux_x86_64/22.11/comm_libs/11.8/nccl/include' '-I' '/opt/ohpc/pub/apps/cuda/11.8/Linux_x86_64/22.11/comm_libs/11.8/nvshmem/include' '-I' '/opt/ohpc/pub/apps/cuda/11.8/Linux_x86_64/22.11/cuda/11.8/bin/../targets/x86_64-linux/include' '-D' '__CUDACC_VER_MAJOR__=11' '-D' '__CUDACC_VER_MINOR__=8' '-D' '__CUDACC_VER_BUILD__=89' '-D' '__CUDA_API_VER_MAJOR__=11' '-D' '__CUDA_API_VER_MINOR__=8' '-D' '__NVCC_DIAG_PRAGMA_SUPPORT__=1' '-m64' '-o' '/tmp/tmpxft_00005030_00000000-6_cmTC_dc7e8_dlink.o' '-mtune=generic' '-march=x86-64'
 as -v -I . -I /opt/ohpc/pub/apps/cuda/11.8/Linux_x86_64/22.11/cuda/11.8/include -I /opt/ohpc/pub/apps/cuda/11.8/Linux_x86_64/22.11/math_libs/11.8/include -I /opt/ohpc/pub/apps/cuda/11.8/Linux_x86_64/22.11/comm_libs/11.8/nccl/include -I /opt/ohpc/pub/apps/cuda/11.8/Linux_x86_64/22.11/comm_libs/11.8/nvshmem/include -I /opt/ohpc/pub/apps/cuda/11.8/Linux_x86_64/22.11/cuda/11.8/bin/../targets/x86_64-linux/include --64 -o /tmp/tmpxft_00005030_00000000-6_cmTC_dc7e8_dlink.o /tmp/ccZXgrr1.s
GNU assembler version 2.27 (x86_64-redhat-linux) using BFD version version 2.27-44.base.el7_9.1
COMPILER_PATH=/opt/ohpc/pub/compiler/gcc/8.3.0/libexec/gcc/x86_64-pc-linux-gnu/8.3.0/:/opt/ohpc/pub/compiler/gcc/8.3.0/libexec/gcc/x86_64-pc-linux-gnu/8.3.0/:/opt/ohpc/pub/compiler/gcc/8.3.0/libexec/gcc/x86_64-pc-linux-gnu/:/opt/ohpc/pub/compiler/gcc/8.3.0/lib/gcc/x86_64-pc-linux-gnu/8.3.0/:/opt/ohpc/pub/compiler/gcc/8.3.0/lib/gcc/x86_64-pc-linux-gnu/
LIBRARY_PATH=/opt/ohpc/pub/compiler/gcc/8.3.0/lib/gcc/x86_64-pc-linux-gnu/8.3.0/:/opt/ohpc/pub/compiler/gcc/8.3.0/lib/gcc/x86_64-pc-linux-gnu/8.3.0/../../../../lib64/:/lib/../lib64/:/usr/lib/../lib64/:/opt/ohpc/pub/apps/cuda/11.8/lib64/:/opt/ohpc/pub/compiler/gcc/8.3.0/lib/gcc/x86_64-pc-linux-gnu/8.3.0/../../../:/lib/:/usr/lib/
COLLECT_GCC_OPTIONS='-D' '__CUDA_ARCH_LIST__=700' '-c' '-D' 'FATBINFILE="/tmp/tmpxft_00005030_00000000-4_cmTC_dc7e8_dlink.fatbin.c"' '-D' 'REGISTERLINKBINARYFILE="/tmp/tmpxft_00005030_00000000-3_cmTC_dc7e8_dlink.reg.c"' '-I' '.' '-D' '__NV_EXTRA_INITIALIZATION=' '-D' '__NV_EXTRA_FINALIZATION=' '-D' '__CUDA_INCLUDE_COMPILER_INTERNAL_HEADERS__' '-v' '-I' '/opt/ohpc/pub/apps/cuda/11.8/Linux_x86_64/22.11/cuda/11.8/include' '-I' '/opt/ohpc/pub/apps/cuda/11.8/Linux_x86_64/22.11/math_libs/11.8/include' '-I' '/opt/ohpc/pub/apps/cuda/11.8/Linux_x86_64/22.11/comm_libs/11.8/nccl/include' '-I' '/opt/ohpc/pub/apps/cuda/11.8/Linux_x86_64/22.11/comm_libs/11.8/nvshmem/include' '-I' '/opt/ohpc/pub/apps/cuda/11.8/Linux_x86_64/22.11/cuda/11.8/bin/../targets/x86_64-linux/include' '-D' '__CUDACC_VER_MAJOR__=11' '-D' '__CUDACC_VER_MINOR__=8' '-D' '__CUDACC_VER_BUILD__=89' '-D' '__CUDA_API_VER_MAJOR__=11' '-D' '__CUDA_API_VER_MINOR__=8' '-D' '__NVCC_DIAG_PRAGMA_SUPPORT__=1' '-m64' '-o' '/tmp/tmpxft_00005030_00000000-6_cmTC_dc7e8_dlink.o' '-mtune=generic' '-march=x86-64'
Using built-in specs.
COLLECT_GCC=g++
COLLECT_LTO_WRAPPER=/opt/ohpc/pub/compiler/gcc/8.3.0/libexec/gcc/x86_64-pc-linux-gnu/8.3.0/lto-wrapper
Target: x86_64-pc-linux-gnu
Configured with: ../configure --disable-multilib --enable-languages=c,c++,fortran --prefix=/opt/ohpc/pub/compiler/gcc/8.3.0 --disable-static --enable-shared
Thread model: posix
gcc version 8.3.0 (GCC) 
COMPILER_PATH=/opt/ohpc/pub/compiler/gcc/8.3.0/libexec/gcc/x86_64-pc-linux-gnu/8.3.0/:/opt/ohpc/pub/compiler/gcc/8.3.0/libexec/gcc/x86_64-pc-linux-gnu/8.3.0/:/opt/ohpc/pub/compiler/gcc/8.3.0/libexec/gcc/x86_64-pc-linux-gnu/:/opt/ohpc/pub/compiler/gcc/8.3.0/lib/gcc/x86_64-pc-linux-gnu/8.3.0/:/opt/ohpc/pub/compiler/gcc/8.3.0/lib/gcc/x86_64-pc-linux-gnu/
LIBRARY_PATH=/opt/ohpc/pub/compiler/gcc/8.3.0/lib/gcc/x86_64-pc-linux-gnu/8.3.0/:/opt/ohpc/pub/compiler/gcc/8.3.0/lib/gcc/x86_64-pc-linux-gnu/8.3.0/../../../../lib64/:/lib/../lib64/:/usr/lib/../lib64/:/opt/ohpc/pub/apps/cuda/11.8/lib64/:/opt/ohpc/pub/compiler/gcc/8.3.0/lib/gcc/x86_64-pc-linux-gnu/8.3.0/../../../:/lib/:/usr/lib/
COLLECT_GCC_OPTIONS='-D' '__CUDA_ARCH_LIST__=700' '-v' '-m64' '-L/opt/ohpc/pub/apps/cuda/11.8/Linux_x86_64/22.11/cuda/11.8/lib64' '-L/opt/ohpc/pub/apps/cuda/11.8/Linux_x86_64/22.11/math_libs/11.8/lib64' '-L/opt/ohpc/pub/apps/cuda/11.8/Linux_x86_64/22.11/comm_libs/11.8/nccl/lib' '-L/opt/ohpc/pub/apps/cuda/11.8/Linux_x86_64/22.11/comm_libs/11.8/nvshmem/lib' '-L/opt/ohpc/pub/apps/cuda/11.8/Linux_x86_64/22.11/cuda/11.8/bin/../targets/x86_64-linux/lib/stubs' '-L/opt/ohpc/pub/apps/cuda/11.8/Linux_x86_64/22.11/cuda/11.8/bin/../targets/x86_64-linux/lib' '-o' 'cmTC_dc7e8' '-shared-libgcc' '-mtune=generic' '-march=x86-64'
 /opt/ohpc/pub/compiler/gcc/8.3.0/libexec/gcc/x86_64-pc-linux-gnu/8.3.0/collect2 -plugin /opt/ohpc/pub/compiler/gcc/8.3.0/libexec/gcc/x86_64-pc-linux-gnu/8.3.0/liblto_plugin.so -plugin-opt=/opt/ohpc/pub/compiler/gcc/8.3.0/libexec/gcc/x86_64-pc-linux-gnu/8.3.0/lto-wrapper -plugin-opt=-fresolution=/tmp/ccijqoTZ.res -plugin-opt=-pass-through=-lgcc_s -plugin-opt=-pass-through=-lgcc -plugin-opt=-pass-through=-lc -plugin-opt=-pass-through=-lgcc_s -plugin-opt=-pass-through=-lgcc --eh-frame-hdr -m elf_x86_64 -dynamic-linker /lib64/ld-linux-x86-64.so.2 -o cmTC_dc7e8 /lib/../lib64/crt1.o /lib/../lib64/crti.o /opt/ohpc/pub/compiler/gcc/8.3.0/lib/gcc/x86_64-pc-linux-gnu/8.3.0/crtbegin.o -L/opt/ohpc/pub/apps/cuda/11.8/Linux_x86_64/22.11/cuda/11.8/lib64 -L/opt/ohpc/pub/apps/cuda/11.8/Linux_x86_64/22.11/math_libs/11.8/lib64 -L/opt/ohpc/pub/apps/cuda/11.8/Linux_x86_64/22.11/comm_libs/11.8/nccl/lib -L/opt/ohpc/pub/apps/cuda/11.8/Linux_x86_64/22.11/comm_libs/11.8/nvshmem/lib -L/opt/ohpc/pub/apps/cuda/11.8/Linux_x86_64/22.11/cuda/11.8/bin/../targets/x86_64-linux/lib/stubs -L/opt/ohpc/pub/apps/cuda/11.8/Linux_x86_64/22.11/cuda/11.8/bin/../targets/x86_64-linux/lib -L/opt/ohpc/pub/compiler/gcc/8.3.0/lib/gcc/x86_64-pc-linux-gnu/8.3.0 -L/opt/ohpc/pub/compiler/gcc/8.3.0/lib/gcc/x86_64-pc-linux-gnu/8.3.0/../../../../lib64 -L/lib/../lib64 -L/usr/lib/../lib64 -L/opt/ohpc/pub/apps/cuda/11.8/lib64 -L/opt/ohpc/pub/compiler/gcc/8.3.0/lib/gcc/x86_64-pc-linux-gnu/8.3.0/../../.. --start-group /tmp/tmpxft_00005030_00000000-6_cmTC_dc7e8_dlink.o CMakeFiles/cmTC_dc7e8.dir/CMakeCXXCompilerABI.cpp.o -rpath /opt/ohpc/pub/apps/cuda/11.8/Linux_x86_64/22.11/cuda/11.8/lib64 -rpath /opt/ohpc/pub/apps/cuda/11.8/Linux_x86_64/22.11/math_libs/11.8/lib64 -rpath /opt/ohpc/pub/apps/cuda/11.8/Linux_x86_64/22.11/comm_libs/11.8/nccl/lib -lcudadevrt -lcudart_static -lrt -lpthread -ldl --end-group -lstdc++ -lm -lgcc_s -lgcc -lc -lgcc_s -lgcc /opt/ohpc/pub/compiler/gcc/8.3.0/lib/gcc/x86_64-pc-linux-gnu/8.3.0/crtend.o /lib/../lib64/crtn.o
COLLECT_GCC_OPTIONS='-D' '__CUDA_ARCH_LIST__=700' '-v' '-m64' '-L/opt/ohpc/pub/apps/cuda/11.8/Linux_x86_64/22.11/cuda/11.8/lib64' '-L/opt/ohpc/pub/apps/cuda/11.8/Linux_x86_64/22.11/math_libs/11.8/lib64' '-L/opt/ohpc/pub/apps/cuda/11.8/Linux_x86_64/22.11/comm_libs/11.8/nccl/lib' '-L/opt/ohpc/pub/apps/cuda/11.8/Linux_x86_64/22.11/comm_libs/11.8/nvshmem/lib' '-L/opt/ohpc/pub/apps/cuda/11.8/Linux_x86_64/22.11/cuda/11.8/bin/../targets/x86_64-linux/lib/stubs' '-L/opt/ohpc/pub/apps/cuda/11.8/Linux_x86_64/22.11/cuda/11.8/bin/../targets/x86_64-linux/lib' '-o' 'cmTC_dc7e8' '-shared-libgcc' '-mtune=generic' '-march=x86-64'
gmake[1]: Leaving directory `/xdisk/chanc/home/ram/athenak/gpu/build-gpu-shock/CMakeFiles/CMakeTmp'



Parsed CXX implicit include dir info from above output: rv=done
  found start of include info
  found start of implicit include info
    add: [/opt/ohpc/pub/apps/cuda/11.8/Linux_x86_64/22.11/cuda/11.8/include]
    add: [/opt/ohpc/pub/apps/cuda/11.8/Linux_x86_64/22.11/math_libs/11.8/include]
    add: [/opt/ohpc/pub/apps/cuda/11.8/Linux_x86_64/22.11/comm_libs/11.8/nccl/include]
    add: [/opt/ohpc/pub/apps/cuda/11.8/Linux_x86_64/22.11/comm_libs/11.8/nvshmem/include]
    add: [/opt/ohpc/pub/apps/cuda/11.8/Linux_x86_64/22.11/comm_libs/mpi/include]
    add: [/opt/ohpc/pub/apps/cuda/11.8/Linux_x86_64/22.11/compilers/include]
    add: [/opt/ohpc/pub/compiler/gcc/8.3.0/lib/gcc/x86_64-pc-linux-gnu/8.3.0/../../../../include/c++/8.3.0]
    add: [/opt/ohpc/pub/compiler/gcc/8.3.0/lib/gcc/x86_64-pc-linux-gnu/8.3.0/../../../../include/c++/8.3.0/x86_64-pc-linux-gnu]
    add: [/opt/ohpc/pub/compiler/gcc/8.3.0/lib/gcc/x86_64-pc-linux-gnu/8.3.0/../../../../include/c++/8.3.0/backward]
    add: [/opt/ohpc/pub/compiler/gcc/8.3.0/lib/gcc/x86_64-pc-linux-gnu/8.3.0/include]
    add: [/usr/local/include]
    add: [/opt/ohpc/pub/compiler/gcc/8.3.0/include]
    add: [/opt/ohpc/pub/compiler/gcc/8.3.0/lib/gcc/x86_64-pc-linux-gnu/8.3.0/include-fixed]
    add: [/usr/include]
  end of search list found
  collapse include dir [/opt/ohpc/pub/apps/cuda/11.8/Linux_x86_64/22.11/cuda/11.8/include] ==> [/opt/ohpc/pub/apps/cuda/11.8/Linux_x86_64/22.11/cuda/11.8/include]
  collapse include dir [/opt/ohpc/pub/apps/cuda/11.8/Linux_x86_64/22.11/math_libs/11.8/include] ==> [/opt/ohpc/pub/apps/cuda/11.8/Linux_x86_64/22.11/math_libs/11.8/include]
  collapse include dir [/opt/ohpc/pub/apps/cuda/11.8/Linux_x86_64/22.11/comm_libs/11.8/nccl/include] ==> [/opt/ohpc/pub/apps/cuda/11.8/Linux_x86_64/22.11/comm_libs/11.8/nccl/include]
  collapse include dir [/opt/ohpc/pub/apps/cuda/11.8/Linux_x86_64/22.11/comm_libs/11.8/nvshmem/include] ==> [/opt/ohpc/pub/apps/cuda/11.8/Linux_x86_64/22.11/comm_libs/11.8/nvshmem/include]
  collapse include dir [/opt/ohpc/pub/apps/cuda/11.8/Linux_x86_64/22.11/comm_libs/mpi/include] ==> [/opt/ohpc/pub/apps/cuda/11.8/Linux_x86_64/22.11/comm_libs/mpi/include]
  collapse include dir [/opt/ohpc/pub/apps/cuda/11.8/Linux_x86_64/22.11/compilers/include] ==> [/opt/ohpc/pub/apps/cuda/11.8/Linux_x86_64/22.11/compilers/include]
  collapse include dir [/opt/ohpc/pub/compiler/gcc/8.3.0/lib/gcc/x86_64-pc-linux-gnu/8.3.0/../../../../include/c++/8.3.0] ==> [/opt/ohpc/pub/compiler/gcc/8.3.0/include/c++/8.3.0]
  collapse include dir [/opt/ohpc/pub/compiler/gcc/8.3.0/lib/gcc/x86_64-pc-linux-gnu/8.3.0/../../../../include/c++/8.3.0/x86_64-pc-linux-gnu] ==> [/opt/ohpc/pub/compiler/gcc/8.3.0/include/c++/8.3.0/x86_64-pc-linux-gnu]
  collapse include dir [/opt/ohpc/pub/compiler/gcc/8.3.0/lib/gcc/x86_64-pc-linux-gnu/8.3.0/../../../../include/c++/8.3.0/backward] ==> [/opt/ohpc/pub/compiler/gcc/8.3.0/include/c++/8.3.0/backward]
  collapse include dir [/opt/ohpc/pub/compiler/gcc/8.3.0/lib/gcc/x86_64-pc-linux-gnu/8.3.0/include] ==> [/opt/ohpc/pub/compiler/gcc/8.3.0/lib/gcc/x86_64-pc-linux-gnu/8.3.0/include]
  collapse include dir [/usr/local/include] ==> [/usr/local/include]
  collapse include dir [/opt/ohpc/pub/compiler/gcc/8.3.0/include] ==> [/opt/ohpc/pub/compiler/gcc/8.3.0/include]
  collapse include dir [/opt/ohpc/pub/compiler/gcc/8.3.0/lib/gcc/x86_64-pc-linux-gnu/8.3.0/include-fixed] ==> [/opt/ohpc/pub/compiler/gcc/8.3.0/lib/gcc/x86_64-pc-linux-gnu/8.3.0/include-fixed]
  collapse include dir [/usr/include] ==> [/usr/include]
  implicit include dirs: [/opt/ohpc/pub/apps/cuda/11.8/Linux_x86_64/22.11/cuda/11.8/include;/opt/ohpc/pub/apps/cuda/11.8/Linux_x86_64/22.11/math_libs/11.8/include;/opt/ohpc/pub/apps/cuda/11.8/Linux_x86_64/22.11/comm_libs/11.8/nccl/include;/opt/ohpc/pub/apps/cuda/11.8/Linux_x86_64/22.11/comm_libs/11.8/nvshmem/include;/opt/ohpc/pub/apps/cuda/11.8/Linux_x86_64/22.11/comm_libs/mpi/include;/opt/ohpc/pub/apps/cuda/11.8/Linux_x86_64/22.11/compilers/include;/opt/ohpc/pub/compiler/gcc/8.3.0/include/c++/8.3.0;/opt/ohpc/pub/compiler/gcc/8.3.0/include/c++/8.3.0/x86_64-pc-linux-gnu;/opt/ohpc/pub/compiler/gcc/8.3.0/include/c++/8.3.0/backward;/opt/ohpc/pub/compiler/gcc/8.3.0/lib/gcc/x86_64-pc-linux-gnu/8.3.0/include;/usr/local/include;/opt/ohpc/pub/compiler/gcc/8.3.0/include;/opt/ohpc/pub/compiler/gcc/8.3.0/lib/gcc/x86_64-pc-linux-gnu/8.3.0/include-fixed;/usr/include]


Parsed CXX implicit link information from above output:
  link line regex: [^( *|.*[/\])(ld|CMAKE_LINK_STARTFILE-NOTFOUND|([^/\]+-)?ld|collect2)[^/\]*( |$)]
  ignore line: [Change Dir: /xdisk/chanc/home/ram/athenak/gpu/build-gpu-shock/CMakeFiles/CMakeTmp]
  ignore line: []
  ignore line: [Run Build Command(s):/usr/bin/gmake cmTC_dc7e8/fast && /usr/bin/gmake  -f CMakeFiles/cmTC_dc7e8.dir/build.make CMakeFiles/cmTC_dc7e8.dir/build]
  ignore line: [gmake[1]: Entering directory `/xdisk/chanc/home/ram/athenak/gpu/build-gpu-shock/CMakeFiles/CMakeTmp']
  ignore line: [Building CXX object CMakeFiles/cmTC_dc7e8.dir/CMakeCXXCompilerABI.cpp.o]
  ignore line: [/xdisk/chanc/home/ram/athenak/kokkos/bin/nvcc_wrapper    -v -o CMakeFiles/cmTC_dc7e8.dir/CMakeCXXCompilerABI.cpp.o -c /usr/share/cmake3/Modules/CMakeCXXCompilerABI.cpp]
  ignore line: [Using built-in specs.]
  ignore line: [COLLECT_GCC=gcc]
  ignore line: [Target: x86_64-pc-linux-gnu]
  ignore line: [Configured with: ../configure --disable-multilib --enable-languages=c c++ fortran --prefix=/opt/ohpc/pub/compiler/gcc/8.3.0 --disable-static --enable-shared]
  ignore line: [Thread model: posix]
  ignore line: [gcc version 8.3.0 (GCC) ]
  ignore line: [COLLECT_GCC_OPTIONS='-D' '__CUDA_ARCH__=700' '-D' '__CUDA_ARCH_LIST__=700' '-E' '-D' 'CUDA_DOUBLE_MATH_FUNCTIONS' '-D' '__CUDACC__' '-D' '__NVCC__' '-v' '-I' '/opt/ohpc/pub/apps/cuda/11.8/Linux_x86_64/22.11/cuda/11.8/include' '-I' '/opt/ohpc/pub/apps/cuda/11.8/Linux_x86_64/22.11/math_libs/11.8/include' '-I' '/opt/ohpc/pub/apps/cuda/11.8/Linux_x86_64/22.11/comm_libs/11.8/nccl/include' '-I' '/opt/ohpc/pub/apps/cuda/11.8/Linux_x86_64/22.11/comm_libs/11.8/nvshmem/include' '-I' '/opt/ohpc/pub/apps/cuda/11.8/Linux_x86_64/22.11/cuda/11.8/bin/../targets/x86_64-linux/include' '-D' '__CUDACC_VER_MAJOR__=11' '-D' '__CUDACC_VER_MINOR__=8' '-D' '__CUDACC_VER_BUILD__=89' '-D' '__CUDA_API_VER_MAJOR__=11' '-D' '__CUDA_API_VER_MINOR__=8' '-D' '__NVCC_DIAG_PRAGMA_SUPPORT__=1' '-include' 'cuda_runtime.h' '-m64' '-o' '/tmp/tmpxft_0000501e_00000000-7_CMakeCXXCompilerABI.cpp1.ii' '-mtune=generic' '-march=x86-64']
  ignore line: [ /opt/ohpc/pub/compiler/gcc/8.3.0/libexec/gcc/x86_64-pc-linux-gnu/8.3.0/cc1plus -E -quiet -v -I /opt/ohpc/pub/apps/cuda/11.8/Linux_x86_64/22.11/cuda/11.8/include -I /opt/ohpc/pub/apps/cuda/11.8/Linux_x86_64/22.11/math_libs/11.8/include -I /opt/ohpc/pub/apps/cuda/11.8/Linux_x86_64/22.11/comm_libs/11.8/nccl/include -I /opt/ohpc/pub/apps/cuda/11.8/Linux_x86_64/22.11/comm_libs/11.8/nvshmem/include -I /opt/ohpc/pub/apps/cuda/11.8/Linux_x86_64/22.11/cuda/11.8/bin/../targets/x86_64-linux/include -D_GNU_SOURCE -D __CUDA_ARCH__=700 -D __CUDA_ARCH_LIST__=700 -D CUDA_DOUBLE_MATH_FUNCTIONS -D __CUDACC__ -D __NVCC__ -D __CUDACC_VER_MAJOR__=11 -D __CUDACC_VER_MINOR__=8 -D __CUDACC_VER_BUILD__=89 -D __CUDA_API_VER_MAJOR__=11 -D __CUDA_API_VER_MINOR__=8 -D __NVCC_DIAG_PRAGMA_SUPPORT__=1 -include cuda_runtime.h /usr/share/cmake3/Modules/CMakeCXXCompilerABI.cpp -o /tmp/tmpxft_0000501e_00000000-7_CMakeCXXCompilerABI.cpp1.ii -m64 -mtune=generic -march=x86-64]
  ignore line: [ignoring nonexistent directory "/opt/ohpc/pub/compiler/gcc/8.3.0/lib/gcc/x86_64-pc-linux-gnu/8.3.0/../../../../x86_64-pc-linux-gnu/include"]
  ignore line: [ignoring duplicate directory "/opt/ohpc/pub/apps/cuda/11.8/Linux_x86_64/22.11/cuda/11.8/bin/../targets/x86_64-linux/include"]
  ignore line: [ignoring duplicate directory "/opt/ohpc/pub/apps/cuda/11.8/Linux_x86_64/22.11/comm_libs/nvshmem/include"]
  ignore line: [ignoring duplicate directory "/opt/ohpc/pub/apps/cuda/11.8/Linux_x86_64/22.11/comm_libs/nccl/include"]
  ignore line: [ignoring duplicate directory "/opt/ohpc/pub/apps/cuda/11.8/Linux_x86_64/22.11/math_libs/include"]
  ignore line: [ignoring duplicate directory "/opt/ohpc/pub/apps/cuda/11.8/Linux_x86_64/22.11/cuda/include"]
  ignore line: [#include "..." search starts here:]
  ignore line: [#include <...> search starts here:]
  ignore line: [ /opt/ohpc/pub/apps/cuda/11.8/Linux_x86_64/22.11/cuda/11.8/include]
  ignore line: [ /opt/ohpc/pub/apps/cuda/11.8/Linux_x86_64/22.11/math_libs/11.8/include]
  ignore line: [ /opt/ohpc/pub/apps/cuda/11.8/Linux_x86_64/22.11/comm_libs/11.8/nccl/include]
  ignore line: [ /opt/ohpc/pub/apps/cuda/11.8/Linux_x86_64/22.11/comm_libs/11.8/nvshmem/include]
  ignore line: [ /opt/ohpc/pub/apps/cuda/11.8/Linux_x86_64/22.11/comm_libs/mpi/include]
  ignore line: [ /opt/ohpc/pub/apps/cuda/11.8/Linux_x86_64/22.11/compilers/include]
  ignore line: [ /opt/ohpc/pub/compiler/gcc/8.3.0/lib/gcc/x86_64-pc-linux-gnu/8.3.0/../../../../include/c++/8.3.0]
  ignore line: [ /opt/ohpc/pub/compiler/gcc/8.3.0/lib/gcc/x86_64-pc-linux-gnu/8.3.0/../../../../include/c++/8.3.0/x86_64-pc-linux-gnu]
  ignore line: [ /opt/ohpc/pub/compiler/gcc/8.3.0/lib/gcc/x86_64-pc-linux-gnu/8.3.0/../../../../include/c++/8.3.0/backward]
  ignore line: [ /opt/ohpc/pub/compiler/gcc/8.3.0/lib/gcc/x86_64-pc-linux-gnu/8.3.0/include]
  ignore line: [ /usr/local/include]
  ignore line: [ /opt/ohpc/pub/compiler/gcc/8.3.0/include]
  ignore line: [ /opt/ohpc/pub/compiler/gcc/8.3.0/lib/gcc/x86_64-pc-linux-gnu/8.3.0/include-fixed]
  ignore line: [ /usr/include]
  ignore line: [End of search list.]
  ignore line: [COMPILER_PATH=/opt/ohpc/pub/compiler/gcc/8.3.0/libexec/gcc/x86_64-pc-linux-gnu/8.3.0/:/opt/ohpc/pub/compiler/gcc/8.3.0/libexec/gcc/x86_64-pc-linux-gnu/8.3.0/:/opt/ohpc/pub/compiler/gcc/8.3.0/libexec/gcc/x86_64-pc-linux-gnu/:/opt/ohpc/pub/compiler/gcc/8.3.0/lib/gcc/x86_64-pc-linux-gnu/8.3.0/:/opt/ohpc/pub/compiler/gcc/8.3.0/lib/gcc/x86_64-pc-linux-gnu/]
  ignore line: [LIBRARY_PATH=/opt/ohpc/pub/compiler/gcc/8.3.0/lib/gcc/x86_64-pc-linux-gnu/8.3.0/:/opt/ohpc/pub/compiler/gcc/8.3.0/lib/gcc/x86_64-pc-linux-gnu/8.3.0/../../../../lib64/:/lib/../lib64/:/usr/lib/../lib64/:/opt/ohpc/pub/apps/cuda/11.8/lib64/:/opt/ohpc/pub/compiler/gcc/8.3.0/lib/gcc/x86_64-pc-linux-gnu/8.3.0/../../../:/lib/:/usr/lib/]
  ignore line: [COLLECT_GCC_OPTIONS='-D' '__CUDA_ARCH__=700' '-D' '__CUDA_ARCH_LIST__=700' '-E' '-D' 'CUDA_DOUBLE_MATH_FUNCTIONS' '-D' '__CUDACC__' '-D' '__NVCC__' '-v' '-I' '/opt/ohpc/pub/apps/cuda/11.8/Linux_x86_64/22.11/cuda/11.8/include' '-I' '/opt/ohpc/pub/apps/cuda/11.8/Linux_x86_64/22.11/math_libs/11.8/include' '-I' '/opt/ohpc/pub/apps/cuda/11.8/Linux_x86_64/22.11/comm_libs/11.8/nccl/include' '-I' '/opt/ohpc/pub/apps/cuda/11.8/Linux_x86_64/22.11/comm_libs/11.8/nvshmem/include' '-I' '/opt/ohpc/pub/apps/cuda/11.8/Linux_x86_64/22.11/cuda/11.8/bin/../targets/x86_64-linux/include' '-D' '__CUDACC_VER_MAJOR__=11' '-D' '__CUDACC_VER_MINOR__=8' '-D' '__CUDACC_VER_BUILD__=89' '-D' '__CUDA_API_VER_MAJOR__=11' '-D' '__CUDA_API_VER_MINOR__=8' '-D' '__NVCC_DIAG_PRAGMA_SUPPORT__=1' '-include' 'cuda_runtime.h' '-m64' '-o' '/tmp/tmpxft_0000501e_00000000-7_CMakeCXXCompilerABI.cpp1.ii' '-mtune=generic' '-march=x86-64']
  ignore line: [Using built-in specs.]
  ignore line: [COLLECT_GCC=gcc]
  ignore line: [Target: x86_64-pc-linux-gnu]
  ignore line: [Configured with: ../configure --disable-multilib --enable-languages=c c++ fortran --prefix=/opt/ohpc/pub/compiler/gcc/8.3.0 --disable-static --enable-shared]
  ignore line: [Thread model: posix]
  ignore line: [gcc version 8.3.0 (GCC) ]
  ignore line: [COLLECT_GCC_OPTIONS='-D' '__CUDA_ARCH_LIST__=700' '-E' '-D' '__CUDACC__' '-D' '__NVCC__' '-v' '-I' '/opt/ohpc/pub/apps/cuda/11.8/Linux_x86_64/22.11/cuda/11.8/include' '-I' '/opt/ohpc/pub/apps/cuda/11.8/Linux_x86_64/22.11/math_libs/11.8/include' '-I' '/opt/ohpc/pub/apps/cuda/11.8/Linux_x86_64/22.11/comm_libs/11.8/nccl/include' '-I' '/opt/ohpc/pub/apps/cuda/11.8/Linux_x86_64/22.11/comm_libs/11.8/nvshmem/include' '-I' '/opt/ohpc/pub/apps/cuda/11.8/Linux_x86_64/22.11/cuda/11.8/bin/../targets/x86_64-linux/include' '-D' '__CUDACC_VER_MAJOR__=11' '-D' '__CUDACC_VER_MINOR__=8' '-D' '__CUDACC_VER_BUILD__=89' '-D' '__CUDA_API_VER_MAJOR__=11' '-D' '__CUDA_API_VER_MINOR__=8' '-D' '__NVCC_DIAG_PRAGMA_SUPPORT__=1' '-include' 'cuda_runtime.h' '-m64' '-o' '/tmp/tmpxft_0000501e_00000000-5_CMakeCXXCompilerABI.cpp4.ii' '-mtune=generic' '-march=x86-64']
  ignore line: [ /opt/ohpc/pub/compiler/gcc/8.3.0/libexec/gcc/x86_64-pc-linux-gnu/8.3.0/cc1plus -E -quiet -v -I /opt/ohpc/pub/apps/cuda/11.8/Linux_x86_64/22.11/cuda/11.8/include -I /opt/ohpc/pub/apps/cuda/11.8/Linux_x86_64/22.11/math_libs/11.8/include -I /opt/ohpc/pub/apps/cuda/11.8/Linux_x86_64/22.11/comm_libs/11.8/nccl/include -I /opt/ohpc/pub/apps/cuda/11.8/Linux_x86_64/22.11/comm_libs/11.8/nvshmem/include -I /opt/ohpc/pub/apps/cuda/11.8/Linux_x86_64/22.11/cuda/11.8/bin/../targets/x86_64-linux/include -D_GNU_SOURCE -D __CUDA_ARCH_LIST__=700 -D __CUDACC__ -D __NVCC__ -D __CUDACC_VER_MAJOR__=11 -D __CUDACC_VER_MINOR__=8 -D __CUDACC_VER_BUILD__=89 -D __CUDA_API_VER_MAJOR__=11 -D __CUDA_API_VER_MINOR__=8 -D __NVCC_DIAG_PRAGMA_SUPPORT__=1 -include cuda_runtime.h /usr/share/cmake3/Modules/CMakeCXXCompilerABI.cpp -o /tmp/tmpxft_0000501e_00000000-5_CMakeCXXCompilerABI.cpp4.ii -m64 -mtune=generic -march=x86-64]
  ignore line: [ignoring nonexistent directory "/opt/ohpc/pub/compiler/gcc/8.3.0/lib/gcc/x86_64-pc-linux-gnu/8.3.0/../../../../x86_64-pc-linux-gnu/include"]
  ignore line: [ignoring duplicate directory "/opt/ohpc/pub/apps/cuda/11.8/Linux_x86_64/22.11/cuda/11.8/bin/../targets/x86_64-linux/include"]
  ignore line: [ignoring duplicate directory "/opt/ohpc/pub/apps/cuda/11.8/Linux_x86_64/22.11/comm_libs/nvshmem/include"]
  ignore line: [ignoring duplicate directory "/opt/ohpc/pub/apps/cuda/11.8/Linux_x86_64/22.11/comm_libs/nccl/include"]
  ignore line: [ignoring duplicate directory "/opt/ohpc/pub/apps/cuda/11.8/Linux_x86_64/22.11/math_libs/include"]
  ignore line: [ignoring duplicate directory "/opt/ohpc/pub/apps/cuda/11.8/Linux_x86_64/22.11/cuda/include"]
  ignore line: [#include "..." search starts here:]
  ignore line: [#include <...> search starts here:]
  ignore line: [ /opt/ohpc/pub/apps/cuda/11.8/Linux_x86_64/22.11/cuda/11.8/include]
  ignore line: [ /opt/ohpc/pub/apps/cuda/11.8/Linux_x86_64/22.11/math_libs/11.8/include]
  ignore line: [ /opt/ohpc/pub/apps/cuda/11.8/Linux_x86_64/22.11/comm_libs/11.8/nccl/include]
  ignore line: [ /opt/ohpc/pub/apps/cuda/11.8/Linux_x86_64/22.11/comm_libs/11.8/nvshmem/include]
  ignore line: [ /opt/ohpc/pub/apps/cuda/11.8/Linux_x86_64/22.11/comm_libs/mpi/include]
  ignore line: [ /opt/ohpc/pub/apps/cuda/11.8/Linux_x86_64/22.11/compilers/include]
  ignore line: [ /opt/ohpc/pub/compiler/gcc/8.3.0/lib/gcc/x86_64-pc-linux-gnu/8.3.0/../../../../include/c++/8.3.0]
  ignore line: [ /opt/ohpc/pub/compiler/gcc/8.3.0/lib/gcc/x86_64-pc-linux-gnu/8.3.0/../../../../include/c++/8.3.0/x86_64-pc-linux-gnu]
  ignore line: [ /opt/ohpc/pub/compiler/gcc/8.3.0/lib/gcc/x86_64-pc-linux-gnu/8.3.0/../../../../include/c++/8.3.0/backward]
  ignore line: [ /opt/ohpc/pub/compiler/gcc/8.3.0/lib/gcc/x86_64-pc-linux-gnu/8.3.0/include]
  ignore line: [ /usr/local/include]
  ignore line: [ /opt/ohpc/pub/compiler/gcc/8.3.0/include]
  ignore line: [ /opt/ohpc/pub/compiler/gcc/8.3.0/lib/gcc/x86_64-pc-linux-gnu/8.3.0/include-fixed]
  ignore line: [ /usr/include]
  ignore line: [End of search list.]
  ignore line: [COMPILER_PATH=/opt/ohpc/pub/compiler/gcc/8.3.0/libexec/gcc/x86_64-pc-linux-gnu/8.3.0/:/opt/ohpc/pub/compiler/gcc/8.3.0/libexec/gcc/x86_64-pc-linux-gnu/8.3.0/:/opt/ohpc/pub/compiler/gcc/8.3.0/libexec/gcc/x86_64-pc-linux-gnu/:/opt/ohpc/pub/compiler/gcc/8.3.0/lib/gcc/x86_64-pc-linux-gnu/8.3.0/:/opt/ohpc/pub/compiler/gcc/8.3.0/lib/gcc/x86_64-pc-linux-gnu/]
  ignore line: [LIBRARY_PATH=/opt/ohpc/pub/compiler/gcc/8.3.0/lib/gcc/x86_64-pc-linux-gnu/8.3.0/:/opt/ohpc/pub/compiler/gcc/8.3.0/lib/gcc/x86_64-pc-linux-gnu/8.3.0/../../../../lib64/:/lib/../lib64/:/usr/lib/../lib64/:/opt/ohpc/pub/apps/cuda/11.8/lib64/:/opt/ohpc/pub/compiler/gcc/8.3.0/lib/gcc/x86_64-pc-linux-gnu/8.3.0/../../../:/lib/:/usr/lib/]
  ignore line: [COLLECT_GCC_OPTIONS='-D' '__CUDA_ARCH_LIST__=700' '-E' '-D' '__CUDACC__' '-D' '__NVCC__' '-v' '-I' '/opt/ohpc/pub/apps/cuda/11.8/Linux_x86_64/22.11/cuda/11.8/include' '-I' '/opt/ohpc/pub/apps/cuda/11.8/Linux_x86_64/22.11/math_libs/11.8/include' '-I' '/opt/ohpc/pub/apps/cuda/11.8/Linux_x86_64/22.11/comm_libs/11.8/nccl/include' '-I' '/opt/ohpc/pub/apps/cuda/11.8/Linux_x86_64/22.11/comm_libs/11.8/nvshmem/include' '-I' '/opt/ohpc/pub/apps/cuda/11.8/Linux_x86_64/22.11/cuda/11.8/bin/../targets/x86_64-linux/include' '-D' '__CUDACC_VER_MAJOR__=11' '-D' '__CUDACC_VER_MINOR__=8' '-D' '__CUDACC_VER_BUILD__=89' '-D' '__CUDA_API_VER_MAJOR__=11' '-D' '__CUDA_API_VER_MINOR__=8' '-D' '__NVCC_DIAG_PRAGMA_SUPPORT__=1' '-include' 'cuda_runtime.h' '-m64' '-o' '/tmp/tmpxft_0000501e_00000000-5_CMakeCXXCompilerABI.cpp4.ii' '-mtune=generic' '-march=x86-64']
  ignore line: [Using built-in specs.]
  ignore line: [COLLECT_GCC=gcc]
  ignore line: [Target: x86_64-pc-linux-gnu]
  ignore line: [Configured with: ../configure --disable-multilib --enable-languages=c c++ fortran --prefix=/opt/ohpc/pub/compiler/gcc/8.3.0 --disable-static --enable-shared]
  ignore line: [Thread model: posix]
  ignore line: [gcc version 8.3.0 (GCC) ]
  ignore line: [COLLECT_GCC_OPTIONS='-D' '__CUDA_ARCH__=700' '-D' '__CUDA_ARCH_LIST__=700' '-c' '-D' 'CUDA_DOUBLE_MATH_FUNCTIONS' '-v' '-I' '/opt/ohpc/pub/apps/cuda/11.8/Linux_x86_64/22.11/cuda/11.8/include' '-I' '/opt/ohpc/pub/apps/cuda/11.8/Linux_x86_64/22.11/math_libs/11.8/include' '-I' '/opt/ohpc/pub/apps/cuda/11.8/Linux_x86_64/22.11/comm_libs/11.8/nccl/include' '-I' '/opt/ohpc/pub/apps/cuda/11.8/Linux_x86_64/22.11/comm_libs/11.8/nvshmem/include' '-I' '/opt/ohpc/pub/apps/cuda/11.8/Linux_x86_64/22.11/cuda/11.8/bin/../targets/x86_64-linux/include' '-m64' '-o' 'CMakeFiles/cmTC_dc7e8.dir/CMakeCXXCompilerABI.cpp.o' '-mtune=generic' '-march=x86-64']
  ignore line: [ /opt/ohpc/pub/compiler/gcc/8.3.0/libexec/gcc/x86_64-pc-linux-gnu/8.3.0/cc1plus -quiet -v -I /opt/ohpc/pub/apps/cuda/11.8/Linux_x86_64/22.11/cuda/11.8/include -I /opt/ohpc/pub/apps/cuda/11.8/Linux_x86_64/22.11/math_libs/11.8/include -I /opt/ohpc/pub/apps/cuda/11.8/Linux_x86_64/22.11/comm_libs/11.8/nccl/include -I /opt/ohpc/pub/apps/cuda/11.8/Linux_x86_64/22.11/comm_libs/11.8/nvshmem/include -I /opt/ohpc/pub/apps/cuda/11.8/Linux_x86_64/22.11/cuda/11.8/bin/../targets/x86_64-linux/include -D_GNU_SOURCE -D __CUDA_ARCH__=700 -D __CUDA_ARCH_LIST__=700 -D CUDA_DOUBLE_MATH_FUNCTIONS /tmp/tmpxft_0000501e_00000000-6_CMakeCXXCompilerABI.cudafe1.cpp -quiet -dumpbase tmpxft_0000501e_00000000-6_CMakeCXXCompilerABI.cudafe1.cpp -m64 -mtune=generic -march=x86-64 -auxbase-strip CMakeFiles/cmTC_dc7e8.dir/CMakeCXXCompilerABI.cpp.o -version -o /tmp/cc9Bkg1I.s]
  ignore line: [GNU C++14 (GCC) version 8.3.0 (x86_64-pc-linux-gnu)]
  ignore line: [	compiled by GNU C version 8.3.0  GMP version 6.1.2  MPFR version 3.1.6  MPC version 1.0.3  isl version none]
  ignore line: [GGC heuristics: --param ggc-min-expand=100 --param ggc-min-heapsize=131072]
  ignore line: [ignoring nonexistent directory "/opt/ohpc/pub/compiler/gcc/8.3.0/lib/gcc/x86_64-pc-linux-gnu/8.3.0/../../../../x86_64-pc-linux-gnu/include"]
  ignore line: [ignoring duplicate directory "/opt/ohpc/pub/apps/cuda/11.8/Linux_x86_64/22.11/cuda/11.8/bin/../targets/x86_64-linux/include"]
  ignore line: [ignoring duplicate directory "/opt/ohpc/pub/apps/cuda/11.8/Linux_x86_64/22.11/comm_libs/nvshmem/include"]
  ignore line: [ignoring duplicate directory "/opt/ohpc/pub/apps/cuda/11.8/Linux_x86_64/22.11/comm_libs/nccl/include"]
  ignore line: [ignoring duplicate directory "/opt/ohpc/pub/apps/cuda/11.8/Linux_x86_64/22.11/math_libs/include"]
  ignore line: [ignoring duplicate directory "/opt/ohpc/pub/apps/cuda/11.8/Linux_x86_64/22.11/cuda/include"]
  ignore line: [#include "..." search starts here:]
  ignore line: [#include <...> search starts here:]
  ignore line: [ /opt/ohpc/pub/apps/cuda/11.8/Linux_x86_64/22.11/cuda/11.8/include]
  ignore line: [ /opt/ohpc/pub/apps/cuda/11.8/Linux_x86_64/22.11/math_libs/11.8/include]
  ignore line: [ /opt/ohpc/pub/apps/cuda/11.8/Linux_x86_64/22.11/comm_libs/11.8/nccl/include]
  ignore line: [ /opt/ohpc/pub/apps/cuda/11.8/Linux_x86_64/22.11/comm_libs/11.8/nvshmem/include]
  ignore line: [ /opt/ohpc/pub/apps/cuda/11.8/Linux_x86_64/22.11/comm_libs/mpi/include]
  ignore line: [ /opt/ohpc/pub/apps/cuda/11.8/Linux_x86_64/22.11/compilers/include]
  ignore line: [ /opt/ohpc/pub/compiler/gcc/8.3.0/lib/gcc/x86_64-pc-linux-gnu/8.3.0/../../../../include/c++/8.3.0]
  ignore line: [ /opt/ohpc/pub/compiler/gcc/8.3.0/lib/gcc/x86_64-pc-linux-gnu/8.3.0/../../../../include/c++/8.3.0/x86_64-pc-linux-gnu]
  ignore line: [ /opt/ohpc/pub/compiler/gcc/8.3.0/lib/gcc/x86_64-pc-linux-gnu/8.3.0/../../../../include/c++/8.3.0/backward]
  ignore line: [ /opt/ohpc/pub/compiler/gcc/8.3.0/lib/gcc/x86_64-pc-linux-gnu/8.3.0/include]
  ignore line: [ /usr/local/include]
  ignore line: [ /opt/ohpc/pub/compiler/gcc/8.3.0/include]
  ignore line: [ /opt/ohpc/pub/compiler/gcc/8.3.0/lib/gcc/x86_64-pc-linux-gnu/8.3.0/include-fixed]
  ignore line: [ /usr/include]
  ignore line: [End of search list.]
  ignore line: [GNU C++14 (GCC) version 8.3.0 (x86_64-pc-linux-gnu)]
  ignore line: [	compiled by GNU C version 8.3.0  GMP version 6.1.2  MPFR version 3.1.6  MPC version 1.0.3  isl version none]
  ignore line: [GGC heuristics: --param ggc-min-expand=100 --param ggc-min-heapsize=131072]
  ignore line: [Compiler executable checksum: 6c855b3bd254c441aedb856cd1cb48f2]
  ignore line: [COLLECT_GCC_OPTIONS='-D' '__CUDA_ARCH__=700' '-D' '__CUDA_ARCH_LIST__=700' '-c' '-D' 'CUDA_DOUBLE_MATH_FUNCTIONS' '-v' '-I' '/opt/ohpc/pub/apps/cuda/11.8/Linux_x86_64/22.11/cuda/11.8/include' '-I' '/opt/ohpc/pub/apps/cuda/11.8/Linux_x86_64/22.11/math_libs/11.8/include' '-I' '/opt/ohpc/pub/apps/cuda/11.8/Linux_x86_64/22.11/comm_libs/11.8/nccl/include' '-I' '/opt/ohpc/pub/apps/cuda/11.8/Linux_x86_64/22.11/comm_libs/11.8/nvshmem/include' '-I' '/opt/ohpc/pub/apps/cuda/11.8/Linux_x86_64/22.11/cuda/11.8/bin/../targets/x86_64-linux/include' '-m64' '-o' 'CMakeFiles/cmTC_dc7e8.dir/CMakeCXXCompilerABI.cpp.o' '-mtune=generic' '-march=x86-64']
  ignore line: [ as -v -I /opt/ohpc/pub/apps/cuda/11.8/Linux_x86_64/22.11/cuda/11.8/include -I /opt/ohpc/pub/apps/cuda/11.8/Linux_x86_64/22.11/math_libs/11.8/include -I /opt/ohpc/pub/apps/cuda/11.8/Linux_x86_64/22.11/comm_libs/11.8/nccl/include -I /opt/ohpc/pub/apps/cuda/11.8/Linux_x86_64/22.11/comm_libs/11.8/nvshmem/include -I /opt/ohpc/pub/apps/cuda/11.8/Linux_x86_64/22.11/cuda/11.8/bin/../targets/x86_64-linux/include --64 -o CMakeFiles/cmTC_dc7e8.dir/CMakeCXXCompilerABI.cpp.o /tmp/cc9Bkg1I.s]
  ignore line: [GNU assembler version 2.27 (x86_64-redhat-linux) using BFD version version 2.27-44.base.el7_9.1]
  ignore line: [COMPILER_PATH=/opt/ohpc/pub/compiler/gcc/8.3.0/libexec/gcc/x86_64-pc-linux-gnu/8.3.0/:/opt/ohpc/pub/compiler/gcc/8.3.0/libexec/gcc/x86_64-pc-linux-gnu/8.3.0/:/opt/ohpc/pub/compiler/gcc/8.3.0/libexec/gcc/x86_64-pc-linux-gnu/:/opt/ohpc/pub/compiler/gcc/8.3.0/lib/gcc/x86_64-pc-linux-gnu/8.3.0/:/opt/ohpc/pub/compiler/gcc/8.3.0/lib/gcc/x86_64-pc-linux-gnu/]
  ignore line: [LIBRARY_PATH=/opt/ohpc/pub/compiler/gcc/8.3.0/lib/gcc/x86_64-pc-linux-gnu/8.3.0/:/opt/ohpc/pub/compiler/gcc/8.3.0/lib/gcc/x86_64-pc-linux-gnu/8.3.0/../../../../lib64/:/lib/../lib64/:/usr/lib/../lib64/:/opt/ohpc/pub/apps/cuda/11.8/lib64/:/opt/ohpc/pub/compiler/gcc/8.3.0/lib/gcc/x86_64-pc-linux-gnu/8.3.0/../../../:/lib/:/usr/lib/]
  ignore line: [COLLECT_GCC_OPTIONS='-D' '__CUDA_ARCH__=700' '-D' '__CUDA_ARCH_LIST__=700' '-c' '-D' 'CUDA_DOUBLE_MATH_FUNCTIONS' '-v' '-I' '/opt/ohpc/pub/apps/cuda/11.8/Linux_x86_64/22.11/cuda/11.8/include' '-I' '/opt/ohpc/pub/apps/cuda/11.8/Linux_x86_64/22.11/math_libs/11.8/include' '-I' '/opt/ohpc/pub/apps/cuda/11.8/Linux_x86_64/22.11/comm_libs/11.8/nccl/include' '-I' '/opt/ohpc/pub/apps/cuda/11.8/Linux_x86_64/22.11/comm_libs/11.8/nvshmem/include' '-I' '/opt/ohpc/pub/apps/cuda/11.8/Linux_x86_64/22.11/cuda/11.8/bin/../targets/x86_64-linux/include' '-m64' '-o' 'CMakeFiles/cmTC_dc7e8.dir/CMakeCXXCompilerABI.cpp.o' '-mtune=generic' '-march=x86-64']
  ignore line: [Linking CXX executable cmTC_dc7e8]
  ignore line: [/usr/bin/cmake3 -E cmake_link_script CMakeFiles/cmTC_dc7e8.dir/link.txt --verbose=1]
  ignore line: [/xdisk/chanc/home/ram/athenak/kokkos/bin/nvcc_wrapper      -v CMakeFiles/cmTC_dc7e8.dir/CMakeCXXCompilerABI.cpp.o  -o cmTC_dc7e8 ]
  ignore line: [Using built-in specs.]
  ignore line: [COLLECT_GCC=gcc]
  ignore line: [Target: x86_64-pc-linux-gnu]
  ignore line: [Configured with: ../configure --disable-multilib --enable-languages=c c++ fortran --prefix=/opt/ohpc/pub/compiler/gcc/8.3.0 --disable-static --enable-shared]
  ignore line: [Thread model: posix]
  ignore line: [gcc version 8.3.0 (GCC) ]
  ignore line: [COLLECT_GCC_OPTIONS='-D' '__CUDA_ARCH_LIST__=700' '-c' '-D' 'FATBINFILE="/tmp/tmpxft_00005030_00000000-4_cmTC_dc7e8_dlink.fatbin.c"' '-D' 'REGISTERLINKBINARYFILE="/tmp/tmpxft_00005030_00000000-3_cmTC_dc7e8_dlink.reg.c"' '-I' '.' '-D' '__NV_EXTRA_INITIALIZATION=' '-D' '__NV_EXTRA_FINALIZATION=' '-D' '__CUDA_INCLUDE_COMPILER_INTERNAL_HEADERS__' '-v' '-I' '/opt/ohpc/pub/apps/cuda/11.8/Linux_x86_64/22.11/cuda/11.8/include' '-I' '/opt/ohpc/pub/apps/cuda/11.8/Linux_x86_64/22.11/math_libs/11.8/include' '-I' '/opt/ohpc/pub/apps/cuda/11.8/Linux_x86_64/22.11/comm_libs/11.8/nccl/include' '-I' '/opt/ohpc/pub/apps/cuda/11.8/Linux_x86_64/22.11/comm_libs/11.8/nvshmem/include' '-I' '/opt/ohpc/pub/apps/cuda/11.8/Linux_x86_64/22.11/cuda/11.8/bin/../targets/x86_64-linux/include' '-D' '__CUDACC_VER_MAJOR__=11' '-D' '__CUDACC_VER_MINOR__=8' '-D' '__CUDACC_VER_BUILD__=89' '-D' '__CUDA_API_VER_MAJOR__=11' '-D' '__CUDA_API_VER_MINOR__=8' '-D' '__NVCC_DIAG_PRAGMA_SUPPORT__=1' '-m64' '-o' '/tmp/tmpxft_00005030_00000000-6_cmTC_dc7e8_dlink.o' '-mtune=generic' '-march=x86-64']
  ignore line: [ /opt/ohpc/pub/compiler/gcc/8.3.0/libexec/gcc/x86_64-pc-linux-gnu/8.3.0/cc1plus -quiet -v -I . -I /opt/ohpc/pub/apps/cuda/11.8/Linux_x86_64/22.11/cuda/11.8/include -I /opt/ohpc/pub/apps/cuda/11.8/Linux_x86_64/22.11/math_libs/11.8/include -I /opt/ohpc/pub/apps/cuda/11.8/Linux_x86_64/22.11/comm_libs/11.8/nccl/include -I /opt/ohpc/pub/apps/cuda/11.8/Linux_x86_64/22.11/comm_libs/11.8/nvshmem/include -I /opt/ohpc/pub/apps/cuda/11.8/Linux_x86_64/22.11/cuda/11.8/bin/../targets/x86_64-linux/include -D_GNU_SOURCE -D __CUDA_ARCH_LIST__=700 -D FATBINFILE="/tmp/tmpxft_00005030_00000000-4_cmTC_dc7e8_dlink.fatbin.c" -D REGISTERLINKBINARYFILE="/tmp/tmpxft_00005030_00000000-3_cmTC_dc7e8_dlink.reg.c" -D __NV_EXTRA_INITIALIZATION= -D __NV_EXTRA_FINALIZATION= -D __CUDA_INCLUDE_COMPILER_INTERNAL_HEADERS__ -D __CUDACC_VER_MAJOR__=11 -D __CUDACC_VER_MINOR__=8 -D __CUDACC_VER_BUILD__=89 -D __CUDA_API_VER_MAJOR__=11 -D __CUDA_API_VER_MINOR__=8 -D __NVCC_DIAG_PRAGMA_SUPPORT__=1 /opt/ohpc/pub/apps/cuda/11.8/Linux_x86_64/22.11/cuda/11.8/bin/crt/link.stub -quiet -dumpbase link.stub -m64 -mtune=generic -march=x86-64 -auxbase-strip /tmp/tmpxft_00005030_00000000-6_cmTC_dc7e8_dlink.o -version -o /tmp/ccZXgrr1.s]
  ignore line: [GNU C++14 (GCC) version 8.3.0 (x86_64-pc-linux-gnu)]
  ignore line: [	compiled by GNU C version 8.3.0  GMP version 6.1.2  MPFR version 3.1.6  MPC version 1.0.3  isl version none]
  ignore line: [GGC heuristics: --param ggc-min-expand=100 --param ggc-min-heapsize=131072]
  ignore line: [ignoring nonexistent directory "/opt/ohpc/pub/compiler/gcc/8.3.0/lib/gcc/x86_64-pc-linux-gnu/8.3.0/../../../../x86_64-pc-linux-gnu/include"]
  ignore line: [ignoring duplicate directory "/opt/ohpc/pub/apps/cuda/11.8/Linux_x86_64/22.11/cuda/11.8/bin/../targets/x86_64-linux/include"]
  ignore line: [ignoring duplicate directory "/opt/ohpc/pub/apps/cuda/11.8/Linux_x86_64/22.11/comm_libs/nvshmem/include"]
  ignore line: [ignoring duplicate directory "/opt/ohpc/pub/apps/cuda/11.8/Linux_x86_64/22.11/comm_libs/nccl/include"]
  ignore line: [ignoring duplicate directory "/opt/ohpc/pub/apps/cuda/11.8/Linux_x86_64/22.11/math_libs/include"]
  ignore line: [ignoring duplicate directory "/opt/ohpc/pub/apps/cuda/11.8/Linux_x86_64/22.11/cuda/include"]
  ignore line: [#include "..." search starts here:]
  ignore line: [#include <...> search starts here:]
  ignore line: [ .]
  ignore line: [ /opt/ohpc/pub/apps/cuda/11.8/Linux_x86_64/22.11/cuda/11.8/include]
  ignore line: [ /opt/ohpc/pub/apps/cuda/11.8/Linux_x86_64/22.11/math_libs/11.8/include]
  ignore line: [ /opt/ohpc/pub/apps/cuda/11.8/Linux_x86_64/22.11/comm_libs/11.8/nccl/include]
  ignore line: [ /opt/ohpc/pub/apps/cuda/11.8/Linux_x86_64/22.11/comm_libs/11.8/nvshmem/include]
  ignore line: [ /opt/ohpc/pub/apps/cuda/11.8/Linux_x86_64/22.11/comm_libs/mpi/include]
  ignore line: [ /opt/ohpc/pub/apps/cuda/11.8/Linux_x86_64/22.11/compilers/include]
  ignore line: [ /opt/ohpc/pub/compiler/gcc/8.3.0/lib/gcc/x86_64-pc-linux-gnu/8.3.0/../../../../include/c++/8.3.0]
  ignore line: [ /opt/ohpc/pub/compiler/gcc/8.3.0/lib/gcc/x86_64-pc-linux-gnu/8.3.0/../../../../include/c++/8.3.0/x86_64-pc-linux-gnu]
  ignore line: [ /opt/ohpc/pub/compiler/gcc/8.3.0/lib/gcc/x86_64-pc-linux-gnu/8.3.0/../../../../include/c++/8.3.0/backward]
  ignore line: [ /opt/ohpc/pub/compiler/gcc/8.3.0/lib/gcc/x86_64-pc-linux-gnu/8.3.0/include]
  ignore line: [ /usr/local/include]
  ignore line: [ /opt/ohpc/pub/compiler/gcc/8.3.0/include]
  ignore line: [ /opt/ohpc/pub/compiler/gcc/8.3.0/lib/gcc/x86_64-pc-linux-gnu/8.3.0/include-fixed]
  ignore line: [ /usr/include]
  ignore line: [End of search list.]
  ignore line: [GNU C++14 (GCC) version 8.3.0 (x86_64-pc-linux-gnu)]
  ignore line: [	compiled by GNU C version 8.3.0  GMP version 6.1.2  MPFR version 3.1.6  MPC version 1.0.3  isl version none]
  ignore line: [GGC heuristics: --param ggc-min-expand=100 --param ggc-min-heapsize=131072]
  ignore line: [Compiler executable checksum: 6c855b3bd254c441aedb856cd1cb48f2]
  ignore line: [COLLECT_GCC_OPTIONS='-D' '__CUDA_ARCH_LIST__=700' '-c' '-D' 'FATBINFILE="/tmp/tmpxft_00005030_00000000-4_cmTC_dc7e8_dlink.fatbin.c"' '-D' 'REGISTERLINKBINARYFILE="/tmp/tmpxft_00005030_00000000-3_cmTC_dc7e8_dlink.reg.c"' '-I' '.' '-D' '__NV_EXTRA_INITIALIZATION=' '-D' '__NV_EXTRA_FINALIZATION=' '-D' '__CUDA_INCLUDE_COMPILER_INTERNAL_HEADERS__' '-v' '-I' '/opt/ohpc/pub/apps/cuda/11.8/Linux_x86_64/22.11/cuda/11.8/include' '-I' '/opt/ohpc/pub/apps/cuda/11.8/Linux_x86_64/22.11/math_libs/11.8/include' '-I' '/opt/ohpc/pub/apps/cuda/11.8/Linux_x86_64/22.11/comm_libs/11.8/nccl/include' '-I' '/opt/ohpc/pub/apps/cuda/11.8/Linux_x86_64/22.11/comm_libs/11.8/nvshmem/include' '-I' '/opt/ohpc/pub/apps/cuda/11.8/Linux_x86_64/22.11/cuda/11.8/bin/../targets/x86_64-linux/include' '-D' '__CUDACC_VER_MAJOR__=11' '-D' '__CUDACC_VER_MINOR__=8' '-D' '__CUDACC_VER_BUILD__=89' '-D' '__CUDA_API_VER_MAJOR__=11' '-D' '__CUDA_API_VER_MINOR__=8' '-D' '__NVCC_DIAG_PRAGMA_SUPPORT__=1' '-m64' '-o' '/tmp/tmpxft_00005030_00000000-6_cmTC_dc7e8_dlink.o' '-mtune=generic' '-march=x86-64']
  ignore line: [ as -v -I . -I /opt/ohpc/pub/apps/cuda/11.8/Linux_x86_64/22.11/cuda/11.8/include -I /opt/ohpc/pub/apps/cuda/11.8/Linux_x86_64/22.11/math_libs/11.8/include -I /opt/ohpc/pub/apps/cuda/11.8/Linux_x86_64/22.11/comm_libs/11.8/nccl/include -I /opt/ohpc/pub/apps/cuda/11.8/Linux_x86_64/22.11/comm_libs/11.8/nvshmem/include -I /opt/ohpc/pub/apps/cuda/11.8/Linux_x86_64/22.11/cuda/11.8/bin/../targets/x86_64-linux/include --64 -o /tmp/tmpxft_00005030_00000000-6_cmTC_dc7e8_dlink.o /tmp/ccZXgrr1.s]
  ignore line: [GNU assembler version 2.27 (x86_64-redhat-linux) using BFD version version 2.27-44.base.el7_9.1]
  ignore line: [COMPILER_PATH=/opt/ohpc/pub/compiler/gcc/8.3.0/libexec/gcc/x86_64-pc-linux-gnu/8.3.0/:/opt/ohpc/pub/compiler/gcc/8.3.0/libexec/gcc/x86_64-pc-linux-gnu/8.3.0/:/opt/ohpc/pub/compiler/gcc/8.3.0/libexec/gcc/x86_64-pc-linux-gnu/:/opt/ohpc/pub/compiler/gcc/8.3.0/lib/gcc/x86_64-pc-linux-gnu/8.3.0/:/opt/ohpc/pub/compiler/gcc/8.3.0/lib/gcc/x86_64-pc-linux-gnu/]
  ignore line: [LIBRARY_PATH=/opt/ohpc/pub/compiler/gcc/8.3.0/lib/gcc/x86_64-pc-linux-gnu/8.3.0/:/opt/ohpc/pub/compiler/gcc/8.3.0/lib/gcc/x86_64-pc-linux-gnu/8.3.0/../../../../lib64/:/lib/../lib64/:/usr/lib/../lib64/:/opt/ohpc/pub/apps/cuda/11.8/lib64/:/opt/ohpc/pub/compiler/gcc/8.3.0/lib/gcc/x86_64-pc-linux-gnu/8.3.0/../../../:/lib/:/usr/lib/]
  ignore line: [COLLECT_GCC_OPTIONS='-D' '__CUDA_ARCH_LIST__=700' '-c' '-D' 'FATBINFILE="/tmp/tmpxft_00005030_00000000-4_cmTC_dc7e8_dlink.fatbin.c"' '-D' 'REGISTERLINKBINARYFILE="/tmp/tmpxft_00005030_00000000-3_cmTC_dc7e8_dlink.reg.c"' '-I' '.' '-D' '__NV_EXTRA_INITIALIZATION=' '-D' '__NV_EXTRA_FINALIZATION=' '-D' '__CUDA_INCLUDE_COMPILER_INTERNAL_HEADERS__' '-v' '-I' '/opt/ohpc/pub/apps/cuda/11.8/Linux_x86_64/22.11/cuda/11.8/include' '-I' '/opt/ohpc/pub/apps/cuda/11.8/Linux_x86_64/22.11/math_libs/11.8/include' '-I' '/opt/ohpc/pub/apps/cuda/11.8/Linux_x86_64/22.11/comm_libs/11.8/nccl/include' '-I' '/opt/ohpc/pub/apps/cuda/11.8/Linux_x86_64/22.11/comm_libs/11.8/nvshmem/include' '-I' '/opt/ohpc/pub/apps/cuda/11.8/Linux_x86_64/22.11/cuda/11.8/bin/../targets/x86_64-linux/include' '-D' '__CUDACC_VER_MAJOR__=11' '-D' '__CUDACC_VER_MINOR__=8' '-D' '__CUDACC_VER_BUILD__=89' '-D' '__CUDA_API_VER_MAJOR__=11' '-D' '__CUDA_API_VER_MINOR__=8' '-D' '__NVCC_DIAG_PRAGMA_SUPPORT__=1' '-m64' '-o' '/tmp/tmpxft_00005030_00000000-6_cmTC_dc7e8_dlink.o' '-mtune=generic' '-march=x86-64']
  ignore line: [Using built-in specs.]
  ignore line: [COLLECT_GCC=g++]
  ignore line: [COLLECT_LTO_WRAPPER=/opt/ohpc/pub/compiler/gcc/8.3.0/libexec/gcc/x86_64-pc-linux-gnu/8.3.0/lto-wrapper]
  ignore line: [Target: x86_64-pc-linux-gnu]
  ignore line: [Configured with: ../configure --disable-multilib --enable-languages=c c++ fortran --prefix=/opt/ohpc/pub/compiler/gcc/8.3.0 --disable-static --enable-shared]
  ignore line: [Thread model: posix]
  ignore line: [gcc version 8.3.0 (GCC) ]
  ignore line: [COMPILER_PATH=/opt/ohpc/pub/compiler/gcc/8.3.0/libexec/gcc/x86_64-pc-linux-gnu/8.3.0/:/opt/ohpc/pub/compiler/gcc/8.3.0/libexec/gcc/x86_64-pc-linux-gnu/8.3.0/:/opt/ohpc/pub/compiler/gcc/8.3.0/libexec/gcc/x86_64-pc-linux-gnu/:/opt/ohpc/pub/compiler/gcc/8.3.0/lib/gcc/x86_64-pc-linux-gnu/8.3.0/:/opt/ohpc/pub/compiler/gcc/8.3.0/lib/gcc/x86_64-pc-linux-gnu/]
  ignore line: [LIBRARY_PATH=/opt/ohpc/pub/compiler/gcc/8.3.0/lib/gcc/x86_64-pc-linux-gnu/8.3.0/:/opt/ohpc/pub/compiler/gcc/8.3.0/lib/gcc/x86_64-pc-linux-gnu/8.3.0/../../../../lib64/:/lib/../lib64/:/usr/lib/../lib64/:/opt/ohpc/pub/apps/cuda/11.8/lib64/:/opt/ohpc/pub/compiler/gcc/8.3.0/lib/gcc/x86_64-pc-linux-gnu/8.3.0/../../../:/lib/:/usr/lib/]
  ignore line: [COLLECT_GCC_OPTIONS='-D' '__CUDA_ARCH_LIST__=700' '-v' '-m64' '-L/opt/ohpc/pub/apps/cuda/11.8/Linux_x86_64/22.11/cuda/11.8/lib64' '-L/opt/ohpc/pub/apps/cuda/11.8/Linux_x86_64/22.11/math_libs/11.8/lib64' '-L/opt/ohpc/pub/apps/cuda/11.8/Linux_x86_64/22.11/comm_libs/11.8/nccl/lib' '-L/opt/ohpc/pub/apps/cuda/11.8/Linux_x86_64/22.11/comm_libs/11.8/nvshmem/lib' '-L/opt/ohpc/pub/apps/cuda/11.8/Linux_x86_64/22.11/cuda/11.8/bin/../targets/x86_64-linux/lib/stubs' '-L/opt/ohpc/pub/apps/cuda/11.8/Linux_x86_64/22.11/cuda/11.8/bin/../targets/x86_64-linux/lib' '-o' 'cmTC_dc7e8' '-shared-libgcc' '-mtune=generic' '-march=x86-64']
  link line: [ /opt/ohpc/pub/compiler/gcc/8.3.0/libexec/gcc/x86_64-pc-linux-gnu/8.3.0/collect2 -plugin /opt/ohpc/pub/compiler/gcc/8.3.0/libexec/gcc/x86_64-pc-linux-gnu/8.3.0/liblto_plugin.so -plugin-opt=/opt/ohpc/pub/compiler/gcc/8.3.0/libexec/gcc/x86_64-pc-linux-gnu/8.3.0/lto-wrapper -plugin-opt=-fresolution=/tmp/ccijqoTZ.res -plugin-opt=-pass-through=-lgcc_s -plugin-opt=-pass-through=-lgcc -plugin-opt=-pass-through=-lc -plugin-opt=-pass-through=-lgcc_s -plugin-opt=-pass-through=-lgcc --eh-frame-hdr -m elf_x86_64 -dynamic-linker /lib64/ld-linux-x86-64.so.2 -o cmTC_dc7e8 /lib/../lib64/crt1.o /lib/../lib64/crti.o /opt/ohpc/pub/compiler/gcc/8.3.0/lib/gcc/x86_64-pc-linux-gnu/8.3.0/crtbegin.o -L/opt/ohpc/pub/apps/cuda/11.8/Linux_x86_64/22.11/cuda/11.8/lib64 -L/opt/ohpc/pub/apps/cuda/11.8/Linux_x86_64/22.11/math_libs/11.8/lib64 -L/opt/ohpc/pub/apps/cuda/11.8/Linux_x86_64/22.11/comm_libs/11.8/nccl/lib -L/opt/ohpc/pub/apps/cuda/11.8/Linux_x86_64/22.11/comm_libs/11.8/nvshmem/lib -L/opt/ohpc/pub/apps/cuda/11.8/Linux_x86_64/22.11/cuda/11.8/bin/../targets/x86_64-linux/lib/stubs -L/opt/ohpc/pub/apps/cuda/11.8/Linux_x86_64/22.11/cuda/11.8/bin/../targets/x86_64-linux/lib -L/opt/ohpc/pub/compiler/gcc/8.3.0/lib/gcc/x86_64-pc-linux-gnu/8.3.0 -L/opt/ohpc/pub/compiler/gcc/8.3.0/lib/gcc/x86_64-pc-linux-gnu/8.3.0/../../../../lib64 -L/lib/../lib64 -L/usr/lib/../lib64 -L/opt/ohpc/pub/apps/cuda/11.8/lib64 -L/opt/ohpc/pub/compiler/gcc/8.3.0/lib/gcc/x86_64-pc-linux-gnu/8.3.0/../../.. --start-group /tmp/tmpxft_00005030_00000000-6_cmTC_dc7e8_dlink.o CMakeFiles/cmTC_dc7e8.dir/CMakeCXXCompilerABI.cpp.o -rpath /opt/ohpc/pub/apps/cuda/11.8/Linux_x86_64/22.11/cuda/11.8/lib64 -rpath /opt/ohpc/pub/apps/cuda/11.8/Linux_x86_64/22.11/math_libs/11.8/lib64 -rpath /opt/ohpc/pub/apps/cuda/11.8/Linux_x86_64/22.11/comm_libs/11.8/nccl/lib -lcudadevrt -lcudart_static -lrt -lpthread -ldl --end-group -lstdc++ -lm -lgcc_s -lgcc -lc -lgcc_s -lgcc /opt/ohpc/pub/compiler/gcc/8.3.0/lib/gcc/x86_64-pc-linux-gnu/8.3.0/crtend.o /lib/../lib64/crtn.o]
    arg [/opt/ohpc/pub/compiler/gcc/8.3.0/libexec/gcc/x86_64-pc-linux-gnu/8.3.0/collect2] ==> ignore
    arg [-plugin] ==> ignore
    arg [/opt/ohpc/pub/compiler/gcc/8.3.0/libexec/gcc/x86_64-pc-linux-gnu/8.3.0/liblto_plugin.so] ==> ignore
    arg [-plugin-opt=/opt/ohpc/pub/compiler/gcc/8.3.0/libexec/gcc/x86_64-pc-linux-gnu/8.3.0/lto-wrapper] ==> ignore
    arg [-plugin-opt=-fresolution=/tmp/ccijqoTZ.res] ==> ignore
    arg [-plugin-opt=-pass-through=-lgcc_s] ==> ignore
    arg [-plugin-opt=-pass-through=-lgcc] ==> ignore
    arg [-plugin-opt=-pass-through=-lc] ==> ignore
    arg [-plugin-opt=-pass-through=-lgcc_s] ==> ignore
    arg [-plugin-opt=-pass-through=-lgcc] ==> ignore
    arg [--eh-frame-hdr] ==> ignore
    arg [-m] ==> ignore
    arg [elf_x86_64] ==> ignore
    arg [-dynamic-linker] ==> ignore
    arg [/lib64/ld-linux-x86-64.so.2] ==> ignore
    arg [-o] ==> ignore
    arg [cmTC_dc7e8] ==> ignore
    arg [/lib/../lib64/crt1.o] ==> ignore
    arg [/lib/../lib64/crti.o] ==> ignore
    arg [/opt/ohpc/pub/compiler/gcc/8.3.0/lib/gcc/x86_64-pc-linux-gnu/8.3.0/crtbegin.o] ==> ignore
    arg [-L/opt/ohpc/pub/apps/cuda/11.8/Linux_x86_64/22.11/cuda/11.8/lib64] ==> dir [/opt/ohpc/pub/apps/cuda/11.8/Linux_x86_64/22.11/cuda/11.8/lib64]
    arg [-L/opt/ohpc/pub/apps/cuda/11.8/Linux_x86_64/22.11/math_libs/11.8/lib64] ==> dir [/opt/ohpc/pub/apps/cuda/11.8/Linux_x86_64/22.11/math_libs/11.8/lib64]
    arg [-L/opt/ohpc/pub/apps/cuda/11.8/Linux_x86_64/22.11/comm_libs/11.8/nccl/lib] ==> dir [/opt/ohpc/pub/apps/cuda/11.8/Linux_x86_64/22.11/comm_libs/11.8/nccl/lib]
    arg [-L/opt/ohpc/pub/apps/cuda/11.8/Linux_x86_64/22.11/comm_libs/11.8/nvshmem/lib] ==> dir [/opt/ohpc/pub/apps/cuda/11.8/Linux_x86_64/22.11/comm_libs/11.8/nvshmem/lib]
    arg [-L/opt/ohpc/pub/apps/cuda/11.8/Linux_x86_64/22.11/cuda/11.8/bin/../targets/x86_64-linux/lib/stubs] ==> dir [/opt/ohpc/pub/apps/cuda/11.8/Linux_x86_64/22.11/cuda/11.8/bin/../targets/x86_64-linux/lib/stubs]
    arg [-L/opt/ohpc/pub/apps/cuda/11.8/Linux_x86_64/22.11/cuda/11.8/bin/../targets/x86_64-linux/lib] ==> dir [/opt/ohpc/pub/apps/cuda/11.8/Linux_x86_64/22.11/cuda/11.8/bin/../targets/x86_64-linux/lib]
    arg [-L/opt/ohpc/pub/compiler/gcc/8.3.0/lib/gcc/x86_64-pc-linux-gnu/8.3.0] ==> dir [/opt/ohpc/pub/compiler/gcc/8.3.0/lib/gcc/x86_64-pc-linux-gnu/8.3.0]
    arg [-L/opt/ohpc/pub/compiler/gcc/8.3.0/lib/gcc/x86_64-pc-linux-gnu/8.3.0/../../../../lib64] ==> dir [/opt/ohpc/pub/compiler/gcc/8.3.0/lib/gcc/x86_64-pc-linux-gnu/8.3.0/../../../../lib64]
    arg [-L/lib/../lib64] ==> dir [/lib/../lib64]
    arg [-L/usr/lib/../lib64] ==> dir [/usr/lib/../lib64]
    arg [-L/opt/ohpc/pub/apps/cuda/11.8/lib64] ==> dir [/opt/ohpc/pub/apps/cuda/11.8/lib64]
    arg [-L/opt/ohpc/pub/compiler/gcc/8.3.0/lib/gcc/x86_64-pc-linux-gnu/8.3.0/../../..] ==> dir [/opt/ohpc/pub/compiler/gcc/8.3.0/lib/gcc/x86_64-pc-linux-gnu/8.3.0/../../..]
    arg [--start-group] ==> ignore
    arg [/tmp/tmpxft_00005030_00000000-6_cmTC_dc7e8_dlink.o] ==> ignore
    arg [CMakeFiles/cmTC_dc7e8.dir/CMakeCXXCompilerABI.cpp.o] ==> ignore
    arg [-rpath] ==> ignore
    arg [/opt/ohpc/pub/apps/cuda/11.8/Linux_x86_64/22.11/cuda/11.8/lib64] ==> ignore
    arg [-rpath] ==> ignore
    arg [/opt/ohpc/pub/apps/cuda/11.8/Linux_x86_64/22.11/math_libs/11.8/lib64] ==> ignore
    arg [-rpath] ==> ignore
    arg [/opt/ohpc/pub/apps/cuda/11.8/Linux_x86_64/22.11/comm_libs/11.8/nccl/lib] ==> ignore
    arg [-lcudadevrt] ==> lib [cudadevrt]
    arg [-lcudart_static] ==> lib [cudart_static]
    arg [-lrt] ==> lib [rt]
    arg [-lpthread] ==> lib [pthread]
    arg [-ldl] ==> lib [dl]
    arg [--end-group] ==> ignore
    arg [-lstdc++] ==> lib [stdc++]
    arg [-lm] ==> lib [m]
    arg [-lgcc_s] ==> lib [gcc_s]
    arg [-lgcc] ==> lib [gcc]
    arg [-lc] ==> lib [c]
    arg [-lgcc_s] ==> lib [gcc_s]
    arg [-lgcc] ==> lib [gcc]
    arg [/opt/ohpc/pub/compiler/gcc/8.3.0/lib/gcc/x86_64-pc-linux-gnu/8.3.0/crtend.o] ==> ignore
    arg [/lib/../lib64/crtn.o] ==> ignore
  collapse library dir [/opt/ohpc/pub/apps/cuda/11.8/Linux_x86_64/22.11/cuda/11.8/lib64] ==> [/opt/ohpc/pub/apps/cuda/11.8/Linux_x86_64/22.11/cuda/11.8/lib64]
  collapse library dir [/opt/ohpc/pub/apps/cuda/11.8/Linux_x86_64/22.11/math_libs/11.8/lib64] ==> [/opt/ohpc/pub/apps/cuda/11.8/Linux_x86_64/22.11/math_libs/11.8/lib64]
  collapse library dir [/opt/ohpc/pub/apps/cuda/11.8/Linux_x86_64/22.11/comm_libs/11.8/nccl/lib] ==> [/opt/ohpc/pub/apps/cuda/11.8/Linux_x86_64/22.11/comm_libs/11.8/nccl/lib]
  collapse library dir [/opt/ohpc/pub/apps/cuda/11.8/Linux_x86_64/22.11/comm_libs/11.8/nvshmem/lib] ==> [/opt/ohpc/pub/apps/cuda/11.8/Linux_x86_64/22.11/comm_libs/11.8/nvshmem/lib]
  collapse library dir [/opt/ohpc/pub/apps/cuda/11.8/Linux_x86_64/22.11/cuda/11.8/bin/../targets/x86_64-linux/lib/stubs] ==> [/opt/ohpc/pub/apps/cuda/11.8/Linux_x86_64/22.11/cuda/11.8/targets/x86_64-linux/lib/stubs]
  collapse library dir [/opt/ohpc/pub/apps/cuda/11.8/Linux_x86_64/22.11/cuda/11.8/bin/../targets/x86_64-linux/lib] ==> [/opt/ohpc/pub/apps/cuda/11.8/Linux_x86_64/22.11/cuda/11.8/targets/x86_64-linux/lib]
  collapse library dir [/opt/ohpc/pub/compiler/gcc/8.3.0/lib/gcc/x86_64-pc-linux-gnu/8.3.0] ==> [/opt/ohpc/pub/compiler/gcc/8.3.0/lib/gcc/x86_64-pc-linux-gnu/8.3.0]
  collapse library dir [/opt/ohpc/pub/compiler/gcc/8.3.0/lib/gcc/x86_64-pc-linux-gnu/8.3.0/../../../../lib64] ==> [/opt/ohpc/pub/compiler/gcc/8.3.0/lib64]
  collapse library dir [/lib/../lib64] ==> [/lib64]
  collapse library dir [/usr/lib/../lib64] ==> [/usr/lib64]
  collapse library dir [/opt/ohpc/pub/apps/cuda/11.8/lib64] ==> [/opt/ohpc/pub/apps/cuda/11.8/lib64]
  collapse library dir [/opt/ohpc/pub/compiler/gcc/8.3.0/lib/gcc/x86_64-pc-linux-gnu/8.3.0/../../..] ==> [/opt/ohpc/pub/compiler/gcc/8.3.0/lib]
  implicit libs: [cudadevrt;cudart_static;rt;pthread;dl;stdc++;m;gcc_s;gcc;c;gcc_s;gcc]
  implicit dirs: [/opt/ohpc/pub/apps/cuda/11.8/Linux_x86_64/22.11/cuda/11.8/lib64;/opt/ohpc/pub/apps/cuda/11.8/Linux_x86_64/22.11/math_libs/11.8/lib64;/opt/ohpc/pub/apps/cuda/11.8/Linux_x86_64/22.11/comm_libs/11.8/nccl/lib;/opt/ohpc/pub/apps/cuda/11.8/Linux_x86_64/22.11/comm_libs/11.8/nvshmem/lib;/opt/ohpc/pub/apps/cuda/11.8/Linux_x86_64/22.11/cuda/11.8/targets/x86_64-linux/lib/stubs;/opt/ohpc/pub/apps/cuda/11.8/Linux_x86_64/22.11/cuda/11.8/targets/x86_64-linux/lib;/opt/ohpc/pub/compiler/gcc/8.3.0/lib/gcc/x86_64-pc-linux-gnu/8.3.0;/opt/ohpc/pub/compiler/gcc/8.3.0/lib64;/lib64;/usr/lib64;/opt/ohpc/pub/apps/cuda/11.8/lib64;/opt/ohpc/pub/compiler/gcc/8.3.0/lib]
  implicit fwks: []


Determining if the include file pthread.h exists passed with the following output:
Change Dir: /xdisk/chanc/home/ram/athenak/gpu/build-gpu-shock/CMakeFiles/CMakeTmp

Run Build Command(s):/usr/bin/gmake cmTC_5608a/fast && /usr/bin/gmake  -f CMakeFiles/cmTC_5608a.dir/build.make CMakeFiles/cmTC_5608a.dir/build
gmake[1]: Entering directory `/xdisk/chanc/home/ram/athenak/gpu/build-gpu-shock/CMakeFiles/CMakeTmp'
Building C object CMakeFiles/cmTC_5608a.dir/CheckIncludeFile.c.o
/opt/ohpc/pub/apps/cuda/11.8/Linux_x86_64/22.11/compilers/bin/nvc    -o CMakeFiles/cmTC_5608a.dir/CheckIncludeFile.c.o   -c /xdisk/chanc/home/ram/athenak/gpu/build-gpu-shock/CMakeFiles/CMakeTmp/CheckIncludeFile.c
Linking C executable cmTC_5608a
/usr/bin/cmake3 -E cmake_link_script CMakeFiles/cmTC_5608a.dir/link.txt --verbose=1
/opt/ohpc/pub/apps/cuda/11.8/Linux_x86_64/22.11/compilers/bin/nvc      CMakeFiles/cmTC_5608a.dir/CheckIncludeFile.c.o  -o cmTC_5608a 
gmake[1]: Leaving directory `/xdisk/chanc/home/ram/athenak/gpu/build-gpu-shock/CMakeFiles/CMakeTmp'



Performing C SOURCE FILE Test CMAKE_HAVE_LIBC_PTHREAD succeeded with the following output:
Change Dir: /xdisk/chanc/home/ram/athenak/gpu/build-gpu-shock/CMakeFiles/CMakeTmp

Run Build Command(s):/usr/bin/gmake cmTC_b7210/fast && /usr/bin/gmake  -f CMakeFiles/cmTC_b7210.dir/build.make CMakeFiles/cmTC_b7210.dir/build
gmake[1]: Entering directory `/xdisk/chanc/home/ram/athenak/gpu/build-gpu-shock/CMakeFiles/CMakeTmp'
Building C object CMakeFiles/cmTC_b7210.dir/src.c.o
/opt/ohpc/pub/apps/cuda/11.8/Linux_x86_64/22.11/compilers/bin/nvc   -DCMAKE_HAVE_LIBC_PTHREAD   -o CMakeFiles/cmTC_b7210.dir/src.c.o   -c /xdisk/chanc/home/ram/athenak/gpu/build-gpu-shock/CMakeFiles/CMakeTmp/src.c
Linking C executable cmTC_b7210
/usr/bin/cmake3 -E cmake_link_script CMakeFiles/cmTC_b7210.dir/link.txt --verbose=1
/opt/ohpc/pub/apps/cuda/11.8/Linux_x86_64/22.11/compilers/bin/nvc  -DCMAKE_HAVE_LIBC_PTHREAD    CMakeFiles/cmTC_b7210.dir/src.c.o  -o cmTC_b7210 
gmake[1]: Leaving directory `/xdisk/chanc/home/ram/athenak/gpu/build-gpu-shock/CMakeFiles/CMakeTmp'


Source file was:
#include <pthread.h>

void* test_func(void* data)
{
  return data;
}

int main(void)
{
  pthread_t thread;
  pthread_create(&thread, NULL, test_func, NULL);
  pthread_detach(thread);
  pthread_cancel(thread);
  pthread_join(thread, NULL);
  pthread_atfork(NULL, NULL, NULL);
  pthread_exit(NULL);

  return 0;
}

