The system is: Linux - 3.10.0-1160.119.1.el7.x86_64 - x86_64
Compiling the CUDA compiler identification source file "CMakeCUDACompilerId.cu" succeeded.
Compiler: /opt/ohpc/pub/apps/cuda/11.8/Linux_x86_64/22.11/compilers/bin/nvcc 
Build flags: 
Id flags:  -v;--keep;--keep-dir;tmp

The output was:
0
#$ _NVVM_BRANCH_=nvvm
#$ _SPACE_= 
#$ _CUDART_=cudart
#$ _HERE_=/opt/ohpc/pub/apps/cuda/11.8/Linux_x86_64/22.11/cuda/11.8/bin
#$ _THERE_=/opt/ohpc/pub/apps/cuda/11.8/Linux_x86_64/22.11/cuda/11.8/bin
#$ _TARGET_SIZE_=
#$ _TARGET_DIR_=
#$ _TARGET_DIR_=targets/x86_64-linux
#$ TOP=/opt/ohpc/pub/apps/cuda/11.8/Linux_x86_64/22.11/cuda/11.8/bin/..
#$ NVVMIR_LIBRARY_DIR=/opt/ohpc/pub/apps/cuda/11.8/Linux_x86_64/22.11/cuda/11.8/bin/../nvvm/libdevice
#$ LD_LIBRARY_PATH=/opt/ohpc/pub/apps/cuda/11.8/Linux_x86_64/22.11/cuda/11.8/bin/../lib:/opt/ohpc/pub/apps/cuda/11.8/Linux_x86_64/22.11/comm_libs/nvshmem/lib:/opt/ohpc/pub/apps/cuda/11.8/Linux_x86_64/22.11/comm_libs/nccl/lib:/opt/ohpc/pub/apps/cuda/11.8/Linux_x86_64/22.11/comm_libs/mpi/lib:/opt/ohpc/pub/apps/cuda/11.8/Linux_x86_64/22.11/math_libs/lib64:/opt/ohpc/pub/apps/cuda/11.8/Linux_x86_64/22.11/compilers/lib:/opt/ohpc/pub/apps/cuda/11.8/Linux_x86_64/22.11/cuda/lib64:/opt/ohpc/pub/apps/cuda/11.8/nsight-systems-2020.4.3/host-linux-x64:/opt/ohpc/pub/apps/cuda/11.8/host-linux-x64:/opt/ohpc/pub/apps/cuda/11.8/lib64/stubs:/opt/ohpc/pub/apps/cuda/11.8/lib64:/opt/ohpc/pub/mpi/openmpi3-gnu8/3.1.4/lib:/opt/ohpc/pub/compiler/gcc/8.3.0/lib64
#$ PATH=/opt/ohpc/pub/apps/cuda/11.8/Linux_x86_64/22.11/cuda/11.8/bin/../nvvm/bin:/opt/ohpc/pub/apps/cuda/11.8/Linux_x86_64/22.11/cuda/11.8/bin:/opt/ohpc/pub/apps/cuda/11.8/Linux_x86_64/22.11/comm_libs/nvshmem/bin:/opt/ohpc/pub/apps/cuda/11.8/Linux_x86_64/22.11/comm_libs/nccl/bin:/opt/ohpc/pub/apps/cuda/11.8/Linux_x86_64/22.11/comm_libs/mpi/bin:/opt/ohpc/pub/apps/cuda/11.8/Linux_x86_64/22.11/profilers/bin:/opt/ohpc/pub/apps/cuda/11.8/Linux_x86_64/22.11/compilers/bin:/opt/ohpc/pub/apps/cuda/11.8/Linux_x86_64/22.11/cuda/bin:/opt/ohpc/pub/apps/cuda/11.8/nsight-systems-2020.4.3/bin:/opt/ohpc/pub/apps/cuda/11.8/bin:/opt/ohpc/pub/apps/cmake/3.28.3/bin:/opt/ohpc/pub/mpi/openmpi3-gnu8/3.1.4/bin:/opt/ohpc/pub/compiler/gcc/8.3.0/bin:/opt/ohpc/pub/utils/prun/1.3:/opt/ohpc/pub/utils/autotools/bin:/opt/ohpc/pub/bin:/opt/TurboVNC/bin:/opt/ohpc/pub/sbin:/usr/local/bin:/usr/bin:/usr/local/sbin:/usr/sbin:/home/u27/ramadithya1771/.local/bin:/home/u27/ramadithya1771/bin
#$ INCLUDES="-I/opt/ohpc/pub/apps/cuda/11.8/Linux_x86_64/22.11/cuda/11.8/bin/../targets/x86_64-linux/include"  
#$ LIBRARIES=  "-L/opt/ohpc/pub/apps/cuda/11.8/Linux_x86_64/22.11/cuda/11.8/bin/../targets/x86_64-linux/lib/stubs" "-L/opt/ohpc/pub/apps/cuda/11.8/Linux_x86_64/22.11/cuda/11.8/bin/../targets/x86_64-linux/lib"
#$ CUDAFE_FLAGS=
#$ PTXAS_FLAGS=
#$ rm tmp/a_dlink.reg.c
#$ gcc -D__CUDA_ARCH__=520 -D__CUDA_ARCH_LIST__=520 -E -x c++  -DCUDA_DOUBLE_MATH_FUNCTIONS -D__CUDACC__ -D__NVCC__  -I"/opt/ohpc/pub/apps/cuda/11.8/Linux_x86_64/22.11/cuda/11.8/include" -I"/opt/ohpc/pub/apps/cuda/11.8/Linux_x86_64/22.11/math_libs/11.8/include" -I"/opt/ohpc/pub/apps/cuda/11.8/Linux_x86_64/22.11/comm_libs/11.8/nccl/include" -I"/opt/ohpc/pub/apps/cuda/11.8/Linux_x86_64/22.11/comm_libs/11.8/nvshmem/include" "-I/opt/ohpc/pub/apps/cuda/11.8/Linux_x86_64/22.11/cuda/11.8/bin/../targets/x86_64-linux/include"    -D__CUDACC_VER_MAJOR__=11 -D__CUDACC_VER_MINOR__=8 -D__CUDACC_VER_BUILD__=89 -D__CUDA_API_VER_MAJOR__=11 -D__CUDA_API_VER_MINOR__=8 -D__NVCC_DIAG_PRAGMA_SUPPORT__=1 -include "cuda_runtime.h" -m64 "CMakeCUDACompilerId.cu" -o "tmp/CMakeCUDACompilerId.cpp1.ii" 
#$ cicc --c++14 --gnu_version=80300 --display_error_number --orig_src_file_name "CMakeCUDACompilerId.cu" --orig_src_path_name "/xdisk/chanc/home/ram/athenak/gpu/ocelote/pascal/build-gpu-torus-mad-pascal/kokkos/CMakeFiles/CheckCUDA/CMakeFiles/3.17.5/CompilerIdCUDA/CMakeCUDACompilerId.cu" --allow_managed   -arch compute_52 -m64 --no-version-ident -ftz=0 -prec_div=1 -prec_sqrt=1 -fmad=1 --include_file_name "CMakeCUDACompilerId.fatbin.c" -tused --gen_module_id_file --module_id_file_name "tmp/CMakeCUDACompilerId.module_id" --gen_c_file_name "tmp/CMakeCUDACompilerId.cudafe1.c" --stub_file_name "tmp/CMakeCUDACompilerId.cudafe1.stub.c" --gen_device_file_name "tmp/CMakeCUDACompilerId.cudafe1.gpu"  "tmp/CMakeCUDACompilerId.cpp1.ii" -o "tmp/CMakeCUDACompilerId.ptx"
#$ ptxas -arch=sm_52 -m64  "tmp/CMakeCUDACompilerId.ptx"  -o "tmp/CMakeCUDACompilerId.sm_52.cubin" 
#$ fatbinary --create="tmp/CMakeCUDACompilerId.fatbin" -64 --cicc-cmdline="-ftz=0 -prec_div=1 -prec_sqrt=1 -fmad=1 " "--image3=kind=elf,sm=52,file=tmp/CMakeCUDACompilerId.sm_52.cubin" "--image3=kind=ptx,sm=52,file=tmp/CMakeCUDACompilerId.ptx" --embedded-fatbin="tmp/CMakeCUDACompilerId.fatbin.c" 
#$ gcc -D__CUDA_ARCH_LIST__=520 -E -x c++ -D__CUDACC__ -D__NVCC__  -I"/opt/ohpc/pub/apps/cuda/11.8/Linux_x86_64/22.11/cuda/11.8/include" -I"/opt/ohpc/pub/apps/cuda/11.8/Linux_x86_64/22.11/math_libs/11.8/include" -I"/opt/ohpc/pub/apps/cuda/11.8/Linux_x86_64/22.11/comm_libs/11.8/nccl/include" -I"/opt/ohpc/pub/apps/cuda/11.8/Linux_x86_64/22.11/comm_libs/11.8/nvshmem/include" "-I/opt/ohpc/pub/apps/cuda/11.8/Linux_x86_64/22.11/cuda/11.8/bin/../targets/x86_64-linux/include"    -D__CUDACC_VER_MAJOR__=11 -D__CUDACC_VER_MINOR__=8 -D__CUDACC_VER_BUILD__=89 -D__CUDA_API_VER_MAJOR__=11 -D__CUDA_API_VER_MINOR__=8 -D__NVCC_DIAG_PRAGMA_SUPPORT__=1 -include "cuda_runtime.h" -m64 "CMakeCUDACompilerId.cu" -o "tmp/CMakeCUDACompilerId.cpp4.ii" 
#$ cudafe++ --c++14 --gnu_version=80300 --display_error_number --orig_src_file_name "CMakeCUDACompilerId.cu" --orig_src_path_name "/xdisk/chanc/home/ram/athenak/gpu/ocelote/pascal/build-gpu-torus-mad-pascal/kokkos/CMakeFiles/CheckCUDA/CMakeFiles/3.17.5/CompilerIdCUDA/CMakeCUDACompilerId.cu" --allow_managed  --m64 --parse_templates --gen_c_file_name "tmp/CMakeCUDACompilerId.cudafe1.cpp" --stub_file_name "CMakeCUDACompilerId.cudafe1.stub.c" --module_id_file_name "tmp/CMakeCUDACompilerId.module_id" "tmp/CMakeCUDACompilerId.cpp4.ii" 
#$ gcc -D__CUDA_ARCH__=520 -D__CUDA_ARCH_LIST__=520 -c -x c++  -DCUDA_DOUBLE_MATH_FUNCTIONS -I"/opt/ohpc/pub/apps/cuda/11.8/Linux_x86_64/22.11/cuda/11.8/include" -I"/opt/ohpc/pub/apps/cuda/11.8/Linux_x86_64/22.11/math_libs/11.8/include" -I"/opt/ohpc/pub/apps/cuda/11.8/Linux_x86_64/22.11/comm_libs/11.8/nccl/include" -I"/opt/ohpc/pub/apps/cuda/11.8/Linux_x86_64/22.11/comm_libs/11.8/nvshmem/include" "-I/opt/ohpc/pub/apps/cuda/11.8/Linux_x86_64/22.11/cuda/11.8/bin/../targets/x86_64-linux/include"   -m64 "tmp/CMakeCUDACompilerId.cudafe1.cpp" -o "tmp/CMakeCUDACompilerId.o" 
#$ nvlink -m64 --arch=sm_52 --register-link-binaries="tmp/a_dlink.reg.c"  -L"/opt/ohpc/pub/apps/cuda/11.8/Linux_x86_64/22.11/cuda/11.8/lib64" -L"/opt/ohpc/pub/apps/cuda/11.8/Linux_x86_64/22.11/math_libs/11.8/lib64" -L"/opt/ohpc/pub/apps/cuda/11.8/Linux_x86_64/22.11/comm_libs/11.8/nccl/lib" -L"/opt/ohpc/pub/apps/cuda/11.8/Linux_x86_64/22.11/comm_libs/11.8/nvshmem/lib"   "-L/opt/ohpc/pub/apps/cuda/11.8/Linux_x86_64/22.11/cuda/11.8/bin/../targets/x86_64-linux/lib/stubs" "-L/opt/ohpc/pub/apps/cuda/11.8/Linux_x86_64/22.11/cuda/11.8/bin/../targets/x86_64-linux/lib" -cpu-arch=X86_64 "tmp/CMakeCUDACompilerId.o"  -lcudadevrt  -o "tmp/a_dlink.sm_52.cubin" --host-ccbin "gcc"
#$ fatbinary --create="tmp/a_dlink.fatbin" -64 --cicc-cmdline="-ftz=0 -prec_div=1 -prec_sqrt=1 -fmad=1 " -link "--image3=kind=elf,sm=52,file=tmp/a_dlink.sm_52.cubin" --embedded-fatbin="tmp/a_dlink.fatbin.c" 
#$ gcc -D__CUDA_ARCH_LIST__=520 -c -x c++ -DFATBINFILE="\"tmp/a_dlink.fatbin.c\"" -DREGISTERLINKBINARYFILE="\"tmp/a_dlink.reg.c\"" -I. -D__NV_EXTRA_INITIALIZATION= -D__NV_EXTRA_FINALIZATION= -D__CUDA_INCLUDE_COMPILER_INTERNAL_HEADERS__  -I"/opt/ohpc/pub/apps/cuda/11.8/Linux_x86_64/22.11/cuda/11.8/include" -I"/opt/ohpc/pub/apps/cuda/11.8/Linux_x86_64/22.11/math_libs/11.8/include" -I"/opt/ohpc/pub/apps/cuda/11.8/Linux_x86_64/22.11/comm_libs/11.8/nccl/include" -I"/opt/ohpc/pub/apps/cuda/11.8/Linux_x86_64/22.11/comm_libs/11.8/nvshmem/include" "-I/opt/ohpc/pub/apps/cuda/11.8/Linux_x86_64/22.11/cuda/11.8/bin/../targets/x86_64-linux/include"    -D__CUDACC_VER_MAJOR__=11 -D__CUDACC_VER_MINOR__=8 -D__CUDACC_VER_BUILD__=89 -D__CUDA_API_VER_MAJOR__=11 -D__CUDA_API_VER_MINOR__=8 -D__NVCC_DIAG_PRAGMA_SUPPORT__=1 -m64 "/opt/ohpc/pub/apps/cuda/11.8/Linux_x86_64/22.11/cuda/11.8/bin/crt/link.stub" -o "tmp/a_dlink.o" 
#$ g++ -D__CUDA_ARCH_LIST__=520 -m64 -Wl,--start-group "tmp/a_dlink.o" "tmp/CMakeCUDACompilerId.o" -Xlinker -rpath -Xlinker /opt/ohpc/pub/apps/cuda/11.8/Linux_x86_64/22.11/cuda/11.8/lib64 -Xlinker -rpath -Xlinker /opt/ohpc/pub/apps/cuda/11.8/Linux_x86_64/22.11/math_libs/11.8/lib64 -Xlinker -rpath -Xlinker /opt/ohpc/pub/apps/cuda/11.8/Linux_x86_64/22.11/comm_libs/11.8/nccl/lib -L"/opt/ohpc/pub/apps/cuda/11.8/Linux_x86_64/22.11/cuda/11.8/lib64" -L"/opt/ohpc/pub/apps/cuda/11.8/Linux_x86_64/22.11/math_libs/11.8/lib64" -L"/opt/ohpc/pub/apps/cuda/11.8/Linux_x86_64/22.11/comm_libs/11.8/nccl/lib" -L"/opt/ohpc/pub/apps/cuda/11.8/Linux_x86_64/22.11/comm_libs/11.8/nvshmem/lib"   "-L/opt/ohpc/pub/apps/cuda/11.8/Linux_x86_64/22.11/cuda/11.8/bin/../targets/x86_64-linux/lib/stubs" "-L/opt/ohpc/pub/apps/cuda/11.8/Linux_x86_64/22.11/cuda/11.8/bin/../targets/x86_64-linux/lib"  -lcudadevrt  -lcudart_static  -lrt -lpthread  -ldl  -Wl,--end-group -o "a.out" 


Compilation of the CUDA compiler identification source "CMakeCUDACompilerId.cu" produced "a.out"

The CUDA compiler identification is NVIDIA, found in "/xdisk/chanc/home/ram/athenak/gpu/ocelote/pascal/build-gpu-torus-mad-pascal/kokkos/CMakeFiles/CheckCUDA/CMakeFiles/3.17.5/CompilerIdCUDA/a.out"

Parsed CUDA nvcc implicit link information from above output:
  found 'PATH=' string: [/opt/ohpc/pub/apps/cuda/11.8/Linux_x86_64/22.11/cuda/11.8/bin/../nvvm/bin:/opt/ohpc/pub/apps/cuda/11.8/Linux_x86_64/22.11/cuda/11.8/bin:/opt/ohpc/pub/apps/cuda/11.8/Linux_x86_64/22.11/comm_libs/nvshmem/bin:/opt/ohpc/pub/apps/cuda/11.8/Linux_x86_64/22.11/comm_libs/nccl/bin:/opt/ohpc/pub/apps/cuda/11.8/Linux_x86_64/22.11/comm_libs/mpi/bin:/opt/ohpc/pub/apps/cuda/11.8/Linux_x86_64/22.11/profilers/bin:/opt/ohpc/pub/apps/cuda/11.8/Linux_x86_64/22.11/compilers/bin:/opt/ohpc/pub/apps/cuda/11.8/Linux_x86_64/22.11/cuda/bin:/opt/ohpc/pub/apps/cuda/11.8/nsight-systems-2020.4.3/bin:/opt/ohpc/pub/apps/cuda/11.8/bin:/opt/ohpc/pub/apps/cmake/3.28.3/bin:/opt/ohpc/pub/mpi/openmpi3-gnu8/3.1.4/bin:/opt/ohpc/pub/compiler/gcc/8.3.0/bin:/opt/ohpc/pub/utils/prun/1.3:/opt/ohpc/pub/utils/autotools/bin:/opt/ohpc/pub/bin:/opt/TurboVNC/bin:/opt/ohpc/pub/sbin:/usr/local/bin:/usr/bin:/usr/local/sbin:/usr/sbin:/home/u27/ramadithya1771/.local/bin:/home/u27/ramadithya1771/bin]
  found 'LIBRARIES=' string: ["-L/opt/ohpc/pub/apps/cuda/11.8/Linux_x86_64/22.11/cuda/11.8/bin/../targets/x86_64-linux/lib/stubs" "-L/opt/ohpc/pub/apps/cuda/11.8/Linux_x86_64/22.11/cuda/11.8/bin/../targets/x86_64-linux/lib"]
  considering line: [#$ rm tmp/a_dlink.reg.c]
  considering line: [gcc -D__CUDA_ARCH__=520 -D__CUDA_ARCH_LIST__=520 -E -x c++  -DCUDA_DOUBLE_MATH_FUNCTIONS -D__CUDACC__ -D__NVCC__  -I"/opt/ohpc/pub/apps/cuda/11.8/Linux_x86_64/22.11/cuda/11.8/include" -I"/opt/ohpc/pub/apps/cuda/11.8/Linux_x86_64/22.11/math_libs/11.8/include" -I"/opt/ohpc/pub/apps/cuda/11.8/Linux_x86_64/22.11/comm_libs/11.8/nccl/include" -I"/opt/ohpc/pub/apps/cuda/11.8/Linux_x86_64/22.11/comm_libs/11.8/nvshmem/include" "-I/opt/ohpc/pub/apps/cuda/11.8/Linux_x86_64/22.11/cuda/11.8/bin/../targets/x86_64-linux/include"    -D__CUDACC_VER_MAJOR__=11 -D__CUDACC_VER_MINOR__=8 -D__CUDACC_VER_BUILD__=89 -D__CUDA_API_VER_MAJOR__=11 -D__CUDA_API_VER_MINOR__=8 -D__NVCC_DIAG_PRAGMA_SUPPORT__=1 -include "cuda_runtime.h" -m64 "CMakeCUDACompilerId.cu" -o "tmp/CMakeCUDACompilerId.cpp1.ii" ]
  considering line: [cicc --c++14 --gnu_version=80300 --display_error_number --orig_src_file_name "CMakeCUDACompilerId.cu" --orig_src_path_name "/xdisk/chanc/home/ram/athenak/gpu/ocelote/pascal/build-gpu-torus-mad-pascal/kokkos/CMakeFiles/CheckCUDA/CMakeFiles/3.17.5/CompilerIdCUDA/CMakeCUDACompilerId.cu" --allow_managed   -arch compute_52 -m64 --no-version-ident -ftz=0 -prec_div=1 -prec_sqrt=1 -fmad=1 --include_file_name "CMakeCUDACompilerId.fatbin.c" -tused --gen_module_id_file --module_id_file_name "tmp/CMakeCUDACompilerId.module_id" --gen_c_file_name "tmp/CMakeCUDACompilerId.cudafe1.c" --stub_file_name "tmp/CMakeCUDACompilerId.cudafe1.stub.c" --gen_device_file_name "tmp/CMakeCUDACompilerId.cudafe1.gpu"  "tmp/CMakeCUDACompilerId.cpp1.ii" -o "tmp/CMakeCUDACompilerId.ptx"]
  considering line: [ptxas -arch=sm_52 -m64  "tmp/CMakeCUDACompilerId.ptx"  -o "tmp/CMakeCUDACompilerId.sm_52.cubin" ]
  considering line: [fatbinary --create="tmp/CMakeCUDACompilerId.fatbin" -64 --cicc-cmdline="-ftz=0 -prec_div=1 -prec_sqrt=1 -fmad=1 " "--image3=kind=elf,sm=52,file=tmp/CMakeCUDACompilerId.sm_52.cubin" "--image3=kind=ptx,sm=52,file=tmp/CMakeCUDACompilerId.ptx" --embedded-fatbin="tmp/CMakeCUDACompilerId.fatbin.c" ]
  considering line: [gcc -D__CUDA_ARCH_LIST__=520 -E -x c++ -D__CUDACC__ -D__NVCC__  -I"/opt/ohpc/pub/apps/cuda/11.8/Linux_x86_64/22.11/cuda/11.8/include" -I"/opt/ohpc/pub/apps/cuda/11.8/Linux_x86_64/22.11/math_libs/11.8/include" -I"/opt/ohpc/pub/apps/cuda/11.8/Linux_x86_64/22.11/comm_libs/11.8/nccl/include" -I"/opt/ohpc/pub/apps/cuda/11.8/Linux_x86_64/22.11/comm_libs/11.8/nvshmem/include" "-I/opt/ohpc/pub/apps/cuda/11.8/Linux_x86_64/22.11/cuda/11.8/bin/../targets/x86_64-linux/include"    -D__CUDACC_VER_MAJOR__=11 -D__CUDACC_VER_MINOR__=8 -D__CUDACC_VER_BUILD__=89 -D__CUDA_API_VER_MAJOR__=11 -D__CUDA_API_VER_MINOR__=8 -D__NVCC_DIAG_PRAGMA_SUPPORT__=1 -include "cuda_runtime.h" -m64 "CMakeCUDACompilerId.cu" -o "tmp/CMakeCUDACompilerId.cpp4.ii" ]
  considering line: [cudafe++ --c++14 --gnu_version=80300 --display_error_number --orig_src_file_name "CMakeCUDACompilerId.cu" --orig_src_path_name "/xdisk/chanc/home/ram/athenak/gpu/ocelote/pascal/build-gpu-torus-mad-pascal/kokkos/CMakeFiles/CheckCUDA/CMakeFiles/3.17.5/CompilerIdCUDA/CMakeCUDACompilerId.cu" --allow_managed  --m64 --parse_templates --gen_c_file_name "tmp/CMakeCUDACompilerId.cudafe1.cpp" --stub_file_name "CMakeCUDACompilerId.cudafe1.stub.c" --module_id_file_name "tmp/CMakeCUDACompilerId.module_id" "tmp/CMakeCUDACompilerId.cpp4.ii" ]
  considering line: [gcc -D__CUDA_ARCH__=520 -D__CUDA_ARCH_LIST__=520 -c -x c++  -DCUDA_DOUBLE_MATH_FUNCTIONS -I"/opt/ohpc/pub/apps/cuda/11.8/Linux_x86_64/22.11/cuda/11.8/include" -I"/opt/ohpc/pub/apps/cuda/11.8/Linux_x86_64/22.11/math_libs/11.8/include" -I"/opt/ohpc/pub/apps/cuda/11.8/Linux_x86_64/22.11/comm_libs/11.8/nccl/include" -I"/opt/ohpc/pub/apps/cuda/11.8/Linux_x86_64/22.11/comm_libs/11.8/nvshmem/include" "-I/opt/ohpc/pub/apps/cuda/11.8/Linux_x86_64/22.11/cuda/11.8/bin/../targets/x86_64-linux/include"   -m64 "tmp/CMakeCUDACompilerId.cudafe1.cpp" -o "tmp/CMakeCUDACompilerId.o" ]
  considering line: [nvlink -m64 --arch=sm_52 --register-link-binaries="tmp/a_dlink.reg.c"  -L"/opt/ohpc/pub/apps/cuda/11.8/Linux_x86_64/22.11/cuda/11.8/lib64" -L"/opt/ohpc/pub/apps/cuda/11.8/Linux_x86_64/22.11/math_libs/11.8/lib64" -L"/opt/ohpc/pub/apps/cuda/11.8/Linux_x86_64/22.11/comm_libs/11.8/nccl/lib" -L"/opt/ohpc/pub/apps/cuda/11.8/Linux_x86_64/22.11/comm_libs/11.8/nvshmem/lib"   "-L/opt/ohpc/pub/apps/cuda/11.8/Linux_x86_64/22.11/cuda/11.8/bin/../targets/x86_64-linux/lib/stubs" "-L/opt/ohpc/pub/apps/cuda/11.8/Linux_x86_64/22.11/cuda/11.8/bin/../targets/x86_64-linux/lib" -cpu-arch=X86_64 "tmp/CMakeCUDACompilerId.o"  -lcudadevrt  -o "tmp/a_dlink.sm_52.cubin" --host-ccbin "gcc"]
    ignoring nvlink line
  considering line: [fatbinary --create="tmp/a_dlink.fatbin" -64 --cicc-cmdline="-ftz=0 -prec_div=1 -prec_sqrt=1 -fmad=1 " -link "--image3=kind=elf,sm=52,file=tmp/a_dlink.sm_52.cubin" --embedded-fatbin="tmp/a_dlink.fatbin.c" ]
  considering line: [gcc -D__CUDA_ARCH_LIST__=520 -c -x c++ -DFATBINFILE="\"tmp/a_dlink.fatbin.c\"" -DREGISTERLINKBINARYFILE="\"tmp/a_dlink.reg.c\"" -I. -D__NV_EXTRA_INITIALIZATION= -D__NV_EXTRA_FINALIZATION= -D__CUDA_INCLUDE_COMPILER_INTERNAL_HEADERS__  -I"/opt/ohpc/pub/apps/cuda/11.8/Linux_x86_64/22.11/cuda/11.8/include" -I"/opt/ohpc/pub/apps/cuda/11.8/Linux_x86_64/22.11/math_libs/11.8/include" -I"/opt/ohpc/pub/apps/cuda/11.8/Linux_x86_64/22.11/comm_libs/11.8/nccl/include" -I"/opt/ohpc/pub/apps/cuda/11.8/Linux_x86_64/22.11/comm_libs/11.8/nvshmem/include" "-I/opt/ohpc/pub/apps/cuda/11.8/Linux_x86_64/22.11/cuda/11.8/bin/../targets/x86_64-linux/include"    -D__CUDACC_VER_MAJOR__=11 -D__CUDACC_VER_MINOR__=8 -D__CUDACC_VER_BUILD__=89 -D__CUDA_API_VER_MAJOR__=11 -D__CUDA_API_VER_MINOR__=8 -D__NVCC_DIAG_PRAGMA_SUPPORT__=1 -m64 "/opt/ohpc/pub/apps/cuda/11.8/Linux_x86_64/22.11/cuda/11.8/bin/crt/link.stub" -o "tmp/a_dlink.o" ]
  considering line: [g++ -D__CUDA_ARCH_LIST__=520 -m64 -Wl,--start-group "tmp/a_dlink.o" "tmp/CMakeCUDACompilerId.o" -Xlinker -rpath -Xlinker /opt/ohpc/pub/apps/cuda/11.8/Linux_x86_64/22.11/cuda/11.8/lib64 -Xlinker -rpath -Xlinker /opt/ohpc/pub/apps/cuda/11.8/Linux_x86_64/22.11/math_libs/11.8/lib64 -Xlinker -rpath -Xlinker /opt/ohpc/pub/apps/cuda/11.8/Linux_x86_64/22.11/comm_libs/11.8/nccl/lib -L"/opt/ohpc/pub/apps/cuda/11.8/Linux_x86_64/22.11/cuda/11.8/lib64" -L"/opt/ohpc/pub/apps/cuda/11.8/Linux_x86_64/22.11/math_libs/11.8/lib64" -L"/opt/ohpc/pub/apps/cuda/11.8/Linux_x86_64/22.11/comm_libs/11.8/nccl/lib" -L"/opt/ohpc/pub/apps/cuda/11.8/Linux_x86_64/22.11/comm_libs/11.8/nvshmem/lib"   "-L/opt/ohpc/pub/apps/cuda/11.8/Linux_x86_64/22.11/cuda/11.8/bin/../targets/x86_64-linux/lib/stubs" "-L/opt/ohpc/pub/apps/cuda/11.8/Linux_x86_64/22.11/cuda/11.8/bin/../targets/x86_64-linux/lib"  -lcudadevrt  -lcudart_static  -lrt -lpthread  -ldl  -Wl,--end-group -o "a.out" ]
    extracted link line: [g++ -D__CUDA_ARCH_LIST__=520 -m64 -Wl,--start-group "tmp/a_dlink.o" "tmp/CMakeCUDACompilerId.o" -Xlinker -rpath -Xlinker /opt/ohpc/pub/apps/cuda/11.8/Linux_x86_64/22.11/cuda/11.8/lib64 -Xlinker -rpath -Xlinker /opt/ohpc/pub/apps/cuda/11.8/Linux_x86_64/22.11/math_libs/11.8/lib64 -Xlinker -rpath -Xlinker /opt/ohpc/pub/apps/cuda/11.8/Linux_x86_64/22.11/comm_libs/11.8/nccl/lib -L"/opt/ohpc/pub/apps/cuda/11.8/Linux_x86_64/22.11/cuda/11.8/lib64" -L"/opt/ohpc/pub/apps/cuda/11.8/Linux_x86_64/22.11/math_libs/11.8/lib64" -L"/opt/ohpc/pub/apps/cuda/11.8/Linux_x86_64/22.11/comm_libs/11.8/nccl/lib" -L"/opt/ohpc/pub/apps/cuda/11.8/Linux_x86_64/22.11/comm_libs/11.8/nvshmem/lib"   "-L/opt/ohpc/pub/apps/cuda/11.8/Linux_x86_64/22.11/cuda/11.8/bin/../targets/x86_64-linux/lib/stubs" "-L/opt/ohpc/pub/apps/cuda/11.8/Linux_x86_64/22.11/cuda/11.8/bin/../targets/x86_64-linux/lib"  -lcudadevrt  -lcudart_static  -lrt -lpthread  -ldl  -Wl,--end-group -o "a.out" ]
  considering line: []
  extracted link launcher name: [g++]
  found link launcher absolute path: [/opt/ohpc/pub/compiler/gcc/8.3.0/bin/g++]

  link line regex: [^( *|.*[/\])(ld|CMAKE_LINK_STARTFILE-NOTFOUND|([^/\]+-)?ld|collect2)[^/\]*( |$)]
  link line: [cuda-fake-ld g++ -D__CUDA_ARCH_LIST__=520 -m64 -Wl,--start-group "tmp/a_dlink.o" "tmp/CMakeCUDACompilerId.o" -Xlinker -rpath -Xlinker /opt/ohpc/pub/apps/cuda/11.8/Linux_x86_64/22.11/cuda/11.8/lib64 -Xlinker -rpath -Xlinker /opt/ohpc/pub/apps/cuda/11.8/Linux_x86_64/22.11/math_libs/11.8/lib64 -Xlinker -rpath -Xlinker /opt/ohpc/pub/apps/cuda/11.8/Linux_x86_64/22.11/comm_libs/11.8/nccl/lib -L"/opt/ohpc/pub/apps/cuda/11.8/Linux_x86_64/22.11/cuda/11.8/lib64" -L"/opt/ohpc/pub/apps/cuda/11.8/Linux_x86_64/22.11/math_libs/11.8/lib64" -L"/opt/ohpc/pub/apps/cuda/11.8/Linux_x86_64/22.11/comm_libs/11.8/nccl/lib" -L"/opt/ohpc/pub/apps/cuda/11.8/Linux_x86_64/22.11/comm_libs/11.8/nvshmem/lib"   "-L/opt/ohpc/pub/apps/cuda/11.8/Linux_x86_64/22.11/cuda/11.8/bin/../targets/x86_64-linux/lib/stubs" "-L/opt/ohpc/pub/apps/cuda/11.8/Linux_x86_64/22.11/cuda/11.8/bin/../targets/x86_64-linux/lib"  -lcudadevrt  -lcudart_static  -lrt -lpthread  -ldl  -Wl,--end-group -o "a.out" ]
    arg [cuda-fake-ld] ==> ignore
    arg [g++] ==> ignore
    arg [-D__CUDA_ARCH_LIST__=520] ==> ignore
    arg [-m64] ==> ignore
    arg [-Wl,--start-group] ==> ignore
    arg [tmp/a_dlink.o] ==> ignore
    arg [tmp/CMakeCUDACompilerId.o] ==> ignore
    arg [-Xlinker] ==> ignore
    arg [-rpath] ==> ignore
    arg [-Xlinker] ==> ignore
    arg [/opt/ohpc/pub/apps/cuda/11.8/Linux_x86_64/22.11/cuda/11.8/lib64] ==> ignore
    arg [-Xlinker] ==> ignore
    arg [-rpath] ==> ignore
    arg [-Xlinker] ==> ignore
    arg [/opt/ohpc/pub/apps/cuda/11.8/Linux_x86_64/22.11/math_libs/11.8/lib64] ==> ignore
    arg [-Xlinker] ==> ignore
    arg [-rpath] ==> ignore
    arg [-Xlinker] ==> ignore
    arg [/opt/ohpc/pub/apps/cuda/11.8/Linux_x86_64/22.11/comm_libs/11.8/nccl/lib] ==> ignore
    arg [-L/opt/ohpc/pub/apps/cuda/11.8/Linux_x86_64/22.11/cuda/11.8/lib64] ==> dir [/opt/ohpc/pub/apps/cuda/11.8/Linux_x86_64/22.11/cuda/11.8/lib64]
    arg [-L/opt/ohpc/pub/apps/cuda/11.8/Linux_x86_64/22.11/math_libs/11.8/lib64] ==> dir [/opt/ohpc/pub/apps/cuda/11.8/Linux_x86_64/22.11/math_libs/11.8/lib64]
    arg [-L/opt/ohpc/pub/apps/cuda/11.8/Linux_x86_64/22.11/comm_libs/11.8/nccl/lib] ==> dir [/opt/ohpc/pub/apps/cuda/11.8/Linux_x86_64/22.11/comm_libs/11.8/nccl/lib]
    arg [-L/opt/ohpc/pub/apps/cuda/11.8/Linux_x86_64/22.11/comm_libs/11.8/nvshmem/lib] ==> dir [/opt/ohpc/pub/apps/cuda/11.8/Linux_x86_64/22.11/comm_libs/11.8/nvshmem/lib]
    arg [-L/opt/ohpc/pub/apps/cuda/11.8/Linux_x86_64/22.11/cuda/11.8/bin/../targets/x86_64-linux/lib/stubs] ==> dir [/opt/ohpc/pub/apps/cuda/11.8/Linux_x86_64/22.11/cuda/11.8/bin/../targets/x86_64-linux/lib/stubs]
    arg [-L/opt/ohpc/pub/apps/cuda/11.8/Linux_x86_64/22.11/cuda/11.8/bin/../targets/x86_64-linux/lib] ==> dir [/opt/ohpc/pub/apps/cuda/11.8/Linux_x86_64/22.11/cuda/11.8/bin/../targets/x86_64-linux/lib]
    arg [-lcudadevrt] ==> lib [cudadevrt]
    arg [-lcudart_static] ==> lib [cudart_static]
    arg [-lrt] ==> lib [rt]
    arg [-lpthread] ==> lib [pthread]
    arg [-ldl] ==> lib [dl]
    arg [-Wl,--end-group] ==> ignore
    arg [-o] ==> ignore
    arg [a.out] ==> ignore
  collapse library dir [/opt/ohpc/pub/apps/cuda/11.8/Linux_x86_64/22.11/cuda/11.8/lib64] ==> [/opt/ohpc/pub/apps/cuda/11.8/Linux_x86_64/22.11/cuda/11.8/lib64]
  collapse library dir [/opt/ohpc/pub/apps/cuda/11.8/Linux_x86_64/22.11/math_libs/11.8/lib64] ==> [/opt/ohpc/pub/apps/cuda/11.8/Linux_x86_64/22.11/math_libs/11.8/lib64]
  collapse library dir [/opt/ohpc/pub/apps/cuda/11.8/Linux_x86_64/22.11/comm_libs/11.8/nccl/lib] ==> [/opt/ohpc/pub/apps/cuda/11.8/Linux_x86_64/22.11/comm_libs/11.8/nccl/lib]
  collapse library dir [/opt/ohpc/pub/apps/cuda/11.8/Linux_x86_64/22.11/comm_libs/11.8/nvshmem/lib] ==> [/opt/ohpc/pub/apps/cuda/11.8/Linux_x86_64/22.11/comm_libs/11.8/nvshmem/lib]
  collapse library dir [/opt/ohpc/pub/apps/cuda/11.8/Linux_x86_64/22.11/cuda/11.8/bin/../targets/x86_64-linux/lib/stubs] ==> [/opt/ohpc/pub/apps/cuda/11.8/Linux_x86_64/22.11/cuda/11.8/targets/x86_64-linux/lib/stubs]
  collapse library dir [/opt/ohpc/pub/apps/cuda/11.8/Linux_x86_64/22.11/cuda/11.8/bin/../targets/x86_64-linux/lib] ==> [/opt/ohpc/pub/apps/cuda/11.8/Linux_x86_64/22.11/cuda/11.8/targets/x86_64-linux/lib]
  implicit libs: [cudadevrt;cudart_static;rt;pthread;dl]
  implicit dirs: [/opt/ohpc/pub/apps/cuda/11.8/Linux_x86_64/22.11/cuda/11.8/lib64;/opt/ohpc/pub/apps/cuda/11.8/Linux_x86_64/22.11/math_libs/11.8/lib64;/opt/ohpc/pub/apps/cuda/11.8/Linux_x86_64/22.11/comm_libs/11.8/nccl/lib;/opt/ohpc/pub/apps/cuda/11.8/Linux_x86_64/22.11/comm_libs/11.8/nvshmem/lib;/opt/ohpc/pub/apps/cuda/11.8/Linux_x86_64/22.11/cuda/11.8/targets/x86_64-linux/lib/stubs;/opt/ohpc/pub/apps/cuda/11.8/Linux_x86_64/22.11/cuda/11.8/targets/x86_64-linux/lib]
  implicit fwks: []


Parsed CUDA nvcc include information from above output:
  found 'PATH=' string: [/opt/ohpc/pub/apps/cuda/11.8/Linux_x86_64/22.11/cuda/11.8/bin/../nvvm/bin:/opt/ohpc/pub/apps/cuda/11.8/Linux_x86_64/22.11/cuda/11.8/bin:/opt/ohpc/pub/apps/cuda/11.8/Linux_x86_64/22.11/comm_libs/nvshmem/bin:/opt/ohpc/pub/apps/cuda/11.8/Linux_x86_64/22.11/comm_libs/nccl/bin:/opt/ohpc/pub/apps/cuda/11.8/Linux_x86_64/22.11/comm_libs/mpi/bin:/opt/ohpc/pub/apps/cuda/11.8/Linux_x86_64/22.11/profilers/bin:/opt/ohpc/pub/apps/cuda/11.8/Linux_x86_64/22.11/compilers/bin:/opt/ohpc/pub/apps/cuda/11.8/Linux_x86_64/22.11/cuda/bin:/opt/ohpc/pub/apps/cuda/11.8/nsight-systems-2020.4.3/bin:/opt/ohpc/pub/apps/cuda/11.8/bin:/opt/ohpc/pub/apps/cmake/3.28.3/bin:/opt/ohpc/pub/mpi/openmpi3-gnu8/3.1.4/bin:/opt/ohpc/pub/compiler/gcc/8.3.0/bin:/opt/ohpc/pub/utils/prun/1.3:/opt/ohpc/pub/utils/autotools/bin:/opt/ohpc/pub/bin:/opt/TurboVNC/bin:/opt/ohpc/pub/sbin:/usr/local/bin:/usr/bin:/usr/local/sbin:/usr/sbin:/home/u27/ramadithya1771/.local/bin:/home/u27/ramadithya1771/bin]
  found 'LIBRARIES=' string: ["-L/opt/ohpc/pub/apps/cuda/11.8/Linux_x86_64/22.11/cuda/11.8/bin/../targets/x86_64-linux/lib/stubs" "-L/opt/ohpc/pub/apps/cuda/11.8/Linux_x86_64/22.11/cuda/11.8/bin/../targets/x86_64-linux/lib"]
  considering line: [#$ rm tmp/a_dlink.reg.c]
  considering line: [gcc -D__CUDA_ARCH__=520 -D__CUDA_ARCH_LIST__=520 -E -x c++  -DCUDA_DOUBLE_MATH_FUNCTIONS -D__CUDACC__ -D__NVCC__  -I"/opt/ohpc/pub/apps/cuda/11.8/Linux_x86_64/22.11/cuda/11.8/include" -I"/opt/ohpc/pub/apps/cuda/11.8/Linux_x86_64/22.11/math_libs/11.8/include" -I"/opt/ohpc/pub/apps/cuda/11.8/Linux_x86_64/22.11/comm_libs/11.8/nccl/include" -I"/opt/ohpc/pub/apps/cuda/11.8/Linux_x86_64/22.11/comm_libs/11.8/nvshmem/include" "-I/opt/ohpc/pub/apps/cuda/11.8/Linux_x86_64/22.11/cuda/11.8/bin/../targets/x86_64-linux/include"    -D__CUDACC_VER_MAJOR__=11 -D__CUDACC_VER_MINOR__=8 -D__CUDACC_VER_BUILD__=89 -D__CUDA_API_VER_MAJOR__=11 -D__CUDA_API_VER_MINOR__=8 -D__NVCC_DIAG_PRAGMA_SUPPORT__=1 -include "cuda_runtime.h" -m64 "CMakeCUDACompilerId.cu" -o "tmp/CMakeCUDACompilerId.cpp1.ii" ]
  considering line: [cicc --c++14 --gnu_version=80300 --display_error_number --orig_src_file_name "CMakeCUDACompilerId.cu" --orig_src_path_name "/xdisk/chanc/home/ram/athenak/gpu/ocelote/pascal/build-gpu-torus-mad-pascal/kokkos/CMakeFiles/CheckCUDA/CMakeFiles/3.17.5/CompilerIdCUDA/CMakeCUDACompilerId.cu" --allow_managed   -arch compute_52 -m64 --no-version-ident -ftz=0 -prec_div=1 -prec_sqrt=1 -fmad=1 --include_file_name "CMakeCUDACompilerId.fatbin.c" -tused --gen_module_id_file --module_id_file_name "tmp/CMakeCUDACompilerId.module_id" --gen_c_file_name "tmp/CMakeCUDACompilerId.cudafe1.c" --stub_file_name "tmp/CMakeCUDACompilerId.cudafe1.stub.c" --gen_device_file_name "tmp/CMakeCUDACompilerId.cudafe1.gpu"  "tmp/CMakeCUDACompilerId.cpp1.ii" -o "tmp/CMakeCUDACompilerId.ptx"]
  considering line: [ptxas -arch=sm_52 -m64  "tmp/CMakeCUDACompilerId.ptx"  -o "tmp/CMakeCUDACompilerId.sm_52.cubin" ]
  considering line: [fatbinary --create="tmp/CMakeCUDACompilerId.fatbin" -64 --cicc-cmdline="-ftz=0 -prec_div=1 -prec_sqrt=1 -fmad=1 " "--image3=kind=elf,sm=52,file=tmp/CMakeCUDACompilerId.sm_52.cubin" "--image3=kind=ptx,sm=52,file=tmp/CMakeCUDACompilerId.ptx" --embedded-fatbin="tmp/CMakeCUDACompilerId.fatbin.c" ]
  considering line: [gcc -D__CUDA_ARCH_LIST__=520 -E -x c++ -D__CUDACC__ -D__NVCC__  -I"/opt/ohpc/pub/apps/cuda/11.8/Linux_x86_64/22.11/cuda/11.8/include" -I"/opt/ohpc/pub/apps/cuda/11.8/Linux_x86_64/22.11/math_libs/11.8/include" -I"/opt/ohpc/pub/apps/cuda/11.8/Linux_x86_64/22.11/comm_libs/11.8/nccl/include" -I"/opt/ohpc/pub/apps/cuda/11.8/Linux_x86_64/22.11/comm_libs/11.8/nvshmem/include" "-I/opt/ohpc/pub/apps/cuda/11.8/Linux_x86_64/22.11/cuda/11.8/bin/../targets/x86_64-linux/include"    -D__CUDACC_VER_MAJOR__=11 -D__CUDACC_VER_MINOR__=8 -D__CUDACC_VER_BUILD__=89 -D__CUDA_API_VER_MAJOR__=11 -D__CUDA_API_VER_MINOR__=8 -D__NVCC_DIAG_PRAGMA_SUPPORT__=1 -include "cuda_runtime.h" -m64 "CMakeCUDACompilerId.cu" -o "tmp/CMakeCUDACompilerId.cpp4.ii" ]
  considering line: [cudafe++ --c++14 --gnu_version=80300 --display_error_number --orig_src_file_name "CMakeCUDACompilerId.cu" --orig_src_path_name "/xdisk/chanc/home/ram/athenak/gpu/ocelote/pascal/build-gpu-torus-mad-pascal/kokkos/CMakeFiles/CheckCUDA/CMakeFiles/3.17.5/CompilerIdCUDA/CMakeCUDACompilerId.cu" --allow_managed  --m64 --parse_templates --gen_c_file_name "tmp/CMakeCUDACompilerId.cudafe1.cpp" --stub_file_name "CMakeCUDACompilerId.cudafe1.stub.c" --module_id_file_name "tmp/CMakeCUDACompilerId.module_id" "tmp/CMakeCUDACompilerId.cpp4.ii" ]
  considering line: [gcc -D__CUDA_ARCH__=520 -D__CUDA_ARCH_LIST__=520 -c -x c++  -DCUDA_DOUBLE_MATH_FUNCTIONS -I"/opt/ohpc/pub/apps/cuda/11.8/Linux_x86_64/22.11/cuda/11.8/include" -I"/opt/ohpc/pub/apps/cuda/11.8/Linux_x86_64/22.11/math_libs/11.8/include" -I"/opt/ohpc/pub/apps/cuda/11.8/Linux_x86_64/22.11/comm_libs/11.8/nccl/include" -I"/opt/ohpc/pub/apps/cuda/11.8/Linux_x86_64/22.11/comm_libs/11.8/nvshmem/include" "-I/opt/ohpc/pub/apps/cuda/11.8/Linux_x86_64/22.11/cuda/11.8/bin/../targets/x86_64-linux/include"   -m64 "tmp/CMakeCUDACompilerId.cudafe1.cpp" -o "tmp/CMakeCUDACompilerId.o" ]
  considering line: [nvlink -m64 --arch=sm_52 --register-link-binaries="tmp/a_dlink.reg.c"  -L"/opt/ohpc/pub/apps/cuda/11.8/Linux_x86_64/22.11/cuda/11.8/lib64" -L"/opt/ohpc/pub/apps/cuda/11.8/Linux_x86_64/22.11/math_libs/11.8/lib64" -L"/opt/ohpc/pub/apps/cuda/11.8/Linux_x86_64/22.11/comm_libs/11.8/nccl/lib" -L"/opt/ohpc/pub/apps/cuda/11.8/Linux_x86_64/22.11/comm_libs/11.8/nvshmem/lib"   "-L/opt/ohpc/pub/apps/cuda/11.8/Linux_x86_64/22.11/cuda/11.8/bin/../targets/x86_64-linux/lib/stubs" "-L/opt/ohpc/pub/apps/cuda/11.8/Linux_x86_64/22.11/cuda/11.8/bin/../targets/x86_64-linux/lib" -cpu-arch=X86_64 "tmp/CMakeCUDACompilerId.o"  -lcudadevrt  -o "tmp/a_dlink.sm_52.cubin" --host-ccbin "gcc"]
    ignoring nvlink line
  considering line: [fatbinary --create="tmp/a_dlink.fatbin" -64 --cicc-cmdline="-ftz=0 -prec_div=1 -prec_sqrt=1 -fmad=1 " -link "--image3=kind=elf,sm=52,file=tmp/a_dlink.sm_52.cubin" --embedded-fatbin="tmp/a_dlink.fatbin.c" ]
  considering line: [gcc -D__CUDA_ARCH_LIST__=520 -c -x c++ -DFATBINFILE="\"tmp/a_dlink.fatbin.c\"" -DREGISTERLINKBINARYFILE="\"tmp/a_dlink.reg.c\"" -I. -D__NV_EXTRA_INITIALIZATION= -D__NV_EXTRA_FINALIZATION= -D__CUDA_INCLUDE_COMPILER_INTERNAL_HEADERS__  -I"/opt/ohpc/pub/apps/cuda/11.8/Linux_x86_64/22.11/cuda/11.8/include" -I"/opt/ohpc/pub/apps/cuda/11.8/Linux_x86_64/22.11/math_libs/11.8/include" -I"/opt/ohpc/pub/apps/cuda/11.8/Linux_x86_64/22.11/comm_libs/11.8/nccl/include" -I"/opt/ohpc/pub/apps/cuda/11.8/Linux_x86_64/22.11/comm_libs/11.8/nvshmem/include" "-I/opt/ohpc/pub/apps/cuda/11.8/Linux_x86_64/22.11/cuda/11.8/bin/../targets/x86_64-linux/include"    -D__CUDACC_VER_MAJOR__=11 -D__CUDACC_VER_MINOR__=8 -D__CUDACC_VER_BUILD__=89 -D__CUDA_API_VER_MAJOR__=11 -D__CUDA_API_VER_MINOR__=8 -D__NVCC_DIAG_PRAGMA_SUPPORT__=1 -m64 "/opt/ohpc/pub/apps/cuda/11.8/Linux_x86_64/22.11/cuda/11.8/bin/crt/link.stub" -o "tmp/a_dlink.o" ]
  considering line: [g++ -D__CUDA_ARCH_LIST__=520 -m64 -Wl,--start-group "tmp/a_dlink.o" "tmp/CMakeCUDACompilerId.o" -Xlinker -rpath -Xlinker /opt/ohpc/pub/apps/cuda/11.8/Linux_x86_64/22.11/cuda/11.8/lib64 -Xlinker -rpath -Xlinker /opt/ohpc/pub/apps/cuda/11.8/Linux_x86_64/22.11/math_libs/11.8/lib64 -Xlinker -rpath -Xlinker /opt/ohpc/pub/apps/cuda/11.8/Linux_x86_64/22.11/comm_libs/11.8/nccl/lib -L"/opt/ohpc/pub/apps/cuda/11.8/Linux_x86_64/22.11/cuda/11.8/lib64" -L"/opt/ohpc/pub/apps/cuda/11.8/Linux_x86_64/22.11/math_libs/11.8/lib64" -L"/opt/ohpc/pub/apps/cuda/11.8/Linux_x86_64/22.11/comm_libs/11.8/nccl/lib" -L"/opt/ohpc/pub/apps/cuda/11.8/Linux_x86_64/22.11/comm_libs/11.8/nvshmem/lib"   "-L/opt/ohpc/pub/apps/cuda/11.8/Linux_x86_64/22.11/cuda/11.8/bin/../targets/x86_64-linux/lib/stubs" "-L/opt/ohpc/pub/apps/cuda/11.8/Linux_x86_64/22.11/cuda/11.8/bin/../targets/x86_64-linux/lib"  -lcudadevrt  -lcudart_static  -lrt -lpthread  -ldl  -Wl,--end-group -o "a.out" ]
    extracted link line: [g++ -D__CUDA_ARCH_LIST__=520 -m64 -Wl,--start-group "tmp/a_dlink.o" "tmp/CMakeCUDACompilerId.o" -Xlinker -rpath -Xlinker /opt/ohpc/pub/apps/cuda/11.8/Linux_x86_64/22.11/cuda/11.8/lib64 -Xlinker -rpath -Xlinker /opt/ohpc/pub/apps/cuda/11.8/Linux_x86_64/22.11/math_libs/11.8/lib64 -Xlinker -rpath -Xlinker /opt/ohpc/pub/apps/cuda/11.8/Linux_x86_64/22.11/comm_libs/11.8/nccl/lib -L"/opt/ohpc/pub/apps/cuda/11.8/Linux_x86_64/22.11/cuda/11.8/lib64" -L"/opt/ohpc/pub/apps/cuda/11.8/Linux_x86_64/22.11/math_libs/11.8/lib64" -L"/opt/ohpc/pub/apps/cuda/11.8/Linux_x86_64/22.11/comm_libs/11.8/nccl/lib" -L"/opt/ohpc/pub/apps/cuda/11.8/Linux_x86_64/22.11/comm_libs/11.8/nvshmem/lib"   "-L/opt/ohpc/pub/apps/cuda/11.8/Linux_x86_64/22.11/cuda/11.8/bin/../targets/x86_64-linux/lib/stubs" "-L/opt/ohpc/pub/apps/cuda/11.8/Linux_x86_64/22.11/cuda/11.8/bin/../targets/x86_64-linux/lib"  -lcudadevrt  -lcudart_static  -lrt -lpthread  -ldl  -Wl,--end-group -o "a.out" ]
  considering line: []
  extracted link launcher name: [g++]
  found link launcher absolute path: [/opt/ohpc/pub/compiler/gcc/8.3.0/bin/g++]
  found 'INCLUDES=' string: ["-I/opt/ohpc/pub/apps/cuda/11.8/Linux_x86_64/22.11/cuda/11.8/bin/../targets/x86_64-linux/include"  ]

  link line regex: [^( *|.*[/\])(ld|CMAKE_LINK_STARTFILE-NOTFOUND|([^/\]+-)?ld|collect2)[^/\]*( |$)]
  link line: [cuda-fake-ld g++ -D__CUDA_ARCH_LIST__=520 -m64 -Wl,--start-group "tmp/a_dlink.o" "tmp/CMakeCUDACompilerId.o" -Xlinker -rpath -Xlinker /opt/ohpc/pub/apps/cuda/11.8/Linux_x86_64/22.11/cuda/11.8/lib64 -Xlinker -rpath -Xlinker /opt/ohpc/pub/apps/cuda/11.8/Linux_x86_64/22.11/math_libs/11.8/lib64 -Xlinker -rpath -Xlinker /opt/ohpc/pub/apps/cuda/11.8/Linux_x86_64/22.11/comm_libs/11.8/nccl/lib -L"/opt/ohpc/pub/apps/cuda/11.8/Linux_x86_64/22.11/cuda/11.8/lib64" -L"/opt/ohpc/pub/apps/cuda/11.8/Linux_x86_64/22.11/math_libs/11.8/lib64" -L"/opt/ohpc/pub/apps/cuda/11.8/Linux_x86_64/22.11/comm_libs/11.8/nccl/lib" -L"/opt/ohpc/pub/apps/cuda/11.8/Linux_x86_64/22.11/comm_libs/11.8/nvshmem/lib"   "-L/opt/ohpc/pub/apps/cuda/11.8/Linux_x86_64/22.11/cuda/11.8/bin/../targets/x86_64-linux/lib/stubs" "-L/opt/ohpc/pub/apps/cuda/11.8/Linux_x86_64/22.11/cuda/11.8/bin/../targets/x86_64-linux/lib"  -lcudadevrt  -lcudart_static  -lrt -lpthread  -ldl  -Wl,--end-group -o "a.out" ]
    arg [cuda-fake-ld] ==> ignore
    arg [g++] ==> ignore
    arg [-D__CUDA_ARCH_LIST__=520] ==> ignore
    arg [-m64] ==> ignore
    arg [-Wl,--start-group] ==> ignore
    arg [tmp/a_dlink.o] ==> ignore
    arg [tmp/CMakeCUDACompilerId.o] ==> ignore
    arg [-Xlinker] ==> ignore
    arg [-rpath] ==> ignore
    arg [-Xlinker] ==> ignore
    arg [/opt/ohpc/pub/apps/cuda/11.8/Linux_x86_64/22.11/cuda/11.8/lib64] ==> ignore
    arg [-Xlinker] ==> ignore
    arg [-rpath] ==> ignore
    arg [-Xlinker] ==> ignore
    arg [/opt/ohpc/pub/apps/cuda/11.8/Linux_x86_64/22.11/math_libs/11.8/lib64] ==> ignore
    arg [-Xlinker] ==> ignore
    arg [-rpath] ==> ignore
    arg [-Xlinker] ==> ignore
    arg [/opt/ohpc/pub/apps/cuda/11.8/Linux_x86_64/22.11/comm_libs/11.8/nccl/lib] ==> ignore
    arg [-L/opt/ohpc/pub/apps/cuda/11.8/Linux_x86_64/22.11/cuda/11.8/lib64] ==> dir [/opt/ohpc/pub/apps/cuda/11.8/Linux_x86_64/22.11/cuda/11.8/lib64]
    arg [-L/opt/ohpc/pub/apps/cuda/11.8/Linux_x86_64/22.11/math_libs/11.8/lib64] ==> dir [/opt/ohpc/pub/apps/cuda/11.8/Linux_x86_64/22.11/math_libs/11.8/lib64]
    arg [-L/opt/ohpc/pub/apps/cuda/11.8/Linux_x86_64/22.11/comm_libs/11.8/nccl/lib] ==> dir [/opt/ohpc/pub/apps/cuda/11.8/Linux_x86_64/22.11/comm_libs/11.8/nccl/lib]
    arg [-L/opt/ohpc/pub/apps/cuda/11.8/Linux_x86_64/22.11/comm_libs/11.8/nvshmem/lib] ==> dir [/opt/ohpc/pub/apps/cuda/11.8/Linux_x86_64/22.11/comm_libs/11.8/nvshmem/lib]
    arg [-L/opt/ohpc/pub/apps/cuda/11.8/Linux_x86_64/22.11/cuda/11.8/bin/../targets/x86_64-linux/lib/stubs] ==> dir [/opt/ohpc/pub/apps/cuda/11.8/Linux_x86_64/22.11/cuda/11.8/bin/../targets/x86_64-linux/lib/stubs]
    arg [-L/opt/ohpc/pub/apps/cuda/11.8/Linux_x86_64/22.11/cuda/11.8/bin/../targets/x86_64-linux/lib] ==> dir [/opt/ohpc/pub/apps/cuda/11.8/Linux_x86_64/22.11/cuda/11.8/bin/../targets/x86_64-linux/lib]
    arg [-lcudadevrt] ==> lib [cudadevrt]
    arg [-lcudart_static] ==> lib [cudart_static]
    arg [-lrt] ==> lib [rt]
    arg [-lpthread] ==> lib [pthread]
    arg [-ldl] ==> lib [dl]
    arg [-Wl,--end-group] ==> ignore
    arg [-o] ==> ignore
    arg [a.out] ==> ignore
  collapse library dir [/opt/ohpc/pub/apps/cuda/11.8/Linux_x86_64/22.11/cuda/11.8/lib64] ==> [/opt/ohpc/pub/apps/cuda/11.8/Linux_x86_64/22.11/cuda/11.8/lib64]
  collapse library dir [/opt/ohpc/pub/apps/cuda/11.8/Linux_x86_64/22.11/math_libs/11.8/lib64] ==> [/opt/ohpc/pub/apps/cuda/11.8/Linux_x86_64/22.11/math_libs/11.8/lib64]
  collapse library dir [/opt/ohpc/pub/apps/cuda/11.8/Linux_x86_64/22.11/comm_libs/11.8/nccl/lib] ==> [/opt/ohpc/pub/apps/cuda/11.8/Linux_x86_64/22.11/comm_libs/11.8/nccl/lib]
  collapse library dir [/opt/ohpc/pub/apps/cuda/11.8/Linux_x86_64/22.11/comm_libs/11.8/nvshmem/lib] ==> [/opt/ohpc/pub/apps/cuda/11.8/Linux_x86_64/22.11/comm_libs/11.8/nvshmem/lib]
  collapse library dir [/opt/ohpc/pub/apps/cuda/11.8/Linux_x86_64/22.11/cuda/11.8/bin/../targets/x86_64-linux/lib/stubs] ==> [/opt/ohpc/pub/apps/cuda/11.8/Linux_x86_64/22.11/cuda/11.8/targets/x86_64-linux/lib/stubs]
  collapse library dir [/opt/ohpc/pub/apps/cuda/11.8/Linux_x86_64/22.11/cuda/11.8/bin/../targets/x86_64-linux/lib] ==> [/opt/ohpc/pub/apps/cuda/11.8/Linux_x86_64/22.11/cuda/11.8/targets/x86_64-linux/lib]
  implicit libs: [cudadevrt;cudart_static;rt;pthread;dl]
  implicit dirs: [/opt/ohpc/pub/apps/cuda/11.8/Linux_x86_64/22.11/cuda/11.8/lib64;/opt/ohpc/pub/apps/cuda/11.8/Linux_x86_64/22.11/math_libs/11.8/lib64;/opt/ohpc/pub/apps/cuda/11.8/Linux_x86_64/22.11/comm_libs/11.8/nccl/lib;/opt/ohpc/pub/apps/cuda/11.8/Linux_x86_64/22.11/comm_libs/11.8/nvshmem/lib;/opt/ohpc/pub/apps/cuda/11.8/Linux_x86_64/22.11/cuda/11.8/targets/x86_64-linux/lib/stubs;/opt/ohpc/pub/apps/cuda/11.8/Linux_x86_64/22.11/cuda/11.8/targets/x86_64-linux/lib]
  implicit fwks: []


Determining if the CUDA compiler works passed with the following output:
Change Dir: /xdisk/chanc/home/ram/athenak/gpu/ocelote/pascal/build-gpu-torus-mad-pascal/kokkos/CMakeFiles/CheckCUDA/CMakeFiles/CMakeTmp

Run Build Command(s):/usr/bin/gmake cmTC_c7bcf/fast && /usr/bin/gmake  -f CMakeFiles/cmTC_c7bcf.dir/build.make CMakeFiles/cmTC_c7bcf.dir/build
gmake[1]: Entering directory `/xdisk/chanc/home/ram/athenak/gpu/ocelote/pascal/build-gpu-torus-mad-pascal/kokkos/CMakeFiles/CheckCUDA/CMakeFiles/CMakeTmp'
Building CUDA object CMakeFiles/cmTC_c7bcf.dir/main.cu.o
/opt/ohpc/pub/apps/cuda/11.8/Linux_x86_64/22.11/compilers/bin/nvcc -forward-unknown-to-host-compiler    -x cu -c /xdisk/chanc/home/ram/athenak/gpu/ocelote/pascal/build-gpu-torus-mad-pascal/kokkos/CMakeFiles/CheckCUDA/CMakeFiles/CMakeTmp/main.cu -o CMakeFiles/cmTC_c7bcf.dir/main.cu.o
Linking CUDA executable cmTC_c7bcf
/usr/bin/cmake3 -E cmake_link_script CMakeFiles/cmTC_c7bcf.dir/link.txt --verbose=1
/opt/ohpc/pub/compiler/gcc/8.3.0/bin/g++   CMakeFiles/cmTC_c7bcf.dir/main.cu.o -o cmTC_c7bcf  -lcudadevrt -lcudart_static  -L"/opt/ohpc/pub/apps/cuda/11.8/Linux_x86_64/22.11/cuda/11.8/lib64" -L"/opt/ohpc/pub/apps/cuda/11.8/Linux_x86_64/22.11/math_libs/11.8/lib64" -L"/opt/ohpc/pub/apps/cuda/11.8/Linux_x86_64/22.11/comm_libs/11.8/nccl/lib" -L"/opt/ohpc/pub/apps/cuda/11.8/Linux_x86_64/22.11/comm_libs/11.8/nvshmem/lib" -L"/opt/ohpc/pub/apps/cuda/11.8/Linux_x86_64/22.11/cuda/11.8/targets/x86_64-linux/lib/stubs" -L"/opt/ohpc/pub/apps/cuda/11.8/Linux_x86_64/22.11/cuda/11.8/targets/x86_64-linux/lib" -lcudadevrt -lcudart_static -lrt -lpthread -ldl
gmake[1]: Leaving directory `/xdisk/chanc/home/ram/athenak/gpu/ocelote/pascal/build-gpu-torus-mad-pascal/kokkos/CMakeFiles/CheckCUDA/CMakeFiles/CMakeTmp'



Detecting CUDA compiler ABI info compiled with the following output:
Change Dir: /xdisk/chanc/home/ram/athenak/gpu/ocelote/pascal/build-gpu-torus-mad-pascal/kokkos/CMakeFiles/CheckCUDA/CMakeFiles/CMakeTmp

Run Build Command(s):/usr/bin/gmake cmTC_d3765/fast && /usr/bin/gmake  -f CMakeFiles/cmTC_d3765.dir/build.make CMakeFiles/cmTC_d3765.dir/build
gmake[1]: Entering directory `/xdisk/chanc/home/ram/athenak/gpu/ocelote/pascal/build-gpu-torus-mad-pascal/kokkos/CMakeFiles/CheckCUDA/CMakeFiles/CMakeTmp'
Building CUDA object CMakeFiles/cmTC_d3765.dir/CMakeCUDACompilerABI.cu.o
/opt/ohpc/pub/apps/cuda/11.8/Linux_x86_64/22.11/compilers/bin/nvcc -forward-unknown-to-host-compiler   -Xcompiler=-v -x cu -c /usr/share/cmake3/Modules/CMakeCUDACompilerABI.cu -o CMakeFiles/cmTC_d3765.dir/CMakeCUDACompilerABI.cu.o
Using built-in specs.
COLLECT_GCC=gcc
Target: x86_64-pc-linux-gnu
Configured with: ../configure --disable-multilib --enable-languages=c,c++,fortran --prefix=/opt/ohpc/pub/compiler/gcc/8.3.0 --disable-static --enable-shared
Thread model: posix
gcc version 8.3.0 (GCC) 
COLLECT_GCC_OPTIONS='-D' '__CUDA_ARCH__=520' '-D' '__CUDA_ARCH_LIST__=520' '-E' '-D' 'CUDA_DOUBLE_MATH_FUNCTIONS' '-D' '__CUDACC__' '-D' '__NVCC__' '-v' '-I' '/opt/ohpc/pub/apps/cuda/11.8/Linux_x86_64/22.11/cuda/11.8/include' '-I' '/opt/ohpc/pub/apps/cuda/11.8/Linux_x86_64/22.11/math_libs/11.8/include' '-I' '/opt/ohpc/pub/apps/cuda/11.8/Linux_x86_64/22.11/comm_libs/11.8/nccl/include' '-I' '/opt/ohpc/pub/apps/cuda/11.8/Linux_x86_64/22.11/comm_libs/11.8/nvshmem/include' '-I' '/opt/ohpc/pub/apps/cuda/11.8/Linux_x86_64/22.11/cuda/11.8/bin/../targets/x86_64-linux/include' '-D' '__CUDACC_VER_MAJOR__=11' '-D' '__CUDACC_VER_MINOR__=8' '-D' '__CUDACC_VER_BUILD__=89' '-D' '__CUDA_API_VER_MAJOR__=11' '-D' '__CUDA_API_VER_MINOR__=8' '-D' '__NVCC_DIAG_PRAGMA_SUPPORT__=1' '-include' 'cuda_runtime.h' '-m64' '-o' '/tmp/tmpxft_0000076e_00000000-7_CMakeCUDACompilerABI.cpp1.ii' '-mtune=generic' '-march=x86-64'
 /opt/ohpc/pub/compiler/gcc/8.3.0/libexec/gcc/x86_64-pc-linux-gnu/8.3.0/cc1plus -E -quiet -v -I /opt/ohpc/pub/apps/cuda/11.8/Linux_x86_64/22.11/cuda/11.8/include -I /opt/ohpc/pub/apps/cuda/11.8/Linux_x86_64/22.11/math_libs/11.8/include -I /opt/ohpc/pub/apps/cuda/11.8/Linux_x86_64/22.11/comm_libs/11.8/nccl/include -I /opt/ohpc/pub/apps/cuda/11.8/Linux_x86_64/22.11/comm_libs/11.8/nvshmem/include -I /opt/ohpc/pub/apps/cuda/11.8/Linux_x86_64/22.11/cuda/11.8/bin/../targets/x86_64-linux/include -D_GNU_SOURCE -D __CUDA_ARCH__=520 -D __CUDA_ARCH_LIST__=520 -D CUDA_DOUBLE_MATH_FUNCTIONS -D __CUDACC__ -D __NVCC__ -D __CUDACC_VER_MAJOR__=11 -D __CUDACC_VER_MINOR__=8 -D __CUDACC_VER_BUILD__=89 -D __CUDA_API_VER_MAJOR__=11 -D __CUDA_API_VER_MINOR__=8 -D __NVCC_DIAG_PRAGMA_SUPPORT__=1 -include cuda_runtime.h /usr/share/cmake3/Modules/CMakeCUDACompilerABI.cu -o /tmp/tmpxft_0000076e_00000000-7_CMakeCUDACompilerABI.cpp1.ii -m64 -mtune=generic -march=x86-64
ignoring nonexistent directory "/opt/ohpc/pub/compiler/gcc/8.3.0/lib/gcc/x86_64-pc-linux-gnu/8.3.0/../../../../x86_64-pc-linux-gnu/include"
ignoring duplicate directory "/opt/ohpc/pub/apps/cuda/11.8/Linux_x86_64/22.11/cuda/11.8/bin/../targets/x86_64-linux/include"
ignoring duplicate directory "/opt/ohpc/pub/apps/cuda/11.8/Linux_x86_64/22.11/comm_libs/nvshmem/include"
ignoring duplicate directory "/opt/ohpc/pub/apps/cuda/11.8/Linux_x86_64/22.11/comm_libs/nccl/include"
ignoring duplicate directory "/opt/ohpc/pub/apps/cuda/11.8/Linux_x86_64/22.11/math_libs/include"
ignoring duplicate directory "/opt/ohpc/pub/apps/cuda/11.8/Linux_x86_64/22.11/cuda/include"
#include "..." search starts here:
#include <...> search starts here:
 /opt/ohpc/pub/apps/cuda/11.8/Linux_x86_64/22.11/cuda/11.8/include
 /opt/ohpc/pub/apps/cuda/11.8/Linux_x86_64/22.11/math_libs/11.8/include
 /opt/ohpc/pub/apps/cuda/11.8/Linux_x86_64/22.11/comm_libs/11.8/nccl/include
 /opt/ohpc/pub/apps/cuda/11.8/Linux_x86_64/22.11/comm_libs/11.8/nvshmem/include
 /opt/ohpc/pub/apps/cuda/11.8/Linux_x86_64/22.11/comm_libs/mpi/include
 /opt/ohpc/pub/apps/cuda/11.8/Linux_x86_64/22.11/compilers/include
 /opt/ohpc/pub/compiler/gcc/8.3.0/lib/gcc/x86_64-pc-linux-gnu/8.3.0/../../../../include/c++/8.3.0
 /opt/ohpc/pub/compiler/gcc/8.3.0/lib/gcc/x86_64-pc-linux-gnu/8.3.0/../../../../include/c++/8.3.0/x86_64-pc-linux-gnu
 /opt/ohpc/pub/compiler/gcc/8.3.0/lib/gcc/x86_64-pc-linux-gnu/8.3.0/../../../../include/c++/8.3.0/backward
 /opt/ohpc/pub/compiler/gcc/8.3.0/lib/gcc/x86_64-pc-linux-gnu/8.3.0/include
 /usr/local/include
 /opt/ohpc/pub/compiler/gcc/8.3.0/include
 /opt/ohpc/pub/compiler/gcc/8.3.0/lib/gcc/x86_64-pc-linux-gnu/8.3.0/include-fixed
 /usr/include
End of search list.
COMPILER_PATH=/opt/ohpc/pub/compiler/gcc/8.3.0/libexec/gcc/x86_64-pc-linux-gnu/8.3.0/:/opt/ohpc/pub/compiler/gcc/8.3.0/libexec/gcc/x86_64-pc-linux-gnu/8.3.0/:/opt/ohpc/pub/compiler/gcc/8.3.0/libexec/gcc/x86_64-pc-linux-gnu/:/opt/ohpc/pub/compiler/gcc/8.3.0/lib/gcc/x86_64-pc-linux-gnu/8.3.0/:/opt/ohpc/pub/compiler/gcc/8.3.0/lib/gcc/x86_64-pc-linux-gnu/
LIBRARY_PATH=/opt/ohpc/pub/compiler/gcc/8.3.0/lib/gcc/x86_64-pc-linux-gnu/8.3.0/:/opt/ohpc/pub/compiler/gcc/8.3.0/lib/gcc/x86_64-pc-linux-gnu/8.3.0/../../../../lib64/:/lib/../lib64/:/usr/lib/../lib64/:/opt/ohpc/pub/apps/cuda/11.8/lib64/:/opt/ohpc/pub/compiler/gcc/8.3.0/lib/gcc/x86_64-pc-linux-gnu/8.3.0/../../../:/lib/:/usr/lib/
COLLECT_GCC_OPTIONS='-D' '__CUDA_ARCH__=520' '-D' '__CUDA_ARCH_LIST__=520' '-E' '-D' 'CUDA_DOUBLE_MATH_FUNCTIONS' '-D' '__CUDACC__' '-D' '__NVCC__' '-v' '-I' '/opt/ohpc/pub/apps/cuda/11.8/Linux_x86_64/22.11/cuda/11.8/include' '-I' '/opt/ohpc/pub/apps/cuda/11.8/Linux_x86_64/22.11/math_libs/11.8/include' '-I' '/opt/ohpc/pub/apps/cuda/11.8/Linux_x86_64/22.11/comm_libs/11.8/nccl/include' '-I' '/opt/ohpc/pub/apps/cuda/11.8/Linux_x86_64/22.11/comm_libs/11.8/nvshmem/include' '-I' '/opt/ohpc/pub/apps/cuda/11.8/Linux_x86_64/22.11/cuda/11.8/bin/../targets/x86_64-linux/include' '-D' '__CUDACC_VER_MAJOR__=11' '-D' '__CUDACC_VER_MINOR__=8' '-D' '__CUDACC_VER_BUILD__=89' '-D' '__CUDA_API_VER_MAJOR__=11' '-D' '__CUDA_API_VER_MINOR__=8' '-D' '__NVCC_DIAG_PRAGMA_SUPPORT__=1' '-include' 'cuda_runtime.h' '-m64' '-o' '/tmp/tmpxft_0000076e_00000000-7_CMakeCUDACompilerABI.cpp1.ii' '-mtune=generic' '-march=x86-64'
Using built-in specs.
COLLECT_GCC=gcc
Target: x86_64-pc-linux-gnu
Configured with: ../configure --disable-multilib --enable-languages=c,c++,fortran --prefix=/opt/ohpc/pub/compiler/gcc/8.3.0 --disable-static --enable-shared
Thread model: posix
gcc version 8.3.0 (GCC) 
COLLECT_GCC_OPTIONS='-D' '__CUDA_ARCH_LIST__=520' '-E' '-D' '__CUDACC__' '-D' '__NVCC__' '-v' '-I' '/opt/ohpc/pub/apps/cuda/11.8/Linux_x86_64/22.11/cuda/11.8/include' '-I' '/opt/ohpc/pub/apps/cuda/11.8/Linux_x86_64/22.11/math_libs/11.8/include' '-I' '/opt/ohpc/pub/apps/cuda/11.8/Linux_x86_64/22.11/comm_libs/11.8/nccl/include' '-I' '/opt/ohpc/pub/apps/cuda/11.8/Linux_x86_64/22.11/comm_libs/11.8/nvshmem/include' '-I' '/opt/ohpc/pub/apps/cuda/11.8/Linux_x86_64/22.11/cuda/11.8/bin/../targets/x86_64-linux/include' '-D' '__CUDACC_VER_MAJOR__=11' '-D' '__CUDACC_VER_MINOR__=8' '-D' '__CUDACC_VER_BUILD__=89' '-D' '__CUDA_API_VER_MAJOR__=11' '-D' '__CUDA_API_VER_MINOR__=8' '-D' '__NVCC_DIAG_PRAGMA_SUPPORT__=1' '-include' 'cuda_runtime.h' '-m64' '-o' '/tmp/tmpxft_0000076e_00000000-5_CMakeCUDACompilerABI.cpp4.ii' '-mtune=generic' '-march=x86-64'
 /opt/ohpc/pub/compiler/gcc/8.3.0/libexec/gcc/x86_64-pc-linux-gnu/8.3.0/cc1plus -E -quiet -v -I /opt/ohpc/pub/apps/cuda/11.8/Linux_x86_64/22.11/cuda/11.8/include -I /opt/ohpc/pub/apps/cuda/11.8/Linux_x86_64/22.11/math_libs/11.8/include -I /opt/ohpc/pub/apps/cuda/11.8/Linux_x86_64/22.11/comm_libs/11.8/nccl/include -I /opt/ohpc/pub/apps/cuda/11.8/Linux_x86_64/22.11/comm_libs/11.8/nvshmem/include -I /opt/ohpc/pub/apps/cuda/11.8/Linux_x86_64/22.11/cuda/11.8/bin/../targets/x86_64-linux/include -D_GNU_SOURCE -D __CUDA_ARCH_LIST__=520 -D __CUDACC__ -D __NVCC__ -D __CUDACC_VER_MAJOR__=11 -D __CUDACC_VER_MINOR__=8 -D __CUDACC_VER_BUILD__=89 -D __CUDA_API_VER_MAJOR__=11 -D __CUDA_API_VER_MINOR__=8 -D __NVCC_DIAG_PRAGMA_SUPPORT__=1 -include cuda_runtime.h /usr/share/cmake3/Modules/CMakeCUDACompilerABI.cu -o /tmp/tmpxft_0000076e_00000000-5_CMakeCUDACompilerABI.cpp4.ii -m64 -mtune=generic -march=x86-64
ignoring nonexistent directory "/opt/ohpc/pub/compiler/gcc/8.3.0/lib/gcc/x86_64-pc-linux-gnu/8.3.0/../../../../x86_64-pc-linux-gnu/include"
ignoring duplicate directory "/opt/ohpc/pub/apps/cuda/11.8/Linux_x86_64/22.11/cuda/11.8/bin/../targets/x86_64-linux/include"
ignoring duplicate directory "/opt/ohpc/pub/apps/cuda/11.8/Linux_x86_64/22.11/comm_libs/nvshmem/include"
ignoring duplicate directory "/opt/ohpc/pub/apps/cuda/11.8/Linux_x86_64/22.11/comm_libs/nccl/include"
ignoring duplicate directory "/opt/ohpc/pub/apps/cuda/11.8/Linux_x86_64/22.11/math_libs/include"
ignoring duplicate directory "/opt/ohpc/pub/apps/cuda/11.8/Linux_x86_64/22.11/cuda/include"
#include "..." search starts here:
#include <...> search starts here:
 /opt/ohpc/pub/apps/cuda/11.8/Linux_x86_64/22.11/cuda/11.8/include
 /opt/ohpc/pub/apps/cuda/11.8/Linux_x86_64/22.11/math_libs/11.8/include
 /opt/ohpc/pub/apps/cuda/11.8/Linux_x86_64/22.11/comm_libs/11.8/nccl/include
 /opt/ohpc/pub/apps/cuda/11.8/Linux_x86_64/22.11/comm_libs/11.8/nvshmem/include
 /opt/ohpc/pub/apps/cuda/11.8/Linux_x86_64/22.11/comm_libs/mpi/include
 /opt/ohpc/pub/apps/cuda/11.8/Linux_x86_64/22.11/compilers/include
 /opt/ohpc/pub/compiler/gcc/8.3.0/lib/gcc/x86_64-pc-linux-gnu/8.3.0/../../../../include/c++/8.3.0
 /opt/ohpc/pub/compiler/gcc/8.3.0/lib/gcc/x86_64-pc-linux-gnu/8.3.0/../../../../include/c++/8.3.0/x86_64-pc-linux-gnu
 /opt/ohpc/pub/compiler/gcc/8.3.0/lib/gcc/x86_64-pc-linux-gnu/8.3.0/../../../../include/c++/8.3.0/backward
 /opt/ohpc/pub/compiler/gcc/8.3.0/lib/gcc/x86_64-pc-linux-gnu/8.3.0/include
 /usr/local/include
 /opt/ohpc/pub/compiler/gcc/8.3.0/include
 /opt/ohpc/pub/compiler/gcc/8.3.0/lib/gcc/x86_64-pc-linux-gnu/8.3.0/include-fixed
 /usr/include
End of search list.
COMPILER_PATH=/opt/ohpc/pub/compiler/gcc/8.3.0/libexec/gcc/x86_64-pc-linux-gnu/8.3.0/:/opt/ohpc/pub/compiler/gcc/8.3.0/libexec/gcc/x86_64-pc-linux-gnu/8.3.0/:/opt/ohpc/pub/compiler/gcc/8.3.0/libexec/gcc/x86_64-pc-linux-gnu/:/opt/ohpc/pub/compiler/gcc/8.3.0/lib/gcc/x86_64-pc-linux-gnu/8.3.0/:/opt/ohpc/pub/compiler/gcc/8.3.0/lib/gcc/x86_64-pc-linux-gnu/
LIBRARY_PATH=/opt/ohpc/pub/compiler/gcc/8.3.0/lib/gcc/x86_64-pc-linux-gnu/8.3.0/:/opt/ohpc/pub/compiler/gcc/8.3.0/lib/gcc/x86_64-pc-linux-gnu/8.3.0/../../../../lib64/:/lib/../lib64/:/usr/lib/../lib64/:/opt/ohpc/pub/apps/cuda/11.8/lib64/:/opt/ohpc/pub/compiler/gcc/8.3.0/lib/gcc/x86_64-pc-linux-gnu/8.3.0/../../../:/lib/:/usr/lib/
COLLECT_GCC_OPTIONS='-D' '__CUDA_ARCH_LIST__=520' '-E' '-D' '__CUDACC__' '-D' '__NVCC__' '-v' '-I' '/opt/ohpc/pub/apps/cuda/11.8/Linux_x86_64/22.11/cuda/11.8/include' '-I' '/opt/ohpc/pub/apps/cuda/11.8/Linux_x86_64/22.11/math_libs/11.8/include' '-I' '/opt/ohpc/pub/apps/cuda/11.8/Linux_x86_64/22.11/comm_libs/11.8/nccl/include' '-I' '/opt/ohpc/pub/apps/cuda/11.8/Linux_x86_64/22.11/comm_libs/11.8/nvshmem/include' '-I' '/opt/ohpc/pub/apps/cuda/11.8/Linux_x86_64/22.11/cuda/11.8/bin/../targets/x86_64-linux/include' '-D' '__CUDACC_VER_MAJOR__=11' '-D' '__CUDACC_VER_MINOR__=8' '-D' '__CUDACC_VER_BUILD__=89' '-D' '__CUDA_API_VER_MAJOR__=11' '-D' '__CUDA_API_VER_MINOR__=8' '-D' '__NVCC_DIAG_PRAGMA_SUPPORT__=1' '-include' 'cuda_runtime.h' '-m64' '-o' '/tmp/tmpxft_0000076e_00000000-5_CMakeCUDACompilerABI.cpp4.ii' '-mtune=generic' '-march=x86-64'
Using built-in specs.
COLLECT_GCC=gcc
Target: x86_64-pc-linux-gnu
Configured with: ../configure --disable-multilib --enable-languages=c,c++,fortran --prefix=/opt/ohpc/pub/compiler/gcc/8.3.0 --disable-static --enable-shared
Thread model: posix
gcc version 8.3.0 (GCC) 
COLLECT_GCC_OPTIONS='-D' '__CUDA_ARCH__=520' '-D' '__CUDA_ARCH_LIST__=520' '-c' '-D' 'CUDA_DOUBLE_MATH_FUNCTIONS' '-v' '-I' '/opt/ohpc/pub/apps/cuda/11.8/Linux_x86_64/22.11/cuda/11.8/include' '-I' '/opt/ohpc/pub/apps/cuda/11.8/Linux_x86_64/22.11/math_libs/11.8/include' '-I' '/opt/ohpc/pub/apps/cuda/11.8/Linux_x86_64/22.11/comm_libs/11.8/nccl/include' '-I' '/opt/ohpc/pub/apps/cuda/11.8/Linux_x86_64/22.11/comm_libs/11.8/nvshmem/include' '-I' '/opt/ohpc/pub/apps/cuda/11.8/Linux_x86_64/22.11/cuda/11.8/bin/../targets/x86_64-linux/include' '-m64' '-o' 'CMakeFiles/cmTC_d3765.dir/CMakeCUDACompilerABI.cu.o' '-mtune=generic' '-march=x86-64'
 /opt/ohpc/pub/compiler/gcc/8.3.0/libexec/gcc/x86_64-pc-linux-gnu/8.3.0/cc1plus -quiet -v -I /opt/ohpc/pub/apps/cuda/11.8/Linux_x86_64/22.11/cuda/11.8/include -I /opt/ohpc/pub/apps/cuda/11.8/Linux_x86_64/22.11/math_libs/11.8/include -I /opt/ohpc/pub/apps/cuda/11.8/Linux_x86_64/22.11/comm_libs/11.8/nccl/include -I /opt/ohpc/pub/apps/cuda/11.8/Linux_x86_64/22.11/comm_libs/11.8/nvshmem/include -I /opt/ohpc/pub/apps/cuda/11.8/Linux_x86_64/22.11/cuda/11.8/bin/../targets/x86_64-linux/include -D_GNU_SOURCE -D __CUDA_ARCH__=520 -D __CUDA_ARCH_LIST__=520 -D CUDA_DOUBLE_MATH_FUNCTIONS /tmp/tmpxft_0000076e_00000000-6_CMakeCUDACompilerABI.cudafe1.cpp -quiet -dumpbase tmpxft_0000076e_00000000-6_CMakeCUDACompilerABI.cudafe1.cpp -m64 -mtune=generic -march=x86-64 -auxbase-strip CMakeFiles/cmTC_d3765.dir/CMakeCUDACompilerABI.cu.o -version -o /tmp/cckqgPRV.s
GNU C++14 (GCC) version 8.3.0 (x86_64-pc-linux-gnu)
	compiled by GNU C version 8.3.0, GMP version 6.1.2, MPFR version 3.1.6, MPC version 1.0.3, isl version none
GGC heuristics: --param ggc-min-expand=100 --param ggc-min-heapsize=131072
ignoring nonexistent directory "/opt/ohpc/pub/compiler/gcc/8.3.0/lib/gcc/x86_64-pc-linux-gnu/8.3.0/../../../../x86_64-pc-linux-gnu/include"
ignoring duplicate directory "/opt/ohpc/pub/apps/cuda/11.8/Linux_x86_64/22.11/cuda/11.8/bin/../targets/x86_64-linux/include"
ignoring duplicate directory "/opt/ohpc/pub/apps/cuda/11.8/Linux_x86_64/22.11/comm_libs/nvshmem/include"
ignoring duplicate directory "/opt/ohpc/pub/apps/cuda/11.8/Linux_x86_64/22.11/comm_libs/nccl/include"
ignoring duplicate directory "/opt/ohpc/pub/apps/cuda/11.8/Linux_x86_64/22.11/math_libs/include"
ignoring duplicate directory "/opt/ohpc/pub/apps/cuda/11.8/Linux_x86_64/22.11/cuda/include"
#include "..." search starts here:
#include <...> search starts here:
 /opt/ohpc/pub/apps/cuda/11.8/Linux_x86_64/22.11/cuda/11.8/include
 /opt/ohpc/pub/apps/cuda/11.8/Linux_x86_64/22.11/math_libs/11.8/include
 /opt/ohpc/pub/apps/cuda/11.8/Linux_x86_64/22.11/comm_libs/11.8/nccl/include
 /opt/ohpc/pub/apps/cuda/11.8/Linux_x86_64/22.11/comm_libs/11.8/nvshmem/include
 /opt/ohpc/pub/apps/cuda/11.8/Linux_x86_64/22.11/comm_libs/mpi/include
 /opt/ohpc/pub/apps/cuda/11.8/Linux_x86_64/22.11/compilers/include
 /opt/ohpc/pub/compiler/gcc/8.3.0/lib/gcc/x86_64-pc-linux-gnu/8.3.0/../../../../include/c++/8.3.0
 /opt/ohpc/pub/compiler/gcc/8.3.0/lib/gcc/x86_64-pc-linux-gnu/8.3.0/../../../../include/c++/8.3.0/x86_64-pc-linux-gnu
 /opt/ohpc/pub/compiler/gcc/8.3.0/lib/gcc/x86_64-pc-linux-gnu/8.3.0/../../../../include/c++/8.3.0/backward
 /opt/ohpc/pub/compiler/gcc/8.3.0/lib/gcc/x86_64-pc-linux-gnu/8.3.0/include
 /usr/local/include
 /opt/ohpc/pub/compiler/gcc/8.3.0/include
 /opt/ohpc/pub/compiler/gcc/8.3.0/lib/gcc/x86_64-pc-linux-gnu/8.3.0/include-fixed
 /usr/include
End of search list.
GNU C++14 (GCC) version 8.3.0 (x86_64-pc-linux-gnu)
	compiled by GNU C version 8.3.0, GMP version 6.1.2, MPFR version 3.1.6, MPC version 1.0.3, isl version none
GGC heuristics: --param ggc-min-expand=100 --param ggc-min-heapsize=131072
Compiler executable checksum: 6c855b3bd254c441aedb856cd1cb48f2
COLLECT_GCC_OPTIONS='-D' '__CUDA_ARCH__=520' '-D' '__CUDA_ARCH_LIST__=520' '-c' '-D' 'CUDA_DOUBLE_MATH_FUNCTIONS' '-v' '-I' '/opt/ohpc/pub/apps/cuda/11.8/Linux_x86_64/22.11/cuda/11.8/include' '-I' '/opt/ohpc/pub/apps/cuda/11.8/Linux_x86_64/22.11/math_libs/11.8/include' '-I' '/opt/ohpc/pub/apps/cuda/11.8/Linux_x86_64/22.11/comm_libs/11.8/nccl/include' '-I' '/opt/ohpc/pub/apps/cuda/11.8/Linux_x86_64/22.11/comm_libs/11.8/nvshmem/include' '-I' '/opt/ohpc/pub/apps/cuda/11.8/Linux_x86_64/22.11/cuda/11.8/bin/../targets/x86_64-linux/include' '-m64' '-o' 'CMakeFiles/cmTC_d3765.dir/CMakeCUDACompilerABI.cu.o' '-mtune=generic' '-march=x86-64'
 as -v -I /opt/ohpc/pub/apps/cuda/11.8/Linux_x86_64/22.11/cuda/11.8/include -I /opt/ohpc/pub/apps/cuda/11.8/Linux_x86_64/22.11/math_libs/11.8/include -I /opt/ohpc/pub/apps/cuda/11.8/Linux_x86_64/22.11/comm_libs/11.8/nccl/include -I /opt/ohpc/pub/apps/cuda/11.8/Linux_x86_64/22.11/comm_libs/11.8/nvshmem/include -I /opt/ohpc/pub/apps/cuda/11.8/Linux_x86_64/22.11/cuda/11.8/bin/../targets/x86_64-linux/include --64 -o CMakeFiles/cmTC_d3765.dir/CMakeCUDACompilerABI.cu.o /tmp/cckqgPRV.s
GNU assembler version 2.27 (x86_64-redhat-linux) using BFD version version 2.27-44.base.el7_9.1
COMPILER_PATH=/opt/ohpc/pub/compiler/gcc/8.3.0/libexec/gcc/x86_64-pc-linux-gnu/8.3.0/:/opt/ohpc/pub/compiler/gcc/8.3.0/libexec/gcc/x86_64-pc-linux-gnu/8.3.0/:/opt/ohpc/pub/compiler/gcc/8.3.0/libexec/gcc/x86_64-pc-linux-gnu/:/opt/ohpc/pub/compiler/gcc/8.3.0/lib/gcc/x86_64-pc-linux-gnu/8.3.0/:/opt/ohpc/pub/compiler/gcc/8.3.0/lib/gcc/x86_64-pc-linux-gnu/
LIBRARY_PATH=/opt/ohpc/pub/compiler/gcc/8.3.0/lib/gcc/x86_64-pc-linux-gnu/8.3.0/:/opt/ohpc/pub/compiler/gcc/8.3.0/lib/gcc/x86_64-pc-linux-gnu/8.3.0/../../../../lib64/:/lib/../lib64/:/usr/lib/../lib64/:/opt/ohpc/pub/apps/cuda/11.8/lib64/:/opt/ohpc/pub/compiler/gcc/8.3.0/lib/gcc/x86_64-pc-linux-gnu/8.3.0/../../../:/lib/:/usr/lib/
COLLECT_GCC_OPTIONS='-D' '__CUDA_ARCH__=520' '-D' '__CUDA_ARCH_LIST__=520' '-c' '-D' 'CUDA_DOUBLE_MATH_FUNCTIONS' '-v' '-I' '/opt/ohpc/pub/apps/cuda/11.8/Linux_x86_64/22.11/cuda/11.8/include' '-I' '/opt/ohpc/pub/apps/cuda/11.8/Linux_x86_64/22.11/math_libs/11.8/include' '-I' '/opt/ohpc/pub/apps/cuda/11.8/Linux_x86_64/22.11/comm_libs/11.8/nccl/include' '-I' '/opt/ohpc/pub/apps/cuda/11.8/Linux_x86_64/22.11/comm_libs/11.8/nvshmem/include' '-I' '/opt/ohpc/pub/apps/cuda/11.8/Linux_x86_64/22.11/cuda/11.8/bin/../targets/x86_64-linux/include' '-m64' '-o' 'CMakeFiles/cmTC_d3765.dir/CMakeCUDACompilerABI.cu.o' '-mtune=generic' '-march=x86-64'
Linking CUDA executable cmTC_d3765
/usr/bin/cmake3 -E cmake_link_script CMakeFiles/cmTC_d3765.dir/link.txt --verbose=1
/opt/ohpc/pub/compiler/gcc/8.3.0/bin/g++  -v CMakeFiles/cmTC_d3765.dir/CMakeCUDACompilerABI.cu.o -o cmTC_d3765  -lcudadevrt -lcudart_static  -L"/opt/ohpc/pub/apps/cuda/11.8/Linux_x86_64/22.11/cuda/11.8/lib64" -L"/opt/ohpc/pub/apps/cuda/11.8/Linux_x86_64/22.11/math_libs/11.8/lib64" -L"/opt/ohpc/pub/apps/cuda/11.8/Linux_x86_64/22.11/comm_libs/11.8/nccl/lib" -L"/opt/ohpc/pub/apps/cuda/11.8/Linux_x86_64/22.11/comm_libs/11.8/nvshmem/lib" -L"/opt/ohpc/pub/apps/cuda/11.8/Linux_x86_64/22.11/cuda/11.8/targets/x86_64-linux/lib/stubs" -L"/opt/ohpc/pub/apps/cuda/11.8/Linux_x86_64/22.11/cuda/11.8/targets/x86_64-linux/lib" -lcudadevrt -lcudart_static -lrt -lpthread -ldl
Using built-in specs.
COLLECT_GCC=/opt/ohpc/pub/compiler/gcc/8.3.0/bin/g++
COLLECT_LTO_WRAPPER=/opt/ohpc/pub/compiler/gcc/8.3.0/libexec/gcc/x86_64-pc-linux-gnu/8.3.0/lto-wrapper
Target: x86_64-pc-linux-gnu
Configured with: ../configure --disable-multilib --enable-languages=c,c++,fortran --prefix=/opt/ohpc/pub/compiler/gcc/8.3.0 --disable-static --enable-shared
Thread model: posix
gcc version 8.3.0 (GCC) 
COMPILER_PATH=/opt/ohpc/pub/compiler/gcc/8.3.0/libexec/gcc/x86_64-pc-linux-gnu/8.3.0/:/opt/ohpc/pub/compiler/gcc/8.3.0/libexec/gcc/x86_64-pc-linux-gnu/8.3.0/:/opt/ohpc/pub/compiler/gcc/8.3.0/libexec/gcc/x86_64-pc-linux-gnu/:/opt/ohpc/pub/compiler/gcc/8.3.0/lib/gcc/x86_64-pc-linux-gnu/8.3.0/:/opt/ohpc/pub/compiler/gcc/8.3.0/lib/gcc/x86_64-pc-linux-gnu/
LIBRARY_PATH=/opt/ohpc/pub/compiler/gcc/8.3.0/lib/gcc/x86_64-pc-linux-gnu/8.3.0/:/opt/ohpc/pub/compiler/gcc/8.3.0/lib/gcc/x86_64-pc-linux-gnu/8.3.0/../../../../lib64/:/lib/../lib64/:/usr/lib/../lib64/:/opt/ohpc/pub/apps/cuda/11.8/lib64/:/opt/ohpc/pub/compiler/gcc/8.3.0/lib/gcc/x86_64-pc-linux-gnu/8.3.0/../../../:/lib/:/usr/lib/
COLLECT_GCC_OPTIONS='-v' '-o' 'cmTC_d3765' '-L/opt/ohpc/pub/apps/cuda/11.8/Linux_x86_64/22.11/cuda/11.8/lib64' '-L/opt/ohpc/pub/apps/cuda/11.8/Linux_x86_64/22.11/math_libs/11.8/lib64' '-L/opt/ohpc/pub/apps/cuda/11.8/Linux_x86_64/22.11/comm_libs/11.8/nccl/lib' '-L/opt/ohpc/pub/apps/cuda/11.8/Linux_x86_64/22.11/comm_libs/11.8/nvshmem/lib' '-L/opt/ohpc/pub/apps/cuda/11.8/Linux_x86_64/22.11/cuda/11.8/targets/x86_64-linux/lib/stubs' '-L/opt/ohpc/pub/apps/cuda/11.8/Linux_x86_64/22.11/cuda/11.8/targets/x86_64-linux/lib' '-shared-libgcc' '-mtune=generic' '-march=x86-64'
 /opt/ohpc/pub/compiler/gcc/8.3.0/libexec/gcc/x86_64-pc-linux-gnu/8.3.0/collect2 -plugin /opt/ohpc/pub/compiler/gcc/8.3.0/libexec/gcc/x86_64-pc-linux-gnu/8.3.0/liblto_plugin.so -plugin-opt=/opt/ohpc/pub/compiler/gcc/8.3.0/libexec/gcc/x86_64-pc-linux-gnu/8.3.0/lto-wrapper -plugin-opt=-fresolution=/tmp/ccT3Hkxg.res -plugin-opt=-pass-through=-lgcc_s -plugin-opt=-pass-through=-lgcc -plugin-opt=-pass-through=-lc -plugin-opt=-pass-through=-lgcc_s -plugin-opt=-pass-through=-lgcc --eh-frame-hdr -m elf_x86_64 -dynamic-linker /lib64/ld-linux-x86-64.so.2 -o cmTC_d3765 /lib/../lib64/crt1.o /lib/../lib64/crti.o /opt/ohpc/pub/compiler/gcc/8.3.0/lib/gcc/x86_64-pc-linux-gnu/8.3.0/crtbegin.o -L/opt/ohpc/pub/apps/cuda/11.8/Linux_x86_64/22.11/cuda/11.8/lib64 -L/opt/ohpc/pub/apps/cuda/11.8/Linux_x86_64/22.11/math_libs/11.8/lib64 -L/opt/ohpc/pub/apps/cuda/11.8/Linux_x86_64/22.11/comm_libs/11.8/nccl/lib -L/opt/ohpc/pub/apps/cuda/11.8/Linux_x86_64/22.11/comm_libs/11.8/nvshmem/lib -L/opt/ohpc/pub/apps/cuda/11.8/Linux_x86_64/22.11/cuda/11.8/targets/x86_64-linux/lib/stubs -L/opt/ohpc/pub/apps/cuda/11.8/Linux_x86_64/22.11/cuda/11.8/targets/x86_64-linux/lib -L/opt/ohpc/pub/compiler/gcc/8.3.0/lib/gcc/x86_64-pc-linux-gnu/8.3.0 -L/opt/ohpc/pub/compiler/gcc/8.3.0/lib/gcc/x86_64-pc-linux-gnu/8.3.0/../../../../lib64 -L/lib/../lib64 -L/usr/lib/../lib64 -L/opt/ohpc/pub/apps/cuda/11.8/lib64 -L/opt/ohpc/pub/compiler/gcc/8.3.0/lib/gcc/x86_64-pc-linux-gnu/8.3.0/../../.. CMakeFiles/cmTC_d3765.dir/CMakeCUDACompilerABI.cu.o -lcudadevrt -lcudart_static -lcudadevrt -lcudart_static -lrt -lpthread -ldl -lstdc++ -lm -lgcc_s -lgcc -lc -lgcc_s -lgcc /opt/ohpc/pub/compiler/gcc/8.3.0/lib/gcc/x86_64-pc-linux-gnu/8.3.0/crtend.o /lib/../lib64/crtn.o
COLLECT_GCC_OPTIONS='-v' '-o' 'cmTC_d3765' '-L/opt/ohpc/pub/apps/cuda/11.8/Linux_x86_64/22.11/cuda/11.8/lib64' '-L/opt/ohpc/pub/apps/cuda/11.8/Linux_x86_64/22.11/math_libs/11.8/lib64' '-L/opt/ohpc/pub/apps/cuda/11.8/Linux_x86_64/22.11/comm_libs/11.8/nccl/lib' '-L/opt/ohpc/pub/apps/cuda/11.8/Linux_x86_64/22.11/comm_libs/11.8/nvshmem/lib' '-L/opt/ohpc/pub/apps/cuda/11.8/Linux_x86_64/22.11/cuda/11.8/targets/x86_64-linux/lib/stubs' '-L/opt/ohpc/pub/apps/cuda/11.8/Linux_x86_64/22.11/cuda/11.8/targets/x86_64-linux/lib' '-shared-libgcc' '-mtune=generic' '-march=x86-64'
gmake[1]: Leaving directory `/xdisk/chanc/home/ram/athenak/gpu/ocelote/pascal/build-gpu-torus-mad-pascal/kokkos/CMakeFiles/CheckCUDA/CMakeFiles/CMakeTmp'



Parsed CUDA implicit include dir info from above output: rv=done
  found start of include info
  found start of implicit include info
    add: [/opt/ohpc/pub/apps/cuda/11.8/Linux_x86_64/22.11/cuda/11.8/include]
    add: [/opt/ohpc/pub/apps/cuda/11.8/Linux_x86_64/22.11/math_libs/11.8/include]
    add: [/opt/ohpc/pub/apps/cuda/11.8/Linux_x86_64/22.11/comm_libs/11.8/nccl/include]
    add: [/opt/ohpc/pub/apps/cuda/11.8/Linux_x86_64/22.11/comm_libs/11.8/nvshmem/include]
    add: [/opt/ohpc/pub/apps/cuda/11.8/Linux_x86_64/22.11/comm_libs/mpi/include]
    add: [/opt/ohpc/pub/apps/cuda/11.8/Linux_x86_64/22.11/compilers/include]
    add: [/opt/ohpc/pub/compiler/gcc/8.3.0/lib/gcc/x86_64-pc-linux-gnu/8.3.0/../../../../include/c++/8.3.0]
    add: [/opt/ohpc/pub/compiler/gcc/8.3.0/lib/gcc/x86_64-pc-linux-gnu/8.3.0/../../../../include/c++/8.3.0/x86_64-pc-linux-gnu]
    add: [/opt/ohpc/pub/compiler/gcc/8.3.0/lib/gcc/x86_64-pc-linux-gnu/8.3.0/../../../../include/c++/8.3.0/backward]
    add: [/opt/ohpc/pub/compiler/gcc/8.3.0/lib/gcc/x86_64-pc-linux-gnu/8.3.0/include]
    add: [/usr/local/include]
    add: [/opt/ohpc/pub/compiler/gcc/8.3.0/include]
    add: [/opt/ohpc/pub/compiler/gcc/8.3.0/lib/gcc/x86_64-pc-linux-gnu/8.3.0/include-fixed]
    add: [/usr/include]
  end of search list found
  collapse include dir [/opt/ohpc/pub/apps/cuda/11.8/Linux_x86_64/22.11/cuda/11.8/include] ==> [/opt/ohpc/pub/apps/cuda/11.8/Linux_x86_64/22.11/cuda/11.8/include]
  collapse include dir [/opt/ohpc/pub/apps/cuda/11.8/Linux_x86_64/22.11/math_libs/11.8/include] ==> [/opt/ohpc/pub/apps/cuda/11.8/Linux_x86_64/22.11/math_libs/11.8/include]
  collapse include dir [/opt/ohpc/pub/apps/cuda/11.8/Linux_x86_64/22.11/comm_libs/11.8/nccl/include] ==> [/opt/ohpc/pub/apps/cuda/11.8/Linux_x86_64/22.11/comm_libs/11.8/nccl/include]
  collapse include dir [/opt/ohpc/pub/apps/cuda/11.8/Linux_x86_64/22.11/comm_libs/11.8/nvshmem/include] ==> [/opt/ohpc/pub/apps/cuda/11.8/Linux_x86_64/22.11/comm_libs/11.8/nvshmem/include]
  collapse include dir [/opt/ohpc/pub/apps/cuda/11.8/Linux_x86_64/22.11/comm_libs/mpi/include] ==> [/opt/ohpc/pub/apps/cuda/11.8/Linux_x86_64/22.11/comm_libs/mpi/include]
  collapse include dir [/opt/ohpc/pub/apps/cuda/11.8/Linux_x86_64/22.11/compilers/include] ==> [/opt/ohpc/pub/apps/cuda/11.8/Linux_x86_64/22.11/compilers/include]
  collapse include dir [/opt/ohpc/pub/compiler/gcc/8.3.0/lib/gcc/x86_64-pc-linux-gnu/8.3.0/../../../../include/c++/8.3.0] ==> [/opt/ohpc/pub/compiler/gcc/8.3.0/include/c++/8.3.0]
  collapse include dir [/opt/ohpc/pub/compiler/gcc/8.3.0/lib/gcc/x86_64-pc-linux-gnu/8.3.0/../../../../include/c++/8.3.0/x86_64-pc-linux-gnu] ==> [/opt/ohpc/pub/compiler/gcc/8.3.0/include/c++/8.3.0/x86_64-pc-linux-gnu]
  collapse include dir [/opt/ohpc/pub/compiler/gcc/8.3.0/lib/gcc/x86_64-pc-linux-gnu/8.3.0/../../../../include/c++/8.3.0/backward] ==> [/opt/ohpc/pub/compiler/gcc/8.3.0/include/c++/8.3.0/backward]
  collapse include dir [/opt/ohpc/pub/compiler/gcc/8.3.0/lib/gcc/x86_64-pc-linux-gnu/8.3.0/include] ==> [/opt/ohpc/pub/compiler/gcc/8.3.0/lib/gcc/x86_64-pc-linux-gnu/8.3.0/include]
  collapse include dir [/usr/local/include] ==> [/usr/local/include]
  collapse include dir [/opt/ohpc/pub/compiler/gcc/8.3.0/include] ==> [/opt/ohpc/pub/compiler/gcc/8.3.0/include]
  collapse include dir [/opt/ohpc/pub/compiler/gcc/8.3.0/lib/gcc/x86_64-pc-linux-gnu/8.3.0/include-fixed] ==> [/opt/ohpc/pub/compiler/gcc/8.3.0/lib/gcc/x86_64-pc-linux-gnu/8.3.0/include-fixed]
  collapse include dir [/usr/include] ==> [/usr/include]
  implicit include dirs: [/opt/ohpc/pub/apps/cuda/11.8/Linux_x86_64/22.11/cuda/11.8/include;/opt/ohpc/pub/apps/cuda/11.8/Linux_x86_64/22.11/math_libs/11.8/include;/opt/ohpc/pub/apps/cuda/11.8/Linux_x86_64/22.11/comm_libs/11.8/nccl/include;/opt/ohpc/pub/apps/cuda/11.8/Linux_x86_64/22.11/comm_libs/11.8/nvshmem/include;/opt/ohpc/pub/apps/cuda/11.8/Linux_x86_64/22.11/comm_libs/mpi/include;/opt/ohpc/pub/apps/cuda/11.8/Linux_x86_64/22.11/compilers/include;/opt/ohpc/pub/compiler/gcc/8.3.0/include/c++/8.3.0;/opt/ohpc/pub/compiler/gcc/8.3.0/include/c++/8.3.0/x86_64-pc-linux-gnu;/opt/ohpc/pub/compiler/gcc/8.3.0/include/c++/8.3.0/backward;/opt/ohpc/pub/compiler/gcc/8.3.0/lib/gcc/x86_64-pc-linux-gnu/8.3.0/include;/usr/local/include;/opt/ohpc/pub/compiler/gcc/8.3.0/include;/opt/ohpc/pub/compiler/gcc/8.3.0/lib/gcc/x86_64-pc-linux-gnu/8.3.0/include-fixed;/usr/include]


Parsed CUDA implicit link information from above output:
  link line regex: [^( *|.*[/\])(ld|CMAKE_LINK_STARTFILE-NOTFOUND|([^/\]+-)?ld|collect2)[^/\]*( |$)]
  ignore line: [Change Dir: /xdisk/chanc/home/ram/athenak/gpu/ocelote/pascal/build-gpu-torus-mad-pascal/kokkos/CMakeFiles/CheckCUDA/CMakeFiles/CMakeTmp]
  ignore line: []
  ignore line: [Run Build Command(s):/usr/bin/gmake cmTC_d3765/fast && /usr/bin/gmake  -f CMakeFiles/cmTC_d3765.dir/build.make CMakeFiles/cmTC_d3765.dir/build]
  ignore line: [gmake[1]: Entering directory `/xdisk/chanc/home/ram/athenak/gpu/ocelote/pascal/build-gpu-torus-mad-pascal/kokkos/CMakeFiles/CheckCUDA/CMakeFiles/CMakeTmp']
  ignore line: [Building CUDA object CMakeFiles/cmTC_d3765.dir/CMakeCUDACompilerABI.cu.o]
  ignore line: [/opt/ohpc/pub/apps/cuda/11.8/Linux_x86_64/22.11/compilers/bin/nvcc -forward-unknown-to-host-compiler   -Xcompiler=-v -x cu -c /usr/share/cmake3/Modules/CMakeCUDACompilerABI.cu -o CMakeFiles/cmTC_d3765.dir/CMakeCUDACompilerABI.cu.o]
  ignore line: [Using built-in specs.]
  ignore line: [COLLECT_GCC=gcc]
  ignore line: [Target: x86_64-pc-linux-gnu]
  ignore line: [Configured with: ../configure --disable-multilib --enable-languages=c c++ fortran --prefix=/opt/ohpc/pub/compiler/gcc/8.3.0 --disable-static --enable-shared]
  ignore line: [Thread model: posix]
  ignore line: [gcc version 8.3.0 (GCC) ]
  ignore line: [COLLECT_GCC_OPTIONS='-D' '__CUDA_ARCH__=520' '-D' '__CUDA_ARCH_LIST__=520' '-E' '-D' 'CUDA_DOUBLE_MATH_FUNCTIONS' '-D' '__CUDACC__' '-D' '__NVCC__' '-v' '-I' '/opt/ohpc/pub/apps/cuda/11.8/Linux_x86_64/22.11/cuda/11.8/include' '-I' '/opt/ohpc/pub/apps/cuda/11.8/Linux_x86_64/22.11/math_libs/11.8/include' '-I' '/opt/ohpc/pub/apps/cuda/11.8/Linux_x86_64/22.11/comm_libs/11.8/nccl/include' '-I' '/opt/ohpc/pub/apps/cuda/11.8/Linux_x86_64/22.11/comm_libs/11.8/nvshmem/include' '-I' '/opt/ohpc/pub/apps/cuda/11.8/Linux_x86_64/22.11/cuda/11.8/bin/../targets/x86_64-linux/include' '-D' '__CUDACC_VER_MAJOR__=11' '-D' '__CUDACC_VER_MINOR__=8' '-D' '__CUDACC_VER_BUILD__=89' '-D' '__CUDA_API_VER_MAJOR__=11' '-D' '__CUDA_API_VER_MINOR__=8' '-D' '__NVCC_DIAG_PRAGMA_SUPPORT__=1' '-include' 'cuda_runtime.h' '-m64' '-o' '/tmp/tmpxft_0000076e_00000000-7_CMakeCUDACompilerABI.cpp1.ii' '-mtune=generic' '-march=x86-64']
  ignore line: [ /opt/ohpc/pub/compiler/gcc/8.3.0/libexec/gcc/x86_64-pc-linux-gnu/8.3.0/cc1plus -E -quiet -v -I /opt/ohpc/pub/apps/cuda/11.8/Linux_x86_64/22.11/cuda/11.8/include -I /opt/ohpc/pub/apps/cuda/11.8/Linux_x86_64/22.11/math_libs/11.8/include -I /opt/ohpc/pub/apps/cuda/11.8/Linux_x86_64/22.11/comm_libs/11.8/nccl/include -I /opt/ohpc/pub/apps/cuda/11.8/Linux_x86_64/22.11/comm_libs/11.8/nvshmem/include -I /opt/ohpc/pub/apps/cuda/11.8/Linux_x86_64/22.11/cuda/11.8/bin/../targets/x86_64-linux/include -D_GNU_SOURCE -D __CUDA_ARCH__=520 -D __CUDA_ARCH_LIST__=520 -D CUDA_DOUBLE_MATH_FUNCTIONS -D __CUDACC__ -D __NVCC__ -D __CUDACC_VER_MAJOR__=11 -D __CUDACC_VER_MINOR__=8 -D __CUDACC_VER_BUILD__=89 -D __CUDA_API_VER_MAJOR__=11 -D __CUDA_API_VER_MINOR__=8 -D __NVCC_DIAG_PRAGMA_SUPPORT__=1 -include cuda_runtime.h /usr/share/cmake3/Modules/CMakeCUDACompilerABI.cu -o /tmp/tmpxft_0000076e_00000000-7_CMakeCUDACompilerABI.cpp1.ii -m64 -mtune=generic -march=x86-64]
  ignore line: [ignoring nonexistent directory "/opt/ohpc/pub/compiler/gcc/8.3.0/lib/gcc/x86_64-pc-linux-gnu/8.3.0/../../../../x86_64-pc-linux-gnu/include"]
  ignore line: [ignoring duplicate directory "/opt/ohpc/pub/apps/cuda/11.8/Linux_x86_64/22.11/cuda/11.8/bin/../targets/x86_64-linux/include"]
  ignore line: [ignoring duplicate directory "/opt/ohpc/pub/apps/cuda/11.8/Linux_x86_64/22.11/comm_libs/nvshmem/include"]
  ignore line: [ignoring duplicate directory "/opt/ohpc/pub/apps/cuda/11.8/Linux_x86_64/22.11/comm_libs/nccl/include"]
  ignore line: [ignoring duplicate directory "/opt/ohpc/pub/apps/cuda/11.8/Linux_x86_64/22.11/math_libs/include"]
  ignore line: [ignoring duplicate directory "/opt/ohpc/pub/apps/cuda/11.8/Linux_x86_64/22.11/cuda/include"]
  ignore line: [#include "..." search starts here:]
  ignore line: [#include <...> search starts here:]
  ignore line: [ /opt/ohpc/pub/apps/cuda/11.8/Linux_x86_64/22.11/cuda/11.8/include]
  ignore line: [ /opt/ohpc/pub/apps/cuda/11.8/Linux_x86_64/22.11/math_libs/11.8/include]
  ignore line: [ /opt/ohpc/pub/apps/cuda/11.8/Linux_x86_64/22.11/comm_libs/11.8/nccl/include]
  ignore line: [ /opt/ohpc/pub/apps/cuda/11.8/Linux_x86_64/22.11/comm_libs/11.8/nvshmem/include]
  ignore line: [ /opt/ohpc/pub/apps/cuda/11.8/Linux_x86_64/22.11/comm_libs/mpi/include]
  ignore line: [ /opt/ohpc/pub/apps/cuda/11.8/Linux_x86_64/22.11/compilers/include]
  ignore line: [ /opt/ohpc/pub/compiler/gcc/8.3.0/lib/gcc/x86_64-pc-linux-gnu/8.3.0/../../../../include/c++/8.3.0]
  ignore line: [ /opt/ohpc/pub/compiler/gcc/8.3.0/lib/gcc/x86_64-pc-linux-gnu/8.3.0/../../../../include/c++/8.3.0/x86_64-pc-linux-gnu]
  ignore line: [ /opt/ohpc/pub/compiler/gcc/8.3.0/lib/gcc/x86_64-pc-linux-gnu/8.3.0/../../../../include/c++/8.3.0/backward]
  ignore line: [ /opt/ohpc/pub/compiler/gcc/8.3.0/lib/gcc/x86_64-pc-linux-gnu/8.3.0/include]
  ignore line: [ /usr/local/include]
  ignore line: [ /opt/ohpc/pub/compiler/gcc/8.3.0/include]
  ignore line: [ /opt/ohpc/pub/compiler/gcc/8.3.0/lib/gcc/x86_64-pc-linux-gnu/8.3.0/include-fixed]
  ignore line: [ /usr/include]
  ignore line: [End of search list.]
  ignore line: [COMPILER_PATH=/opt/ohpc/pub/compiler/gcc/8.3.0/libexec/gcc/x86_64-pc-linux-gnu/8.3.0/:/opt/ohpc/pub/compiler/gcc/8.3.0/libexec/gcc/x86_64-pc-linux-gnu/8.3.0/:/opt/ohpc/pub/compiler/gcc/8.3.0/libexec/gcc/x86_64-pc-linux-gnu/:/opt/ohpc/pub/compiler/gcc/8.3.0/lib/gcc/x86_64-pc-linux-gnu/8.3.0/:/opt/ohpc/pub/compiler/gcc/8.3.0/lib/gcc/x86_64-pc-linux-gnu/]
  ignore line: [LIBRARY_PATH=/opt/ohpc/pub/compiler/gcc/8.3.0/lib/gcc/x86_64-pc-linux-gnu/8.3.0/:/opt/ohpc/pub/compiler/gcc/8.3.0/lib/gcc/x86_64-pc-linux-gnu/8.3.0/../../../../lib64/:/lib/../lib64/:/usr/lib/../lib64/:/opt/ohpc/pub/apps/cuda/11.8/lib64/:/opt/ohpc/pub/compiler/gcc/8.3.0/lib/gcc/x86_64-pc-linux-gnu/8.3.0/../../../:/lib/:/usr/lib/]
  ignore line: [COLLECT_GCC_OPTIONS='-D' '__CUDA_ARCH__=520' '-D' '__CUDA_ARCH_LIST__=520' '-E' '-D' 'CUDA_DOUBLE_MATH_FUNCTIONS' '-D' '__CUDACC__' '-D' '__NVCC__' '-v' '-I' '/opt/ohpc/pub/apps/cuda/11.8/Linux_x86_64/22.11/cuda/11.8/include' '-I' '/opt/ohpc/pub/apps/cuda/11.8/Linux_x86_64/22.11/math_libs/11.8/include' '-I' '/opt/ohpc/pub/apps/cuda/11.8/Linux_x86_64/22.11/comm_libs/11.8/nccl/include' '-I' '/opt/ohpc/pub/apps/cuda/11.8/Linux_x86_64/22.11/comm_libs/11.8/nvshmem/include' '-I' '/opt/ohpc/pub/apps/cuda/11.8/Linux_x86_64/22.11/cuda/11.8/bin/../targets/x86_64-linux/include' '-D' '__CUDACC_VER_MAJOR__=11' '-D' '__CUDACC_VER_MINOR__=8' '-D' '__CUDACC_VER_BUILD__=89' '-D' '__CUDA_API_VER_MAJOR__=11' '-D' '__CUDA_API_VER_MINOR__=8' '-D' '__NVCC_DIAG_PRAGMA_SUPPORT__=1' '-include' 'cuda_runtime.h' '-m64' '-o' '/tmp/tmpxft_0000076e_00000000-7_CMakeCUDACompilerABI.cpp1.ii' '-mtune=generic' '-march=x86-64']
  ignore line: [Using built-in specs.]
  ignore line: [COLLECT_GCC=gcc]
  ignore line: [Target: x86_64-pc-linux-gnu]
  ignore line: [Configured with: ../configure --disable-multilib --enable-languages=c c++ fortran --prefix=/opt/ohpc/pub/compiler/gcc/8.3.0 --disable-static --enable-shared]
  ignore line: [Thread model: posix]
  ignore line: [gcc version 8.3.0 (GCC) ]
  ignore line: [COLLECT_GCC_OPTIONS='-D' '__CUDA_ARCH_LIST__=520' '-E' '-D' '__CUDACC__' '-D' '__NVCC__' '-v' '-I' '/opt/ohpc/pub/apps/cuda/11.8/Linux_x86_64/22.11/cuda/11.8/include' '-I' '/opt/ohpc/pub/apps/cuda/11.8/Linux_x86_64/22.11/math_libs/11.8/include' '-I' '/opt/ohpc/pub/apps/cuda/11.8/Linux_x86_64/22.11/comm_libs/11.8/nccl/include' '-I' '/opt/ohpc/pub/apps/cuda/11.8/Linux_x86_64/22.11/comm_libs/11.8/nvshmem/include' '-I' '/opt/ohpc/pub/apps/cuda/11.8/Linux_x86_64/22.11/cuda/11.8/bin/../targets/x86_64-linux/include' '-D' '__CUDACC_VER_MAJOR__=11' '-D' '__CUDACC_VER_MINOR__=8' '-D' '__CUDACC_VER_BUILD__=89' '-D' '__CUDA_API_VER_MAJOR__=11' '-D' '__CUDA_API_VER_MINOR__=8' '-D' '__NVCC_DIAG_PRAGMA_SUPPORT__=1' '-include' 'cuda_runtime.h' '-m64' '-o' '/tmp/tmpxft_0000076e_00000000-5_CMakeCUDACompilerABI.cpp4.ii' '-mtune=generic' '-march=x86-64']
  ignore line: [ /opt/ohpc/pub/compiler/gcc/8.3.0/libexec/gcc/x86_64-pc-linux-gnu/8.3.0/cc1plus -E -quiet -v -I /opt/ohpc/pub/apps/cuda/11.8/Linux_x86_64/22.11/cuda/11.8/include -I /opt/ohpc/pub/apps/cuda/11.8/Linux_x86_64/22.11/math_libs/11.8/include -I /opt/ohpc/pub/apps/cuda/11.8/Linux_x86_64/22.11/comm_libs/11.8/nccl/include -I /opt/ohpc/pub/apps/cuda/11.8/Linux_x86_64/22.11/comm_libs/11.8/nvshmem/include -I /opt/ohpc/pub/apps/cuda/11.8/Linux_x86_64/22.11/cuda/11.8/bin/../targets/x86_64-linux/include -D_GNU_SOURCE -D __CUDA_ARCH_LIST__=520 -D __CUDACC__ -D __NVCC__ -D __CUDACC_VER_MAJOR__=11 -D __CUDACC_VER_MINOR__=8 -D __CUDACC_VER_BUILD__=89 -D __CUDA_API_VER_MAJOR__=11 -D __CUDA_API_VER_MINOR__=8 -D __NVCC_DIAG_PRAGMA_SUPPORT__=1 -include cuda_runtime.h /usr/share/cmake3/Modules/CMakeCUDACompilerABI.cu -o /tmp/tmpxft_0000076e_00000000-5_CMakeCUDACompilerABI.cpp4.ii -m64 -mtune=generic -march=x86-64]
  ignore line: [ignoring nonexistent directory "/opt/ohpc/pub/compiler/gcc/8.3.0/lib/gcc/x86_64-pc-linux-gnu/8.3.0/../../../../x86_64-pc-linux-gnu/include"]
  ignore line: [ignoring duplicate directory "/opt/ohpc/pub/apps/cuda/11.8/Linux_x86_64/22.11/cuda/11.8/bin/../targets/x86_64-linux/include"]
  ignore line: [ignoring duplicate directory "/opt/ohpc/pub/apps/cuda/11.8/Linux_x86_64/22.11/comm_libs/nvshmem/include"]
  ignore line: [ignoring duplicate directory "/opt/ohpc/pub/apps/cuda/11.8/Linux_x86_64/22.11/comm_libs/nccl/include"]
  ignore line: [ignoring duplicate directory "/opt/ohpc/pub/apps/cuda/11.8/Linux_x86_64/22.11/math_libs/include"]
  ignore line: [ignoring duplicate directory "/opt/ohpc/pub/apps/cuda/11.8/Linux_x86_64/22.11/cuda/include"]
  ignore line: [#include "..." search starts here:]
  ignore line: [#include <...> search starts here:]
  ignore line: [ /opt/ohpc/pub/apps/cuda/11.8/Linux_x86_64/22.11/cuda/11.8/include]
  ignore line: [ /opt/ohpc/pub/apps/cuda/11.8/Linux_x86_64/22.11/math_libs/11.8/include]
  ignore line: [ /opt/ohpc/pub/apps/cuda/11.8/Linux_x86_64/22.11/comm_libs/11.8/nccl/include]
  ignore line: [ /opt/ohpc/pub/apps/cuda/11.8/Linux_x86_64/22.11/comm_libs/11.8/nvshmem/include]
  ignore line: [ /opt/ohpc/pub/apps/cuda/11.8/Linux_x86_64/22.11/comm_libs/mpi/include]
  ignore line: [ /opt/ohpc/pub/apps/cuda/11.8/Linux_x86_64/22.11/compilers/include]
  ignore line: [ /opt/ohpc/pub/compiler/gcc/8.3.0/lib/gcc/x86_64-pc-linux-gnu/8.3.0/../../../../include/c++/8.3.0]
  ignore line: [ /opt/ohpc/pub/compiler/gcc/8.3.0/lib/gcc/x86_64-pc-linux-gnu/8.3.0/../../../../include/c++/8.3.0/x86_64-pc-linux-gnu]
  ignore line: [ /opt/ohpc/pub/compiler/gcc/8.3.0/lib/gcc/x86_64-pc-linux-gnu/8.3.0/../../../../include/c++/8.3.0/backward]
  ignore line: [ /opt/ohpc/pub/compiler/gcc/8.3.0/lib/gcc/x86_64-pc-linux-gnu/8.3.0/include]
  ignore line: [ /usr/local/include]
  ignore line: [ /opt/ohpc/pub/compiler/gcc/8.3.0/include]
  ignore line: [ /opt/ohpc/pub/compiler/gcc/8.3.0/lib/gcc/x86_64-pc-linux-gnu/8.3.0/include-fixed]
  ignore line: [ /usr/include]
  ignore line: [End of search list.]
  ignore line: [COMPILER_PATH=/opt/ohpc/pub/compiler/gcc/8.3.0/libexec/gcc/x86_64-pc-linux-gnu/8.3.0/:/opt/ohpc/pub/compiler/gcc/8.3.0/libexec/gcc/x86_64-pc-linux-gnu/8.3.0/:/opt/ohpc/pub/compiler/gcc/8.3.0/libexec/gcc/x86_64-pc-linux-gnu/:/opt/ohpc/pub/compiler/gcc/8.3.0/lib/gcc/x86_64-pc-linux-gnu/8.3.0/:/opt/ohpc/pub/compiler/gcc/8.3.0/lib/gcc/x86_64-pc-linux-gnu/]
  ignore line: [LIBRARY_PATH=/opt/ohpc/pub/compiler/gcc/8.3.0/lib/gcc/x86_64-pc-linux-gnu/8.3.0/:/opt/ohpc/pub/compiler/gcc/8.3.0/lib/gcc/x86_64-pc-linux-gnu/8.3.0/../../../../lib64/:/lib/../lib64/:/usr/lib/../lib64/:/opt/ohpc/pub/apps/cuda/11.8/lib64/:/opt/ohpc/pub/compiler/gcc/8.3.0/lib/gcc/x86_64-pc-linux-gnu/8.3.0/../../../:/lib/:/usr/lib/]
  ignore line: [COLLECT_GCC_OPTIONS='-D' '__CUDA_ARCH_LIST__=520' '-E' '-D' '__CUDACC__' '-D' '__NVCC__' '-v' '-I' '/opt/ohpc/pub/apps/cuda/11.8/Linux_x86_64/22.11/cuda/11.8/include' '-I' '/opt/ohpc/pub/apps/cuda/11.8/Linux_x86_64/22.11/math_libs/11.8/include' '-I' '/opt/ohpc/pub/apps/cuda/11.8/Linux_x86_64/22.11/comm_libs/11.8/nccl/include' '-I' '/opt/ohpc/pub/apps/cuda/11.8/Linux_x86_64/22.11/comm_libs/11.8/nvshmem/include' '-I' '/opt/ohpc/pub/apps/cuda/11.8/Linux_x86_64/22.11/cuda/11.8/bin/../targets/x86_64-linux/include' '-D' '__CUDACC_VER_MAJOR__=11' '-D' '__CUDACC_VER_MINOR__=8' '-D' '__CUDACC_VER_BUILD__=89' '-D' '__CUDA_API_VER_MAJOR__=11' '-D' '__CUDA_API_VER_MINOR__=8' '-D' '__NVCC_DIAG_PRAGMA_SUPPORT__=1' '-include' 'cuda_runtime.h' '-m64' '-o' '/tmp/tmpxft_0000076e_00000000-5_CMakeCUDACompilerABI.cpp4.ii' '-mtune=generic' '-march=x86-64']
  ignore line: [Using built-in specs.]
  ignore line: [COLLECT_GCC=gcc]
  ignore line: [Target: x86_64-pc-linux-gnu]
  ignore line: [Configured with: ../configure --disable-multilib --enable-languages=c c++ fortran --prefix=/opt/ohpc/pub/compiler/gcc/8.3.0 --disable-static --enable-shared]
  ignore line: [Thread model: posix]
  ignore line: [gcc version 8.3.0 (GCC) ]
  ignore line: [COLLECT_GCC_OPTIONS='-D' '__CUDA_ARCH__=520' '-D' '__CUDA_ARCH_LIST__=520' '-c' '-D' 'CUDA_DOUBLE_MATH_FUNCTIONS' '-v' '-I' '/opt/ohpc/pub/apps/cuda/11.8/Linux_x86_64/22.11/cuda/11.8/include' '-I' '/opt/ohpc/pub/apps/cuda/11.8/Linux_x86_64/22.11/math_libs/11.8/include' '-I' '/opt/ohpc/pub/apps/cuda/11.8/Linux_x86_64/22.11/comm_libs/11.8/nccl/include' '-I' '/opt/ohpc/pub/apps/cuda/11.8/Linux_x86_64/22.11/comm_libs/11.8/nvshmem/include' '-I' '/opt/ohpc/pub/apps/cuda/11.8/Linux_x86_64/22.11/cuda/11.8/bin/../targets/x86_64-linux/include' '-m64' '-o' 'CMakeFiles/cmTC_d3765.dir/CMakeCUDACompilerABI.cu.o' '-mtune=generic' '-march=x86-64']
  ignore line: [ /opt/ohpc/pub/compiler/gcc/8.3.0/libexec/gcc/x86_64-pc-linux-gnu/8.3.0/cc1plus -quiet -v -I /opt/ohpc/pub/apps/cuda/11.8/Linux_x86_64/22.11/cuda/11.8/include -I /opt/ohpc/pub/apps/cuda/11.8/Linux_x86_64/22.11/math_libs/11.8/include -I /opt/ohpc/pub/apps/cuda/11.8/Linux_x86_64/22.11/comm_libs/11.8/nccl/include -I /opt/ohpc/pub/apps/cuda/11.8/Linux_x86_64/22.11/comm_libs/11.8/nvshmem/include -I /opt/ohpc/pub/apps/cuda/11.8/Linux_x86_64/22.11/cuda/11.8/bin/../targets/x86_64-linux/include -D_GNU_SOURCE -D __CUDA_ARCH__=520 -D __CUDA_ARCH_LIST__=520 -D CUDA_DOUBLE_MATH_FUNCTIONS /tmp/tmpxft_0000076e_00000000-6_CMakeCUDACompilerABI.cudafe1.cpp -quiet -dumpbase tmpxft_0000076e_00000000-6_CMakeCUDACompilerABI.cudafe1.cpp -m64 -mtune=generic -march=x86-64 -auxbase-strip CMakeFiles/cmTC_d3765.dir/CMakeCUDACompilerABI.cu.o -version -o /tmp/cckqgPRV.s]
  ignore line: [GNU C++14 (GCC) version 8.3.0 (x86_64-pc-linux-gnu)]
  ignore line: [	compiled by GNU C version 8.3.0  GMP version 6.1.2  MPFR version 3.1.6  MPC version 1.0.3  isl version none]
  ignore line: [GGC heuristics: --param ggc-min-expand=100 --param ggc-min-heapsize=131072]
  ignore line: [ignoring nonexistent directory "/opt/ohpc/pub/compiler/gcc/8.3.0/lib/gcc/x86_64-pc-linux-gnu/8.3.0/../../../../x86_64-pc-linux-gnu/include"]
  ignore line: [ignoring duplicate directory "/opt/ohpc/pub/apps/cuda/11.8/Linux_x86_64/22.11/cuda/11.8/bin/../targets/x86_64-linux/include"]
  ignore line: [ignoring duplicate directory "/opt/ohpc/pub/apps/cuda/11.8/Linux_x86_64/22.11/comm_libs/nvshmem/include"]
  ignore line: [ignoring duplicate directory "/opt/ohpc/pub/apps/cuda/11.8/Linux_x86_64/22.11/comm_libs/nccl/include"]
  ignore line: [ignoring duplicate directory "/opt/ohpc/pub/apps/cuda/11.8/Linux_x86_64/22.11/math_libs/include"]
  ignore line: [ignoring duplicate directory "/opt/ohpc/pub/apps/cuda/11.8/Linux_x86_64/22.11/cuda/include"]
  ignore line: [#include "..." search starts here:]
  ignore line: [#include <...> search starts here:]
  ignore line: [ /opt/ohpc/pub/apps/cuda/11.8/Linux_x86_64/22.11/cuda/11.8/include]
  ignore line: [ /opt/ohpc/pub/apps/cuda/11.8/Linux_x86_64/22.11/math_libs/11.8/include]
  ignore line: [ /opt/ohpc/pub/apps/cuda/11.8/Linux_x86_64/22.11/comm_libs/11.8/nccl/include]
  ignore line: [ /opt/ohpc/pub/apps/cuda/11.8/Linux_x86_64/22.11/comm_libs/11.8/nvshmem/include]
  ignore line: [ /opt/ohpc/pub/apps/cuda/11.8/Linux_x86_64/22.11/comm_libs/mpi/include]
  ignore line: [ /opt/ohpc/pub/apps/cuda/11.8/Linux_x86_64/22.11/compilers/include]
  ignore line: [ /opt/ohpc/pub/compiler/gcc/8.3.0/lib/gcc/x86_64-pc-linux-gnu/8.3.0/../../../../include/c++/8.3.0]
  ignore line: [ /opt/ohpc/pub/compiler/gcc/8.3.0/lib/gcc/x86_64-pc-linux-gnu/8.3.0/../../../../include/c++/8.3.0/x86_64-pc-linux-gnu]
  ignore line: [ /opt/ohpc/pub/compiler/gcc/8.3.0/lib/gcc/x86_64-pc-linux-gnu/8.3.0/../../../../include/c++/8.3.0/backward]
  ignore line: [ /opt/ohpc/pub/compiler/gcc/8.3.0/lib/gcc/x86_64-pc-linux-gnu/8.3.0/include]
  ignore line: [ /usr/local/include]
  ignore line: [ /opt/ohpc/pub/compiler/gcc/8.3.0/include]
  ignore line: [ /opt/ohpc/pub/compiler/gcc/8.3.0/lib/gcc/x86_64-pc-linux-gnu/8.3.0/include-fixed]
  ignore line: [ /usr/include]
  ignore line: [End of search list.]
  ignore line: [GNU C++14 (GCC) version 8.3.0 (x86_64-pc-linux-gnu)]
  ignore line: [	compiled by GNU C version 8.3.0  GMP version 6.1.2  MPFR version 3.1.6  MPC version 1.0.3  isl version none]
  ignore line: [GGC heuristics: --param ggc-min-expand=100 --param ggc-min-heapsize=131072]
  ignore line: [Compiler executable checksum: 6c855b3bd254c441aedb856cd1cb48f2]
  ignore line: [COLLECT_GCC_OPTIONS='-D' '__CUDA_ARCH__=520' '-D' '__CUDA_ARCH_LIST__=520' '-c' '-D' 'CUDA_DOUBLE_MATH_FUNCTIONS' '-v' '-I' '/opt/ohpc/pub/apps/cuda/11.8/Linux_x86_64/22.11/cuda/11.8/include' '-I' '/opt/ohpc/pub/apps/cuda/11.8/Linux_x86_64/22.11/math_libs/11.8/include' '-I' '/opt/ohpc/pub/apps/cuda/11.8/Linux_x86_64/22.11/comm_libs/11.8/nccl/include' '-I' '/opt/ohpc/pub/apps/cuda/11.8/Linux_x86_64/22.11/comm_libs/11.8/nvshmem/include' '-I' '/opt/ohpc/pub/apps/cuda/11.8/Linux_x86_64/22.11/cuda/11.8/bin/../targets/x86_64-linux/include' '-m64' '-o' 'CMakeFiles/cmTC_d3765.dir/CMakeCUDACompilerABI.cu.o' '-mtune=generic' '-march=x86-64']
  ignore line: [ as -v -I /opt/ohpc/pub/apps/cuda/11.8/Linux_x86_64/22.11/cuda/11.8/include -I /opt/ohpc/pub/apps/cuda/11.8/Linux_x86_64/22.11/math_libs/11.8/include -I /opt/ohpc/pub/apps/cuda/11.8/Linux_x86_64/22.11/comm_libs/11.8/nccl/include -I /opt/ohpc/pub/apps/cuda/11.8/Linux_x86_64/22.11/comm_libs/11.8/nvshmem/include -I /opt/ohpc/pub/apps/cuda/11.8/Linux_x86_64/22.11/cuda/11.8/bin/../targets/x86_64-linux/include --64 -o CMakeFiles/cmTC_d3765.dir/CMakeCUDACompilerABI.cu.o /tmp/cckqgPRV.s]
  ignore line: [GNU assembler version 2.27 (x86_64-redhat-linux) using BFD version version 2.27-44.base.el7_9.1]
  ignore line: [COMPILER_PATH=/opt/ohpc/pub/compiler/gcc/8.3.0/libexec/gcc/x86_64-pc-linux-gnu/8.3.0/:/opt/ohpc/pub/compiler/gcc/8.3.0/libexec/gcc/x86_64-pc-linux-gnu/8.3.0/:/opt/ohpc/pub/compiler/gcc/8.3.0/libexec/gcc/x86_64-pc-linux-gnu/:/opt/ohpc/pub/compiler/gcc/8.3.0/lib/gcc/x86_64-pc-linux-gnu/8.3.0/:/opt/ohpc/pub/compiler/gcc/8.3.0/lib/gcc/x86_64-pc-linux-gnu/]
  ignore line: [LIBRARY_PATH=/opt/ohpc/pub/compiler/gcc/8.3.0/lib/gcc/x86_64-pc-linux-gnu/8.3.0/:/opt/ohpc/pub/compiler/gcc/8.3.0/lib/gcc/x86_64-pc-linux-gnu/8.3.0/../../../../lib64/:/lib/../lib64/:/usr/lib/../lib64/:/opt/ohpc/pub/apps/cuda/11.8/lib64/:/opt/ohpc/pub/compiler/gcc/8.3.0/lib/gcc/x86_64-pc-linux-gnu/8.3.0/../../../:/lib/:/usr/lib/]
  ignore line: [COLLECT_GCC_OPTIONS='-D' '__CUDA_ARCH__=520' '-D' '__CUDA_ARCH_LIST__=520' '-c' '-D' 'CUDA_DOUBLE_MATH_FUNCTIONS' '-v' '-I' '/opt/ohpc/pub/apps/cuda/11.8/Linux_x86_64/22.11/cuda/11.8/include' '-I' '/opt/ohpc/pub/apps/cuda/11.8/Linux_x86_64/22.11/math_libs/11.8/include' '-I' '/opt/ohpc/pub/apps/cuda/11.8/Linux_x86_64/22.11/comm_libs/11.8/nccl/include' '-I' '/opt/ohpc/pub/apps/cuda/11.8/Linux_x86_64/22.11/comm_libs/11.8/nvshmem/include' '-I' '/opt/ohpc/pub/apps/cuda/11.8/Linux_x86_64/22.11/cuda/11.8/bin/../targets/x86_64-linux/include' '-m64' '-o' 'CMakeFiles/cmTC_d3765.dir/CMakeCUDACompilerABI.cu.o' '-mtune=generic' '-march=x86-64']
  ignore line: [Linking CUDA executable cmTC_d3765]
  ignore line: [/usr/bin/cmake3 -E cmake_link_script CMakeFiles/cmTC_d3765.dir/link.txt --verbose=1]
  ignore line: [/opt/ohpc/pub/compiler/gcc/8.3.0/bin/g++  -v CMakeFiles/cmTC_d3765.dir/CMakeCUDACompilerABI.cu.o -o cmTC_d3765  -lcudadevrt -lcudart_static  -L"/opt/ohpc/pub/apps/cuda/11.8/Linux_x86_64/22.11/cuda/11.8/lib64" -L"/opt/ohpc/pub/apps/cuda/11.8/Linux_x86_64/22.11/math_libs/11.8/lib64" -L"/opt/ohpc/pub/apps/cuda/11.8/Linux_x86_64/22.11/comm_libs/11.8/nccl/lib" -L"/opt/ohpc/pub/apps/cuda/11.8/Linux_x86_64/22.11/comm_libs/11.8/nvshmem/lib" -L"/opt/ohpc/pub/apps/cuda/11.8/Linux_x86_64/22.11/cuda/11.8/targets/x86_64-linux/lib/stubs" -L"/opt/ohpc/pub/apps/cuda/11.8/Linux_x86_64/22.11/cuda/11.8/targets/x86_64-linux/lib" -lcudadevrt -lcudart_static -lrt -lpthread -ldl]
  ignore line: [Using built-in specs.]
  ignore line: [COLLECT_GCC=/opt/ohpc/pub/compiler/gcc/8.3.0/bin/g++]
  ignore line: [COLLECT_LTO_WRAPPER=/opt/ohpc/pub/compiler/gcc/8.3.0/libexec/gcc/x86_64-pc-linux-gnu/8.3.0/lto-wrapper]
  ignore line: [Target: x86_64-pc-linux-gnu]
  ignore line: [Configured with: ../configure --disable-multilib --enable-languages=c c++ fortran --prefix=/opt/ohpc/pub/compiler/gcc/8.3.0 --disable-static --enable-shared]
  ignore line: [Thread model: posix]
  ignore line: [gcc version 8.3.0 (GCC) ]
  ignore line: [COMPILER_PATH=/opt/ohpc/pub/compiler/gcc/8.3.0/libexec/gcc/x86_64-pc-linux-gnu/8.3.0/:/opt/ohpc/pub/compiler/gcc/8.3.0/libexec/gcc/x86_64-pc-linux-gnu/8.3.0/:/opt/ohpc/pub/compiler/gcc/8.3.0/libexec/gcc/x86_64-pc-linux-gnu/:/opt/ohpc/pub/compiler/gcc/8.3.0/lib/gcc/x86_64-pc-linux-gnu/8.3.0/:/opt/ohpc/pub/compiler/gcc/8.3.0/lib/gcc/x86_64-pc-linux-gnu/]
  ignore line: [LIBRARY_PATH=/opt/ohpc/pub/compiler/gcc/8.3.0/lib/gcc/x86_64-pc-linux-gnu/8.3.0/:/opt/ohpc/pub/compiler/gcc/8.3.0/lib/gcc/x86_64-pc-linux-gnu/8.3.0/../../../../lib64/:/lib/../lib64/:/usr/lib/../lib64/:/opt/ohpc/pub/apps/cuda/11.8/lib64/:/opt/ohpc/pub/compiler/gcc/8.3.0/lib/gcc/x86_64-pc-linux-gnu/8.3.0/../../../:/lib/:/usr/lib/]
  ignore line: [COLLECT_GCC_OPTIONS='-v' '-o' 'cmTC_d3765' '-L/opt/ohpc/pub/apps/cuda/11.8/Linux_x86_64/22.11/cuda/11.8/lib64' '-L/opt/ohpc/pub/apps/cuda/11.8/Linux_x86_64/22.11/math_libs/11.8/lib64' '-L/opt/ohpc/pub/apps/cuda/11.8/Linux_x86_64/22.11/comm_libs/11.8/nccl/lib' '-L/opt/ohpc/pub/apps/cuda/11.8/Linux_x86_64/22.11/comm_libs/11.8/nvshmem/lib' '-L/opt/ohpc/pub/apps/cuda/11.8/Linux_x86_64/22.11/cuda/11.8/targets/x86_64-linux/lib/stubs' '-L/opt/ohpc/pub/apps/cuda/11.8/Linux_x86_64/22.11/cuda/11.8/targets/x86_64-linux/lib' '-shared-libgcc' '-mtune=generic' '-march=x86-64']
  link line: [ /opt/ohpc/pub/compiler/gcc/8.3.0/libexec/gcc/x86_64-pc-linux-gnu/8.3.0/collect2 -plugin /opt/ohpc/pub/compiler/gcc/8.3.0/libexec/gcc/x86_64-pc-linux-gnu/8.3.0/liblto_plugin.so -plugin-opt=/opt/ohpc/pub/compiler/gcc/8.3.0/libexec/gcc/x86_64-pc-linux-gnu/8.3.0/lto-wrapper -plugin-opt=-fresolution=/tmp/ccT3Hkxg.res -plugin-opt=-pass-through=-lgcc_s -plugin-opt=-pass-through=-lgcc -plugin-opt=-pass-through=-lc -plugin-opt=-pass-through=-lgcc_s -plugin-opt=-pass-through=-lgcc --eh-frame-hdr -m elf_x86_64 -dynamic-linker /lib64/ld-linux-x86-64.so.2 -o cmTC_d3765 /lib/../lib64/crt1.o /lib/../lib64/crti.o /opt/ohpc/pub/compiler/gcc/8.3.0/lib/gcc/x86_64-pc-linux-gnu/8.3.0/crtbegin.o -L/opt/ohpc/pub/apps/cuda/11.8/Linux_x86_64/22.11/cuda/11.8/lib64 -L/opt/ohpc/pub/apps/cuda/11.8/Linux_x86_64/22.11/math_libs/11.8/lib64 -L/opt/ohpc/pub/apps/cuda/11.8/Linux_x86_64/22.11/comm_libs/11.8/nccl/lib -L/opt/ohpc/pub/apps/cuda/11.8/Linux_x86_64/22.11/comm_libs/11.8/nvshmem/lib -L/opt/ohpc/pub/apps/cuda/11.8/Linux_x86_64/22.11/cuda/11.8/targets/x86_64-linux/lib/stubs -L/opt/ohpc/pub/apps/cuda/11.8/Linux_x86_64/22.11/cuda/11.8/targets/x86_64-linux/lib -L/opt/ohpc/pub/compiler/gcc/8.3.0/lib/gcc/x86_64-pc-linux-gnu/8.3.0 -L/opt/ohpc/pub/compiler/gcc/8.3.0/lib/gcc/x86_64-pc-linux-gnu/8.3.0/../../../../lib64 -L/lib/../lib64 -L/usr/lib/../lib64 -L/opt/ohpc/pub/apps/cuda/11.8/lib64 -L/opt/ohpc/pub/compiler/gcc/8.3.0/lib/gcc/x86_64-pc-linux-gnu/8.3.0/../../.. CMakeFiles/cmTC_d3765.dir/CMakeCUDACompilerABI.cu.o -lcudadevrt -lcudart_static -lcudadevrt -lcudart_static -lrt -lpthread -ldl -lstdc++ -lm -lgcc_s -lgcc -lc -lgcc_s -lgcc /opt/ohpc/pub/compiler/gcc/8.3.0/lib/gcc/x86_64-pc-linux-gnu/8.3.0/crtend.o /lib/../lib64/crtn.o]
    arg [/opt/ohpc/pub/compiler/gcc/8.3.0/libexec/gcc/x86_64-pc-linux-gnu/8.3.0/collect2] ==> ignore
    arg [-plugin] ==> ignore
    arg [/opt/ohpc/pub/compiler/gcc/8.3.0/libexec/gcc/x86_64-pc-linux-gnu/8.3.0/liblto_plugin.so] ==> ignore
    arg [-plugin-opt=/opt/ohpc/pub/compiler/gcc/8.3.0/libexec/gcc/x86_64-pc-linux-gnu/8.3.0/lto-wrapper] ==> ignore
    arg [-plugin-opt=-fresolution=/tmp/ccT3Hkxg.res] ==> ignore
    arg [-plugin-opt=-pass-through=-lgcc_s] ==> ignore
    arg [-plugin-opt=-pass-through=-lgcc] ==> ignore
    arg [-plugin-opt=-pass-through=-lc] ==> ignore
    arg [-plugin-opt=-pass-through=-lgcc_s] ==> ignore
    arg [-plugin-opt=-pass-through=-lgcc] ==> ignore
    arg [--eh-frame-hdr] ==> ignore
    arg [-m] ==> ignore
    arg [elf_x86_64] ==> ignore
    arg [-dynamic-linker] ==> ignore
    arg [/lib64/ld-linux-x86-64.so.2] ==> ignore
    arg [-o] ==> ignore
    arg [cmTC_d3765] ==> ignore
    arg [/lib/../lib64/crt1.o] ==> ignore
    arg [/lib/../lib64/crti.o] ==> ignore
    arg [/opt/ohpc/pub/compiler/gcc/8.3.0/lib/gcc/x86_64-pc-linux-gnu/8.3.0/crtbegin.o] ==> ignore
    arg [-L/opt/ohpc/pub/apps/cuda/11.8/Linux_x86_64/22.11/cuda/11.8/lib64] ==> dir [/opt/ohpc/pub/apps/cuda/11.8/Linux_x86_64/22.11/cuda/11.8/lib64]
    arg [-L/opt/ohpc/pub/apps/cuda/11.8/Linux_x86_64/22.11/math_libs/11.8/lib64] ==> dir [/opt/ohpc/pub/apps/cuda/11.8/Linux_x86_64/22.11/math_libs/11.8/lib64]
    arg [-L/opt/ohpc/pub/apps/cuda/11.8/Linux_x86_64/22.11/comm_libs/11.8/nccl/lib] ==> dir [/opt/ohpc/pub/apps/cuda/11.8/Linux_x86_64/22.11/comm_libs/11.8/nccl/lib]
    arg [-L/opt/ohpc/pub/apps/cuda/11.8/Linux_x86_64/22.11/comm_libs/11.8/nvshmem/lib] ==> dir [/opt/ohpc/pub/apps/cuda/11.8/Linux_x86_64/22.11/comm_libs/11.8/nvshmem/lib]
    arg [-L/opt/ohpc/pub/apps/cuda/11.8/Linux_x86_64/22.11/cuda/11.8/targets/x86_64-linux/lib/stubs] ==> dir [/opt/ohpc/pub/apps/cuda/11.8/Linux_x86_64/22.11/cuda/11.8/targets/x86_64-linux/lib/stubs]
    arg [-L/opt/ohpc/pub/apps/cuda/11.8/Linux_x86_64/22.11/cuda/11.8/targets/x86_64-linux/lib] ==> dir [/opt/ohpc/pub/apps/cuda/11.8/Linux_x86_64/22.11/cuda/11.8/targets/x86_64-linux/lib]
    arg [-L/opt/ohpc/pub/compiler/gcc/8.3.0/lib/gcc/x86_64-pc-linux-gnu/8.3.0] ==> dir [/opt/ohpc/pub/compiler/gcc/8.3.0/lib/gcc/x86_64-pc-linux-gnu/8.3.0]
    arg [-L/opt/ohpc/pub/compiler/gcc/8.3.0/lib/gcc/x86_64-pc-linux-gnu/8.3.0/../../../../lib64] ==> dir [/opt/ohpc/pub/compiler/gcc/8.3.0/lib/gcc/x86_64-pc-linux-gnu/8.3.0/../../../../lib64]
    arg [-L/lib/../lib64] ==> dir [/lib/../lib64]
    arg [-L/usr/lib/../lib64] ==> dir [/usr/lib/../lib64]
    arg [-L/opt/ohpc/pub/apps/cuda/11.8/lib64] ==> dir [/opt/ohpc/pub/apps/cuda/11.8/lib64]
    arg [-L/opt/ohpc/pub/compiler/gcc/8.3.0/lib/gcc/x86_64-pc-linux-gnu/8.3.0/../../..] ==> dir [/opt/ohpc/pub/compiler/gcc/8.3.0/lib/gcc/x86_64-pc-linux-gnu/8.3.0/../../..]
    arg [CMakeFiles/cmTC_d3765.dir/CMakeCUDACompilerABI.cu.o] ==> ignore
    arg [-lcudadevrt] ==> lib [cudadevrt]
    arg [-lcudart_static] ==> lib [cudart_static]
    arg [-lcudadevrt] ==> lib [cudadevrt]
    arg [-lcudart_static] ==> lib [cudart_static]
    arg [-lrt] ==> lib [rt]
    arg [-lpthread] ==> lib [pthread]
    arg [-ldl] ==> lib [dl]
    arg [-lstdc++] ==> lib [stdc++]
    arg [-lm] ==> lib [m]
    arg [-lgcc_s] ==> lib [gcc_s]
    arg [-lgcc] ==> lib [gcc]
    arg [-lc] ==> lib [c]
    arg [-lgcc_s] ==> lib [gcc_s]
    arg [-lgcc] ==> lib [gcc]
    arg [/opt/ohpc/pub/compiler/gcc/8.3.0/lib/gcc/x86_64-pc-linux-gnu/8.3.0/crtend.o] ==> ignore
    arg [/lib/../lib64/crtn.o] ==> ignore
  collapse library dir [/opt/ohpc/pub/apps/cuda/11.8/Linux_x86_64/22.11/cuda/11.8/lib64] ==> [/opt/ohpc/pub/apps/cuda/11.8/Linux_x86_64/22.11/cuda/11.8/lib64]
  collapse library dir [/opt/ohpc/pub/apps/cuda/11.8/Linux_x86_64/22.11/math_libs/11.8/lib64] ==> [/opt/ohpc/pub/apps/cuda/11.8/Linux_x86_64/22.11/math_libs/11.8/lib64]
  collapse library dir [/opt/ohpc/pub/apps/cuda/11.8/Linux_x86_64/22.11/comm_libs/11.8/nccl/lib] ==> [/opt/ohpc/pub/apps/cuda/11.8/Linux_x86_64/22.11/comm_libs/11.8/nccl/lib]
  collapse library dir [/opt/ohpc/pub/apps/cuda/11.8/Linux_x86_64/22.11/comm_libs/11.8/nvshmem/lib] ==> [/opt/ohpc/pub/apps/cuda/11.8/Linux_x86_64/22.11/comm_libs/11.8/nvshmem/lib]
  collapse library dir [/opt/ohpc/pub/apps/cuda/11.8/Linux_x86_64/22.11/cuda/11.8/targets/x86_64-linux/lib/stubs] ==> [/opt/ohpc/pub/apps/cuda/11.8/Linux_x86_64/22.11/cuda/11.8/targets/x86_64-linux/lib/stubs]
  collapse library dir [/opt/ohpc/pub/apps/cuda/11.8/Linux_x86_64/22.11/cuda/11.8/targets/x86_64-linux/lib] ==> [/opt/ohpc/pub/apps/cuda/11.8/Linux_x86_64/22.11/cuda/11.8/targets/x86_64-linux/lib]
  collapse library dir [/opt/ohpc/pub/compiler/gcc/8.3.0/lib/gcc/x86_64-pc-linux-gnu/8.3.0] ==> [/opt/ohpc/pub/compiler/gcc/8.3.0/lib/gcc/x86_64-pc-linux-gnu/8.3.0]
  collapse library dir [/opt/ohpc/pub/compiler/gcc/8.3.0/lib/gcc/x86_64-pc-linux-gnu/8.3.0/../../../../lib64] ==> [/opt/ohpc/pub/compiler/gcc/8.3.0/lib64]
  collapse library dir [/lib/../lib64] ==> [/lib64]
  collapse library dir [/usr/lib/../lib64] ==> [/usr/lib64]
  collapse library dir [/opt/ohpc/pub/apps/cuda/11.8/lib64] ==> [/opt/ohpc/pub/apps/cuda/11.8/lib64]
  collapse library dir [/opt/ohpc/pub/compiler/gcc/8.3.0/lib/gcc/x86_64-pc-linux-gnu/8.3.0/../../..] ==> [/opt/ohpc/pub/compiler/gcc/8.3.0/lib]
  implicit libs: [cudadevrt;cudart_static;cudadevrt;cudart_static;rt;pthread;dl;stdc++;m;gcc_s;gcc;c;gcc_s;gcc]
  implicit dirs: [/opt/ohpc/pub/apps/cuda/11.8/Linux_x86_64/22.11/cuda/11.8/lib64;/opt/ohpc/pub/apps/cuda/11.8/Linux_x86_64/22.11/math_libs/11.8/lib64;/opt/ohpc/pub/apps/cuda/11.8/Linux_x86_64/22.11/comm_libs/11.8/nccl/lib;/opt/ohpc/pub/apps/cuda/11.8/Linux_x86_64/22.11/comm_libs/11.8/nvshmem/lib;/opt/ohpc/pub/apps/cuda/11.8/Linux_x86_64/22.11/cuda/11.8/targets/x86_64-linux/lib/stubs;/opt/ohpc/pub/apps/cuda/11.8/Linux_x86_64/22.11/cuda/11.8/targets/x86_64-linux/lib;/opt/ohpc/pub/compiler/gcc/8.3.0/lib/gcc/x86_64-pc-linux-gnu/8.3.0;/opt/ohpc/pub/compiler/gcc/8.3.0/lib64;/lib64;/usr/lib64;/opt/ohpc/pub/apps/cuda/11.8/lib64;/opt/ohpc/pub/compiler/gcc/8.3.0/lib]
  implicit fwks: []


